#
# There is insufficient memory for the Java Runtime Environment to continue.
# Native memory allocation (malloc) failed to allocate 1388816 bytes. Error detail: Chunk::new
# Possible reasons:
#   The system is out of physical RAM or swap space
#   This process is running with CompressedOops enabled, and the Java Heap may be blocking the growth of the native heap
# Possible solutions:
#   Reduce memory load on the system
#   Increase physical memory or swap space
#   Check if swap backing store is full
#   Decrease Java heap size (-Xmx/-Xms)
#   Decrease number of Java threads
#   Decrease Java thread stack sizes (-Xss)
#   Set larger code cache with -XX:ReservedCodeCacheSize=
#   JVM is running with Unscaled Compressed Oops mode in which the Java heap is
#     placed in the first 4GB address space. The Java Heap base address is the
#     maximum limit for the native heap growth. Please use -XX:HeapBaseMinAddress
#     to set the Java Heap base and to place the Java Heap above 4GB virtual address.
# This output file may be truncated or incomplete.
#
#  Out of Memory Error (arena.cpp:168), pid=7372, tid=26412
#
# JRE version: OpenJDK Runtime Environment Temurin-21.0.9+10 (21.0.9+10) (build 21.0.9+10-LTS)
# Java VM: OpenJDK 64-Bit Server VM Temurin-21.0.9+10 (21.0.9+10-LTS, mixed mode, sharing, tiered, compressed oops, compressed class ptrs, parallel gc, windows-amd64)
# No core dump will be written. Minidumps are not enabled by default on client versions of Windows
#

---------------  S U M M A R Y ------------

Command Line: --add-modules=ALL-SYSTEM --add-opens=java.base/java.util=ALL-UNNAMED --add-opens=java.base/java.lang=ALL-UNNAMED --add-opens=java.base/sun.nio.fs=ALL-UNNAMED -Declipse.application=org.eclipse.jdt.ls.core.id1 -Dosgi.bundles.defaultStartLevel=4 -Declipse.product=org.eclipse.jdt.ls.core.product -Djava.import.generatesMetadataFilesAtProjectRoot=false -DDetectVMInstallationsJob.disabled=true -Dfile.encoding=utf8 -XX:+UseParallelGC -XX:GCTimeRatio=4 -XX:AdaptiveSizePolicyWeight=90 -Dsun.zip.disableMemoryMapping=true -Xmx2G -Xms100m -Xlog:disable -javaagent:c:\Users\sinha\.vscode\extensions\redhat.java-1.50.0-win32-x64\lombok\lombok-1.18.39-4050.jar -XX:+HeapDumpOnOutOfMemoryError -XX:HeapDumpPath=c:\Users\sinha\AppData\Roaming\Code\User\workspaceStorage\e2c8a529bdc3df820550f1f817b46aa4\redhat.java -Daether.dependencyCollector.impl=bf c:\Users\sinha\.vscode\extensions\redhat.java-1.50.0-win32-x64\server\plugins\org.eclipse.equinox.launcher_1.7.100.v20251111-0406.jar -configuration c:\Users\sinha\AppData\Roaming\Code\User\globalStorage\redhat.java\1.50.0\config_win -data c:\Users\sinha\AppData\Roaming\Code\User\workspaceStorage\e2c8a529bdc3df820550f1f817b46aa4\redhat.java\jdt_ws --pipe=\\.\pipe\lsp-2b16a92dfb1bcc9e88eb40b390045fba-sock

Host: AMD Ryzen 5 3500U with Radeon Vega Mobile Gfx  , 8 cores, 5G,  Windows 11 , 64 bit Build 26100 (10.0.26100.7019)
Time: Fri Dec  5 18:03:26 2025 India Standard Time elapsed time: 95.014881 seconds (0d 0h 1m 35s)

---------------  T H R E A D  ---------------

Current thread (0x0000025829d9c7b0):  JavaThread "C2 CompilerThread0" daemon [_thread_in_native, id=26412, stack(0x000000bd32000000,0x000000bd32100000) (1024K)]


Current CompileTask:
C2:95015 14278       4       org.eclipse.jdt.internal.core.search.indexing.BinaryIndexer::extractReferenceFromConstantPool (358 bytes)

Stack: [0x000000bd32000000,0x000000bd32100000]
Native frames: (J=compiled Java code, j=interpreted, Vv=VM code, C=native code)
V  [jvm.dll+0x6d6e29]
V  [jvm.dll+0x8b4b76]
V  [jvm.dll+0x8b712e]
V  [jvm.dll+0x8b7813]
V  [jvm.dll+0x283d86]
V  [jvm.dll+0xc66ed]
V  [jvm.dll+0xc6c31]
V  [jvm.dll+0x3be501]
V  [jvm.dll+0x38ab92]
V  [jvm.dll+0x389fda]
V  [jvm.dll+0x24bfa0]
V  [jvm.dll+0x24b580]
V  [jvm.dll+0x1cb13e]
V  [jvm.dll+0x25b29d]
V  [jvm.dll+0x25982a]
V  [jvm.dll+0x3f7ea6]
V  [jvm.dll+0x85e9ad]
V  [jvm.dll+0x6d565d]
C  [ucrtbase.dll+0x37b0]
C  [KERNEL32.DLL+0x2e8d7]
C  [ntdll.dll+0x8c53c]


---------------  P R O C E S S  ---------------

Threads class SMR info:
_java_thread_list=0x00000258737135f0, length=57, elements={
0x000002581135d880, 0x0000025829d8dde0, 0x0000025829d910c0, 0x0000025829d967b0,
0x0000025829d94350, 0x0000025829d98f20, 0x0000025829d99970, 0x0000025829d9c7b0,
0x0000025829dc3ac0, 0x000002586c955000, 0x000002586ca7b4d0, 0x0000025871885620,
0x000002587184f400, 0x0000025871848f70, 0x00000258718495d0, 0x0000025871c160b0,
0x0000025871dc87e0, 0x0000025871b26f70, 0x0000025871b27600, 0x0000025871b27c90,
0x0000025871b28320, 0x0000025871b268e0, 0x0000025871b289b0, 0x0000025871b29d60,
0x0000025871b296d0, 0x000002587569e5e0, 0x000002587569cba0, 0x000002587569d230,
0x000002587569ec70, 0x000002587569b7f0, 0x000002587569df50, 0x000002587569c510,
0x000002587569f300, 0x000002587569be80, 0x000002587569f990, 0x00000258756a0020,
0x00000258756a06b0, 0x00000258756a0d40, 0x00000258714af010, 0x00000258714af6a0,
0x00000258714afd30, 0x00000258714ac8b0, 0x00000258714b31b0, 0x00000258714b1e00,
0x00000258714b3840, 0x00000258714b2490, 0x00000258714b1770, 0x00000258714b10e0,
0x00000258714b2b20, 0x00000258714b03c0, 0x00000258714b3ed0, 0x00000258756a2e10,
0x00000258719c1850, 0x00000258719c1ee0, 0x00000258719c2570, 0x00000258719c04a0,
0x0000025874072890
}

Java Threads: ( => current thread )
  0x000002581135d880 JavaThread "main"                              [_thread_blocked, id=23460, stack(0x000000bd31600000,0x000000bd31700000) (1024K)]
  0x0000025829d8dde0 JavaThread "Reference Handler"          daemon [_thread_blocked, id=16092, stack(0x000000bd31a00000,0x000000bd31b00000) (1024K)]
  0x0000025829d910c0 JavaThread "Finalizer"                  daemon [_thread_blocked, id=14020, stack(0x000000bd31b00000,0x000000bd31c00000) (1024K)]
  0x0000025829d967b0 JavaThread "Signal Dispatcher"          daemon [_thread_blocked, id=27200, stack(0x000000bd31c00000,0x000000bd31d00000) (1024K)]
  0x0000025829d94350 JavaThread "Attach Listener"            daemon [_thread_blocked, id=11556, stack(0x000000bd31d00000,0x000000bd31e00000) (1024K)]
  0x0000025829d98f20 JavaThread "Service Thread"             daemon [_thread_blocked, id=13960, stack(0x000000bd31e00000,0x000000bd31f00000) (1024K)]
  0x0000025829d99970 JavaThread "Monitor Deflation Thread"   daemon [_thread_blocked, id=27560, stack(0x000000bd31f00000,0x000000bd32000000) (1024K)]
=>0x0000025829d9c7b0 JavaThread "C2 CompilerThread0"         daemon [_thread_in_native, id=26412, stack(0x000000bd32000000,0x000000bd32100000) (1024K)]
  0x0000025829dc3ac0 JavaThread "C1 CompilerThread0"         daemon [_thread_in_native, id=13932, stack(0x000000bd32100000,0x000000bd32200000) (1024K)]
  0x000002586c955000 JavaThread "Common-Cleaner"             daemon [_thread_blocked, id=9684, stack(0x000000bd32200000,0x000000bd32300000) (1024K)]
  0x000002586ca7b4d0 JavaThread "Notification Thread"        daemon [_thread_blocked, id=25224, stack(0x000000bd32300000,0x000000bd32400000) (1024K)]
  0x0000025871885620 JavaThread "Active Thread: Equinox Container: ada7af91-fd23-4e85-9762-c26a6f76304b"        [_thread_blocked, id=24244, stack(0x000000bd32b00000,0x000000bd32c00000) (1024K)]
  0x000002587184f400 JavaThread "Refresh Thread: Equinox Container: ada7af91-fd23-4e85-9762-c26a6f76304b" daemon [_thread_blocked, id=25552, stack(0x000000bd32c00000,0x000000bd32d00000) (1024K)]
  0x0000025871848f70 JavaThread "Framework Event Dispatcher: Equinox Container: ada7af91-fd23-4e85-9762-c26a6f76304b" daemon [_thread_blocked, id=2536, stack(0x000000bd32e00000,0x000000bd32f00000) (1024K)]
  0x00000258718495d0 JavaThread "Start Level: Equinox Container: ada7af91-fd23-4e85-9762-c26a6f76304b" daemon [_thread_blocked, id=2528, stack(0x000000bd32f00000,0x000000bd33000000) (1024K)]
  0x0000025871c160b0 JavaThread "Bundle File Closer"         daemon [_thread_blocked, id=25808, stack(0x000000bd33000000,0x000000bd33100000) (1024K)]
  0x0000025871dc87e0 JavaThread "SCR Component Actor"        daemon [_thread_blocked, id=23672, stack(0x000000bd33100000,0x000000bd33200000) (1024K)]
  0x0000025871b26f70 JavaThread "Worker-JM"                         [_thread_blocked, id=9076, stack(0x000000bd32400000,0x000000bd32500000) (1024K)]
  0x0000025871b27600 JavaThread "Worker-0"                          [_thread_blocked, id=15920, stack(0x000000bd33200000,0x000000bd33300000) (1024K)]
  0x0000025871b27c90 JavaThread "Worker-1"                          [_thread_blocked, id=8180, stack(0x000000bd33300000,0x000000bd33400000) (1024K)]
  0x0000025871b28320 JavaThread "Java indexing"              daemon [_thread_in_Java, id=12580, stack(0x000000bd33500000,0x000000bd33600000) (1024K)]
  0x0000025871b268e0 JavaThread "Worker-2: Java indexing... "        [_thread_blocked, id=6384, stack(0x000000bd33600000,0x000000bd33700000) (1024K)]
  0x0000025871b289b0 JavaThread "Worker-3"                          [_thread_blocked, id=3712, stack(0x000000bd33700000,0x000000bd33800000) (1024K)]
  0x0000025871b29d60 JavaThread "JNA Cleaner"                daemon [_thread_blocked, id=23568, stack(0x000000bd33800000,0x000000bd33900000) (1024K)]
  0x0000025871b296d0 JavaThread "Worker-4"                          [_thread_blocked, id=19640, stack(0x000000bd33b00000,0x000000bd33c00000) (1024K)]
  0x000002587569e5e0 JavaThread "Worker-5"                          [_thread_blocked, id=28284, stack(0x000000bd33c00000,0x000000bd33d00000) (1024K)]
  0x000002587569cba0 JavaThread "Thread-1"                   daemon [_thread_in_native, id=24564, stack(0x000000bd33d00000,0x000000bd33e00000) (1024K)]
  0x000002587569d230 JavaThread "Thread-2"                   daemon [_thread_in_native, id=24880, stack(0x000000bd33e00000,0x000000bd33f00000) (1024K)]
  0x000002587569ec70 JavaThread "Thread-3"                   daemon [_thread_in_native, id=17160, stack(0x000000bd33f00000,0x000000bd34000000) (1024K)]
  0x000002587569b7f0 JavaThread "Thread-4"                   daemon [_thread_in_native, id=20292, stack(0x000000bd34000000,0x000000bd34100000) (1024K)]
  0x000002587569df50 JavaThread "Thread-5"                   daemon [_thread_in_native, id=28476, stack(0x000000bd34100000,0x000000bd34200000) (1024K)]
  0x000002587569c510 JavaThread "Thread-6"                   daemon [_thread_in_native, id=26076, stack(0x000000bd34200000,0x000000bd34300000) (1024K)]
  0x000002587569f300 JavaThread "Thread-7"                   daemon [_thread_in_native, id=18848, stack(0x000000bd34300000,0x000000bd34400000) (1024K)]
  0x000002587569be80 JavaThread "Thread-8"                   daemon [_thread_in_native, id=10120, stack(0x000000bd34400000,0x000000bd34500000) (1024K)]
  0x000002587569f990 JavaThread "Thread-9"                   daemon [_thread_in_native, id=13048, stack(0x000000bd34500000,0x000000bd34600000) (1024K)]
  0x00000258756a0020 JavaThread "pool-2-thread-1"                   [_thread_blocked, id=23812, stack(0x000000bd34600000,0x000000bd34700000) (1024K)]
  0x00000258756a06b0 JavaThread "WorkspaceEventsHandler"            [_thread_blocked, id=1548, stack(0x000000bd34700000,0x000000bd34800000) (1024K)]
  0x00000258756a0d40 JavaThread "pool-1-thread-1"                   [_thread_blocked, id=6044, stack(0x000000bd34800000,0x000000bd34900000) (1024K)]
  0x00000258714af010 JavaThread "ForkJoinPool.commonPool-worker-1" daemon [_thread_blocked, id=27032, stack(0x000000bd31300000,0x000000bd31400000) (1024K)]
  0x00000258714af6a0 JavaThread "Worker-6"                          [_thread_blocked, id=26096, stack(0x000000bd31400000,0x000000bd31500000) (1024K)]
  0x00000258714afd30 JavaThread "Compiler Source File Reader" daemon [_thread_blocked, id=16812, stack(0x000000bd31500000,0x000000bd31600000) (1024K)]
  0x00000258714ac8b0 JavaThread "Compiler Processing Task"   daemon [_thread_blocked, id=7780, stack(0x000000bd33400000,0x000000bd33500000) (1024K)]
  0x00000258714b31b0 JavaThread "Compiler Class File Writer" daemon [_thread_blocked, id=14704, stack(0x000000bd34a00000,0x000000bd34b00000) (1024K)]
  0x00000258714b1e00 JavaThread "Compiler Source File Reader" daemon [_thread_blocked, id=27280, stack(0x000000bd34b00000,0x000000bd34c00000) (1024K)]
  0x00000258714b3840 JavaThread "Compiler Class File Writer" daemon [_thread_blocked, id=7108, stack(0x000000bd34c00000,0x000000bd34d00000) (1024K)]
  0x00000258714b2490 JavaThread "Compiler Source File Reader" daemon [_thread_blocked, id=7576, stack(0x000000bd34d00000,0x000000bd34e00000) (1024K)]
  0x00000258714b1770 JavaThread "Compiler Source File Reader" daemon [_thread_blocked, id=26616, stack(0x000000bd34e00000,0x000000bd34f00000) (1024K)]
  0x00000258714b10e0 JavaThread "Compiler Class File Writer" daemon [_thread_blocked, id=14384, stack(0x000000bd34f00000,0x000000bd35000000) (1024K)]
  0x00000258714b2b20 JavaThread "Compiler Class File Writer" daemon [_thread_blocked, id=15672, stack(0x000000bd35000000,0x000000bd35100000) (1024K)]
  0x00000258714b03c0 JavaThread "LocalFile Deleter"          daemon [_thread_blocked, id=9724, stack(0x000000bd35200000,0x000000bd35300000) (1024K)]
  0x00000258714b3ed0 JavaThread "LocalFile Deleter"          daemon [_thread_blocked, id=11228, stack(0x000000bd35300000,0x000000bd35400000) (1024K)]
  0x00000258756a2e10 JavaThread "LocalFile Deleter"          daemon [_thread_blocked, id=14612, stack(0x000000bd35400000,0x000000bd35500000) (1024K)]
  0x00000258719c1850 JavaThread "Compiler Source File Reader" daemon [_thread_blocked, id=15100, stack(0x000000bd35500000,0x000000bd35600000) (1024K)]
  0x00000258719c1ee0 JavaThread "Compiler Class File Writer" daemon [_thread_blocked, id=9820, stack(0x000000bd35600000,0x000000bd35700000) (1024K)]
  0x00000258719c2570 JavaThread "Compiler Source File Reader" daemon [_thread_blocked, id=15080, stack(0x000000bd35700000,0x000000bd35800000) (1024K)]
  0x00000258719c04a0 JavaThread "Compiler Class File Writer" daemon [_thread_blocked, id=26128, stack(0x000000bd35800000,0x000000bd35900000) (1024K)]
  0x0000025874072890 JavaThread "C2 CompilerThread1"         daemon [_thread_in_vm, id=19704, stack(0x000000bd35100000,0x000000bd35200000) (1024K)]
Total: 57

Other Threads:
  0x0000025829d72870 VMThread "VM Thread"                           [id=26052, stack(0x000000bd31900000,0x000000bd31a00000) (1024K)]
  0x0000025829caca10 WatcherThread "VM Periodic Task Thread"        [id=5952, stack(0x000000bd31800000,0x000000bd31900000) (1024K)]
  0x000002581137ce70 WorkerThread "GC Thread#0"                     [id=17612, stack(0x000000bd31700000,0x000000bd31800000) (1024K)]
  0x00000258716d8740 WorkerThread "GC Thread#1"                     [id=4948, stack(0x000000bd32500000,0x000000bd32600000) (1024K)]
  0x00000258716dd220 WorkerThread "GC Thread#2"                     [id=20884, stack(0x000000bd32600000,0x000000bd32700000) (1024K)]
  0x00000258716dd5c0 WorkerThread "GC Thread#3"                     [id=6584, stack(0x000000bd32700000,0x000000bd32800000) (1024K)]
  0x00000258716dd960 WorkerThread "GC Thread#4"                     [id=10292, stack(0x000000bd32800000,0x000000bd32900000) (1024K)]
  0x0000025871529f70 WorkerThread "GC Thread#5"                     [id=18972, stack(0x000000bd32900000,0x000000bd32a00000) (1024K)]
  0x000002587152a310 WorkerThread "GC Thread#6"                     [id=9300, stack(0x000000bd32a00000,0x000000bd32b00000) (1024K)]
  0x000002587124e430 WorkerThread "GC Thread#7"                     [id=24724, stack(0x000000bd32d00000,0x000000bd32e00000) (1024K)]
Total: 10

Threads with active compile tasks:
C2 CompilerThread0  95053 14278       4       org.eclipse.jdt.internal.core.search.indexing.BinaryIndexer::extractReferenceFromConstantPool (358 bytes)
C2 CompilerThread1  95053 14282   !   4       org.eclipse.jdt.internal.compiler.classfmt.ClassFileReader::<init> (1968 bytes)
Total: 2

VM state: not at safepoint (normal execution)

VM Mutex/Monitor currently owned by a thread: None

Heap address: 0x0000000080000000, size: 2048 MB, Compressed Oops mode: 32-bit

CDS archive(s) mapped at: [0x000002582a000000-0x000002582aba0000-0x000002582aba0000), size 12189696, SharedBaseAddress: 0x000002582a000000, ArchiveRelocationMode: 1.
Compressed class space mapped at: 0x000002582b000000-0x000002586b000000, reserved size: 1073741824
Narrow klass base: 0x000002582a000000, Narrow klass shift: 0, Narrow klass range: 0x100000000

GC Precious Log:
 CardTable entry size: 512
 CPUs: 8 total, 8 available
 Memory: 6030M
 Large Page Support: Disabled
 NUMA Support: Disabled
 Compressed Oops: Enabled (32-bit)
 Alignments: Space 512K, Generation 512K, Heap 2M
 Heap Min Capacity: 100M
 Heap Initial Capacity: 100M
 Heap Max Capacity: 2G
 Pre-touch: Disabled
 Parallel Workers: 8

Heap:
 PSYoungGen      total 19456K, used 14934K [0x00000000d5580000, 0x00000000d6f00000, 0x0000000100000000)
  eden space 17920K, 74% used [0x00000000d5580000,0x00000000d62970f0,0x00000000d6700000)
  from space 1536K, 99% used [0x00000000d6a80000,0x00000000d6bfe8d8,0x00000000d6c00000)
  to   space 3584K, 0% used [0x00000000d6700000,0x00000000d6700000,0x00000000d6a80000)
 ParOldGen       total 92160K, used 89092K [0x0000000080000000, 0x0000000085a00000, 0x00000000d5580000)
  object space 92160K, 96% used [0x0000000080000000,0x0000000085701148,0x0000000085a00000)
 Metaspace       used 71739K, committed 73280K, reserved 1114112K
  class space    used 7692K, committed 8320K, reserved 1048576K

Card table byte_map: [0x0000025825110000,0x0000025825520000] _byte_map_base: 0x0000025824d10000

Marking Bits: (ParMarkBitMap*) 0x00007fffd2b72460
 Begin Bits: [0x00000258257d0000, 0x00000258277d0000)
 End Bits:   [0x00000258277d0000, 0x00000258297d0000)

Polling page: 0x0000025811630000

Metaspace:

Usage:
  Non-class:     62.55 MB used.
      Class:      7.51 MB used.
       Both:     70.06 MB used.

Virtual space:
  Non-class space:       64.00 MB reserved,      63.44 MB (>99%) committed,  1 nodes.
      Class space:        1.00 GB reserved,       8.12 MB ( <1%) committed,  1 nodes.
             Both:        1.06 GB reserved,      71.56 MB (  7%) committed. 

Chunk freelists:
   Non-Class:  45.00 KB
       Class:  7.70 MB
        Both:  7.75 MB

MaxMetaspaceSize: unlimited
CompressedClassSpaceSize: 1.00 GB
Initial GC threshold: 21.00 MB
Current GC threshold: 97.31 MB
CDS: on
 - commit_granule_bytes: 65536.
 - commit_granule_words: 8192.
 - virtual_space_node_default_size: 8388608.
 - enlarge_chunks_in_place: 1.
 - use_allocation_guard: 0.


Internal statistics:

num_allocs_failed_limit: 9.
num_arena_births: 1248.
num_arena_deaths: 46.
num_vsnodes_births: 2.
num_vsnodes_deaths: 0.
num_space_committed: 1145.
num_space_uncommitted: 0.
num_chunks_returned_to_freelist: 70.
num_chunks_taken_from_freelist: 4476.
num_chunk_merges: 21.
num_chunk_splits: 2702.
num_chunks_enlarged: 1515.
num_inconsistent_stats: 0.

CodeHeap 'non-profiled nmethods': size=120000Kb used=8724Kb max_used=8724Kb free=111275Kb
 bounds [0x000002581da00000, 0x000002581e290000, 0x0000025824f30000]
CodeHeap 'profiled nmethods': size=120000Kb used=30641Kb max_used=30641Kb free=89358Kb
 bounds [0x0000025815f30000, 0x0000025817d20000, 0x000002581d460000]
CodeHeap 'non-nmethods': size=5760Kb used=1479Kb max_used=1560Kb free=4280Kb
 bounds [0x000002581d460000, 0x000002581d6d0000, 0x000002581da00000]
CodeCache: size=245760Kb, used=40844Kb, max_used=40925Kb, free=204913Kb
 total_blobs=14412, nmethods=13618, adapters=699, full_count=0
Compilation: enabled, stopped_count=0, restarted_count=0

Compilation events (20 events):
Event: 93.627 Thread 0x0000025829d9c7b0 14278       4       org.eclipse.jdt.internal.core.search.indexing.BinaryIndexer::extractReferenceFromConstantPool (358 bytes)
Event: 93.628 Thread 0x0000025829dc3ac0 14279       3       org.eclipse.jdt.internal.core.index.Index::containerRelativePath (54 bytes)
Event: 93.629 Thread 0x0000025829dc3ac0 nmethod 14279 0x0000025817cff690 code [0x0000025817cff8c0, 0x0000025817cfff90]
Event: 93.853 Thread 0x0000025829dc3ac0 14281   !   3       org.eclipse.jdt.internal.core.search.indexing.AddJrtToIndex$JrtIndexer::visitFile (133 bytes)
Event: 93.862 Thread 0x0000025829dc3ac0 nmethod 14281 0x0000025817d00290 code [0x0000025817d00980, 0x0000025817d04ef0]
Event: 93.862 Thread 0x0000025829dc3ac0 14283       3       org.eclipse.jdt.internal.core.search.indexing.BinaryContainer::isIdentifier (52 bytes)
Event: 93.862 Thread 0x0000025829dc3ac0 nmethod 14283 0x0000025817d06d90 code [0x0000025817d06f60, 0x0000025817d07260]
Event: 93.862 Thread 0x0000025829dc3ac0 14284   !   3       org.eclipse.jdt.internal.core.search.indexing.BinaryContainer::$SWITCH_TABLE$org$eclipse$jdt$internal$compiler$parser$TerminalToken (2080 bytes)
Event: 93.872 Thread 0x0000025829dc3ac0 nmethod 14284 0x0000025817d07410 code [0x0000025817d07a60, 0x0000025817d0bd98]
Event: 94.009 Thread 0x0000025829dc3ac0 14286       3       java.lang.AbstractStringBuilder::getChars (69 bytes)
Event: 94.010 Thread 0x0000025829dc3ac0 nmethod 14286 0x0000025817d0d990 code [0x0000025817d0dba0, 0x0000025817d0e0e0]
Event: 94.015 Thread 0x0000025829dc3ac0 14287       3       org.eclipse.jdt.internal.compiler.classfmt.InnerClassInfo::getModifiers (23 bytes)
Event: 94.015 Thread 0x0000025829dc3ac0 nmethod 14287 0x0000025817d0e310 code [0x0000025817d0e4c0, 0x0000025817d0e748]
Event: 94.062 Thread 0x0000025829dc3ac0 14288       3       org.eclipse.jdt.internal.core.search.matching.MethodDeclarationPattern::getTypeErasure (122 bytes)
Event: 94.062 Thread 0x0000025829dc3ac0 nmethod 14288 0x0000025817d0e890 code [0x0000025817d0eaa0, 0x0000025817d0f130]
Event: 94.067 Thread 0x0000025829dc3ac0 14289       3       java.lang.StringBuilder::getChars (10 bytes)
Event: 94.067 Thread 0x0000025829dc3ac0 nmethod 14289 0x0000025817d0f390 code [0x0000025817d0f540, 0x0000025817d0f680]
Event: 94.069 Thread 0x0000025829dc3ac0 14290       3       org.eclipse.jdt.internal.compiler.classfmt.MethodInfo::decodeAnnotations (69 bytes)
Event: 94.070 Thread 0x0000025829dc3ac0 nmethod 14290 0x0000025817d0f710 code [0x0000025817d0f8e0, 0x0000025817d0fda0]
Event: 94.070 Thread 0x0000025829dc3ac0 14291       3       org.eclipse.jdt.internal.compiler.classfmt.MethodInfoWithAnnotations::<init> (90 bytes)

GC Heap History (20 events):
Event: 71.899 GC heap before
{Heap before GC invocations=102 (full 3):
 PSYoungGen      total 19968K, used 19738K [0x00000000d5580000, 0x00000000d6a80000, 0x0000000100000000)
  eden space 18944K, 100% used [0x00000000d5580000,0x00000000d6800000,0x00000000d6800000)
  from space 1024K, 77% used [0x00000000d6980000,0x00000000d6a46948,0x00000000d6a80000)
  to   space 1024K, 0% used [0x00000000d6800000,0x00000000d6800000,0x00000000d6900000)
 ParOldGen       total 68608K, used 53274K [0x0000000080000000, 0x0000000084300000, 0x00000000d5580000)
  object space 68608K, 77% used [0x0000000080000000,0x0000000083406810,0x0000000084300000)
 Metaspace       used 68401K, committed 69824K, reserved 1114112K
  class space    used 7384K, committed 8000K, reserved 1048576K
}
Event: 71.902 GC heap after
{Heap after GC invocations=102 (full 3):
 PSYoungGen      total 19968K, used 1024K [0x00000000d5580000, 0x00000000d6c00000, 0x0000000100000000)
  eden space 18944K, 0% used [0x00000000d5580000,0x00000000d5580000,0x00000000d6800000)
  from space 1024K, 100% used [0x00000000d6800000,0x00000000d6900000,0x00000000d6900000)
  to   space 2048K, 0% used [0x00000000d6a00000,0x00000000d6a00000,0x00000000d6c00000)
 ParOldGen       total 68608K, used 53957K [0x0000000080000000, 0x0000000084300000, 0x00000000d5580000)
  object space 68608K, 78% used [0x0000000080000000,0x00000000834b15b0,0x0000000084300000)
 Metaspace       used 68401K, committed 69824K, reserved 1114112K
  class space    used 7384K, committed 8000K, reserved 1048576K
}
Event: 73.760 GC heap before
{Heap before GC invocations=103 (full 3):
 PSYoungGen      total 19968K, used 19967K [0x00000000d5580000, 0x00000000d6c00000, 0x0000000100000000)
  eden space 18944K, 99% used [0x00000000d5580000,0x00000000d67fffe0,0x00000000d6800000)
  from space 1024K, 100% used [0x00000000d6800000,0x00000000d6900000,0x00000000d6900000)
  to   space 2048K, 0% used [0x00000000d6a00000,0x00000000d6a00000,0x00000000d6c00000)
 ParOldGen       total 68608K, used 53957K [0x0000000080000000, 0x0000000084300000, 0x00000000d5580000)
  object space 68608K, 78% used [0x0000000080000000,0x00000000834b15b0,0x0000000084300000)
 Metaspace       used 69464K, committed 70912K, reserved 1114112K
  class space    used 7481K, committed 8128K, reserved 1048576K
}
Event: 73.763 GC heap after
{Heap after GC invocations=103 (full 3):
 PSYoungGen      total 20992K, used 1714K [0x00000000d5580000, 0x00000000d6c00000, 0x0000000100000000)
  eden space 18944K, 0% used [0x00000000d5580000,0x00000000d5580000,0x00000000d6800000)
  from space 2048K, 83% used [0x00000000d6a00000,0x00000000d6bac990,0x00000000d6c00000)
  to   space 2048K, 0% used [0x00000000d6800000,0x00000000d6800000,0x00000000d6a00000)
 ParOldGen       total 68608K, used 54461K [0x0000000080000000, 0x0000000084300000, 0x00000000d5580000)
  object space 68608K, 79% used [0x0000000080000000,0x000000008352f5b0,0x0000000084300000)
 Metaspace       used 69464K, committed 70912K, reserved 1114112K
  class space    used 7481K, committed 8128K, reserved 1048576K
}
Event: 74.616 GC heap before
{Heap before GC invocations=104 (full 3):
 PSYoungGen      total 20992K, used 20658K [0x00000000d5580000, 0x00000000d6c00000, 0x0000000100000000)
  eden space 18944K, 100% used [0x00000000d5580000,0x00000000d6800000,0x00000000d6800000)
  from space 2048K, 83% used [0x00000000d6a00000,0x00000000d6bac990,0x00000000d6c00000)
  to   space 2048K, 0% used [0x00000000d6800000,0x00000000d6800000,0x00000000d6a00000)
 ParOldGen       total 68608K, used 54461K [0x0000000080000000, 0x0000000084300000, 0x00000000d5580000)
  object space 68608K, 79% used [0x0000000080000000,0x000000008352f5b0,0x0000000084300000)
 Metaspace       used 69604K, committed 71040K, reserved 1114112K
  class space    used 7486K, committed 8128K, reserved 1048576K
}
Event: 74.623 GC heap after
{Heap after GC invocations=104 (full 3):
 PSYoungGen      total 20992K, used 2048K [0x00000000d5580000, 0x00000000d7100000, 0x0000000100000000)
  eden space 18944K, 0% used [0x00000000d5580000,0x00000000d5580000,0x00000000d6800000)
  from space 2048K, 100% used [0x00000000d6800000,0x00000000d6a00000,0x00000000d6a00000)
  to   space 4608K, 0% used [0x00000000d6c80000,0x00000000d6c80000,0x00000000d7100000)
 ParOldGen       total 68608K, used 56210K [0x0000000080000000, 0x0000000084300000, 0x00000000d5580000)
  object space 68608K, 81% used [0x0000000080000000,0x00000000836e4b60,0x0000000084300000)
 Metaspace       used 69604K, committed 71040K, reserved 1114112K
  class space    used 7486K, committed 8128K, reserved 1048576K
}
Event: 76.046 GC heap before
{Heap before GC invocations=105 (full 3):
 PSYoungGen      total 20992K, used 20992K [0x00000000d5580000, 0x00000000d7100000, 0x0000000100000000)
  eden space 18944K, 100% used [0x00000000d5580000,0x00000000d6800000,0x00000000d6800000)
  from space 2048K, 100% used [0x00000000d6800000,0x00000000d6a00000,0x00000000d6a00000)
  to   space 4608K, 0% used [0x00000000d6c80000,0x00000000d6c80000,0x00000000d7100000)
 ParOldGen       total 68608K, used 56210K [0x0000000080000000, 0x0000000084300000, 0x00000000d5580000)
  object space 68608K, 81% used [0x0000000080000000,0x00000000836e4b60,0x0000000084300000)
 Metaspace       used 69639K, committed 71104K, reserved 1114112K
  class space    used 7486K, committed 8128K, reserved 1048576K
}
Event: 76.051 GC heap after
{Heap after GC invocations=105 (full 3):
 PSYoungGen      total 20992K, used 1856K [0x00000000d5580000, 0x00000000d6e80000, 0x0000000100000000)
  eden space 18944K, 0% used [0x00000000d5580000,0x00000000d5580000,0x00000000d6800000)
  from space 2048K, 90% used [0x00000000d6c80000,0x00000000d6e50000,0x00000000d6e80000)
  to   space 2560K, 0% used [0x00000000d6980000,0x00000000d6980000,0x00000000d6c00000)
 ParOldGen       total 68608K, used 58213K [0x0000000080000000, 0x0000000084300000, 0x00000000d5580000)
  object space 68608K, 84% used [0x0000000080000000,0x00000000838d97e0,0x0000000084300000)
 Metaspace       used 69639K, committed 71104K, reserved 1114112K
  class space    used 7486K, committed 8128K, reserved 1048576K
}
Event: 80.389 GC heap before
{Heap before GC invocations=106 (full 3):
 PSYoungGen      total 20992K, used 20800K [0x00000000d5580000, 0x00000000d6e80000, 0x0000000100000000)
  eden space 18944K, 100% used [0x00000000d5580000,0x00000000d6800000,0x00000000d6800000)
  from space 2048K, 90% used [0x00000000d6c80000,0x00000000d6e50000,0x00000000d6e80000)
  to   space 2560K, 0% used [0x00000000d6980000,0x00000000d6980000,0x00000000d6c00000)
 ParOldGen       total 68608K, used 58213K [0x0000000080000000, 0x0000000084300000, 0x00000000d5580000)
  object space 68608K, 84% used [0x0000000080000000,0x00000000838d97e0,0x0000000084300000)
 Metaspace       used 69693K, committed 71104K, reserved 1114112K
  class space    used 7486K, committed 8128K, reserved 1048576K
}
Event: 80.399 GC heap after
{Heap after GC invocations=106 (full 3):
 PSYoungGen      total 20992K, used 1824K [0x00000000d5580000, 0x00000000d6d00000, 0x0000000100000000)
  eden space 18944K, 0% used [0x00000000d5580000,0x00000000d5580000,0x00000000d6800000)
  from space 2048K, 89% used [0x00000000d6980000,0x00000000d6b48000,0x00000000d6b80000)
  to   space 1536K, 0% used [0x00000000d6b80000,0x00000000d6b80000,0x00000000d6d00000)
 ParOldGen       total 68608K, used 59825K [0x0000000080000000, 0x0000000084300000, 0x00000000d5580000)
  object space 68608K, 87% used [0x0000000080000000,0x0000000083a6c420,0x0000000084300000)
 Metaspace       used 69693K, committed 71104K, reserved 1114112K
  class space    used 7486K, committed 8128K, reserved 1048576K
}
Event: 81.109 GC heap before
{Heap before GC invocations=107 (full 3):
 PSYoungGen      total 20992K, used 20768K [0x00000000d5580000, 0x00000000d6d00000, 0x0000000100000000)
  eden space 18944K, 100% used [0x00000000d5580000,0x00000000d6800000,0x00000000d6800000)
  from space 2048K, 89% used [0x00000000d6980000,0x00000000d6b48000,0x00000000d6b80000)
  to   space 1536K, 0% used [0x00000000d6b80000,0x00000000d6b80000,0x00000000d6d00000)
 ParOldGen       total 68608K, used 59825K [0x0000000080000000, 0x0000000084300000, 0x00000000d5580000)
  object space 68608K, 87% used [0x0000000080000000,0x0000000083a6c420,0x0000000084300000)
 Metaspace       used 69729K, committed 71168K, reserved 1114112K
  class space    used 7486K, committed 8128K, reserved 1048576K
}
Event: 81.113 GC heap after
{Heap after GC invocations=107 (full 3):
 PSYoungGen      total 20480K, used 1264K [0x00000000d5580000, 0x00000000d6d00000, 0x0000000100000000)
  eden space 18944K, 0% used [0x00000000d5580000,0x00000000d5580000,0x00000000d6800000)
  from space 1536K, 82% used [0x00000000d6b80000,0x00000000d6cbc010,0x00000000d6d00000)
  to   space 1536K, 0% used [0x00000000d6a00000,0x00000000d6a00000,0x00000000d6b80000)
 ParOldGen       total 68608K, used 61387K [0x0000000080000000, 0x0000000084300000, 0x00000000d5580000)
  object space 68608K, 89% used [0x0000000080000000,0x0000000083bf2d70,0x0000000084300000)
 Metaspace       used 69729K, committed 71168K, reserved 1114112K
  class space    used 7486K, committed 8128K, reserved 1048576K
}
Event: 88.005 GC heap before
{Heap before GC invocations=108 (full 3):
 PSYoungGen      total 20480K, used 20208K [0x00000000d5580000, 0x00000000d6d00000, 0x0000000100000000)
  eden space 18944K, 100% used [0x00000000d5580000,0x00000000d6800000,0x00000000d6800000)
  from space 1536K, 82% used [0x00000000d6b80000,0x00000000d6cbc010,0x00000000d6d00000)
  to   space 1536K, 0% used [0x00000000d6a00000,0x00000000d6a00000,0x00000000d6b80000)
 ParOldGen       total 68608K, used 61387K [0x0000000080000000, 0x0000000084300000, 0x00000000d5580000)
  object space 68608K, 89% used [0x0000000080000000,0x0000000083bf2d70,0x0000000084300000)
 Metaspace       used 69959K, committed 71360K, reserved 1114112K
  class space    used 7512K, committed 8128K, reserved 1048576K
}
Event: 88.010 GC heap after
{Heap after GC invocations=108 (full 3):
 PSYoungGen      total 20480K, used 1200K [0x00000000d5580000, 0x00000000d6c00000, 0x0000000100000000)
  eden space 18944K, 0% used [0x00000000d5580000,0x00000000d5580000,0x00000000d6800000)
  from space 1536K, 78% used [0x00000000d6a00000,0x00000000d6b2c030,0x00000000d6b80000)
  to   space 512K, 0% used [0x00000000d6b80000,0x00000000d6b80000,0x00000000d6c00000)
 ParOldGen       total 68608K, used 62363K [0x0000000080000000, 0x0000000084300000, 0x00000000d5580000)
  object space 68608K, 90% used [0x0000000080000000,0x0000000083ce6d70,0x0000000084300000)
 Metaspace       used 69959K, committed 71360K, reserved 1114112K
  class space    used 7512K, committed 8128K, reserved 1048576K
}
Event: 88.648 GC heap before
{Heap before GC invocations=109 (full 3):
 PSYoungGen      total 20480K, used 20144K [0x00000000d5580000, 0x00000000d6c00000, 0x0000000100000000)
  eden space 18944K, 100% used [0x00000000d5580000,0x00000000d6800000,0x00000000d6800000)
  from space 1536K, 78% used [0x00000000d6a00000,0x00000000d6b2c030,0x00000000d6b80000)
  to   space 512K, 0% used [0x00000000d6b80000,0x00000000d6b80000,0x00000000d6c00000)
 ParOldGen       total 92160K, used 85403K [0x0000000080000000, 0x0000000085a00000, 0x00000000d5580000)
  object space 92160K, 92% used [0x0000000080000000,0x0000000085366d90,0x0000000085a00000)
 Metaspace       used 70346K, committed 71808K, reserved 1114112K
  class space    used 7546K, committed 8192K, reserved 1048576K
}
Event: 88.650 GC heap after
{Heap after GC invocations=109 (full 3):
 PSYoungGen      total 19456K, used 485K [0x00000000d5580000, 0x00000000d6c00000, 0x0000000100000000)
  eden space 18944K, 0% used [0x00000000d5580000,0x00000000d5580000,0x00000000d6800000)
  from space 512K, 94% used [0x00000000d6b80000,0x00000000d6bf9420,0x00000000d6c00000)
  to   space 1536K, 0% used [0x00000000d6900000,0x00000000d6900000,0x00000000d6a80000)
 ParOldGen       total 92160K, used 86223K [0x0000000080000000, 0x0000000085a00000, 0x00000000d5580000)
  object space 92160K, 93% used [0x0000000080000000,0x0000000085433da0,0x0000000085a00000)
 Metaspace       used 70346K, committed 71808K, reserved 1114112K
  class space    used 7546K, committed 8192K, reserved 1048576K
}
Event: 90.314 GC heap before
{Heap before GC invocations=110 (full 3):
 PSYoungGen      total 19456K, used 19429K [0x00000000d5580000, 0x00000000d6c00000, 0x0000000100000000)
  eden space 18944K, 100% used [0x00000000d5580000,0x00000000d6800000,0x00000000d6800000)
  from space 512K, 94% used [0x00000000d6b80000,0x00000000d6bf9420,0x00000000d6c00000)
  to   space 1536K, 0% used [0x00000000d6900000,0x00000000d6900000,0x00000000d6a80000)
 ParOldGen       total 92160K, used 86223K [0x0000000080000000, 0x0000000085a00000, 0x00000000d5580000)
  object space 92160K, 93% used [0x0000000080000000,0x0000000085433da0,0x0000000085a00000)
 Metaspace       used 71364K, committed 72896K, reserved 1114112K
  class space    used 7679K, committed 8320K, reserved 1048576K
}
Event: 90.318 GC heap after
{Heap after GC invocations=110 (full 3):
 PSYoungGen      total 20480K, used 1528K [0x00000000d5580000, 0x00000000d6c00000, 0x0000000100000000)
  eden space 18944K, 0% used [0x00000000d5580000,0x00000000d5580000,0x00000000d6800000)
  from space 1536K, 99% used [0x00000000d6900000,0x00000000d6a7e300,0x00000000d6a80000)
  to   space 1536K, 0% used [0x00000000d6a80000,0x00000000d6a80000,0x00000000d6c00000)
 ParOldGen       total 92160K, used 87457K [0x0000000080000000, 0x0000000085a00000, 0x00000000d5580000)
  object space 92160K, 94% used [0x0000000080000000,0x00000000855686d0,0x0000000085a00000)
 Metaspace       used 71364K, committed 72896K, reserved 1114112K
  class space    used 7679K, committed 8320K, reserved 1048576K
}
Event: 91.797 GC heap before
{Heap before GC invocations=111 (full 3):
 PSYoungGen      total 20480K, used 20465K [0x00000000d5580000, 0x00000000d6c00000, 0x0000000100000000)
  eden space 18944K, 99% used [0x00000000d5580000,0x00000000d67fe418,0x00000000d6800000)
  from space 1536K, 99% used [0x00000000d6900000,0x00000000d6a7e300,0x00000000d6a80000)
  to   space 1536K, 0% used [0x00000000d6a80000,0x00000000d6a80000,0x00000000d6c00000)
 ParOldGen       total 92160K, used 87457K [0x0000000080000000, 0x0000000085a00000, 0x00000000d5580000)
  object space 92160K, 94% used [0x0000000080000000,0x00000000855686d0,0x0000000085a00000)
 Metaspace       used 71544K, committed 73088K, reserved 1114112K
  class space    used 7683K, committed 8320K, reserved 1048576K
}
Event: 91.801 GC heap after
{Heap after GC invocations=111 (full 3):
 PSYoungGen      total 19456K, used 1530K [0x00000000d5580000, 0x00000000d6f00000, 0x0000000100000000)
  eden space 17920K, 0% used [0x00000000d5580000,0x00000000d5580000,0x00000000d6700000)
  from space 1536K, 99% used [0x00000000d6a80000,0x00000000d6bfe8d8,0x00000000d6c00000)
  to   space 3584K, 0% used [0x00000000d6700000,0x00000000d6700000,0x00000000d6a80000)
 ParOldGen       total 92160K, used 89092K [0x0000000080000000, 0x0000000085a00000, 0x00000000d5580000)
  object space 92160K, 96% used [0x0000000080000000,0x0000000085701148,0x0000000085a00000)
 Metaspace       used 71544K, committed 73088K, reserved 1114112K
  class space    used 7683K, committed 8320K, reserved 1048576K
}

Dll operation events (14 events):
Event: 0.017 Loaded shared library c:\Users\sinha\.vscode\extensions\redhat.java-1.50.0-win32-x64\jre\21.0.9-win32-x86_64\bin\java.dll
Event: 0.219 Loaded shared library c:\Users\sinha\.vscode\extensions\redhat.java-1.50.0-win32-x64\jre\21.0.9-win32-x86_64\bin\zip.dll
Event: 0.281 Loaded shared library C:\Users\sinha\.vscode\extensions\redhat.java-1.50.0-win32-x64\jre\21.0.9-win32-x86_64\bin\instrument.dll
Event: 0.307 Loaded shared library C:\Users\sinha\.vscode\extensions\redhat.java-1.50.0-win32-x64\jre\21.0.9-win32-x86_64\bin\net.dll
Event: 0.311 Loaded shared library C:\Users\sinha\.vscode\extensions\redhat.java-1.50.0-win32-x64\jre\21.0.9-win32-x86_64\bin\nio.dll
Event: 0.319 Loaded shared library C:\Users\sinha\.vscode\extensions\redhat.java-1.50.0-win32-x64\jre\21.0.9-win32-x86_64\bin\zip.dll
Event: 0.353 Loaded shared library C:\Users\sinha\.vscode\extensions\redhat.java-1.50.0-win32-x64\jre\21.0.9-win32-x86_64\bin\jimage.dll
Event: 0.522 Loaded shared library c:\Users\sinha\.vscode\extensions\redhat.java-1.50.0-win32-x64\jre\21.0.9-win32-x86_64\bin\verify.dll
Event: 2.395 Loaded shared library C:\Users\sinha\AppData\Roaming\Code\User\globalStorage\redhat.java\1.50.0\config_win\org.eclipse.equinox.launcher\org.eclipse.equinox.launcher.win32.win32.x86_64_1.2.1400.v20250801-0854\eclipse_11916.dll
Event: 4.394 Loaded shared library C:\Users\sinha\.vscode\extensions\redhat.java-1.50.0-win32-x64\jre\21.0.9-win32-x86_64\bin\management.dll
Event: 4.399 Loaded shared library C:\Users\sinha\.vscode\extensions\redhat.java-1.50.0-win32-x64\jre\21.0.9-win32-x86_64\bin\management_ext.dll
Event: 7.104 Loaded shared library C:\Users\sinha\AppData\Local\Temp\jna-109442001\jna14275495129390346895.dll
Event: 8.228 Loaded shared library C:\Users\sinha\.vscode\extensions\redhat.java-1.50.0-win32-x64\jre\21.0.9-win32-x86_64\bin\sunmscapi.dll
Event: 8.438 Loaded shared library C:\Users\sinha\.vscode\extensions\redhat.java-1.50.0-win32-x64\jre\21.0.9-win32-x86_64\bin\extnet.dll

Deoptimization events (20 events):
Event: 91.477 Thread 0x0000025871b27600 Uncommon trap: trap_request=0xffffffde fr.pc=0x000002581e010190 relative=0x0000000000000070
Event: 91.477 Thread 0x0000025871b27600 Uncommon trap: reason=class_check action=maybe_recompile pc=0x000002581e010190 method=java.nio.file.Files$AcceptAllFilter.accept(Ljava/lang/Object;)Z @ 2 c2
Event: 91.477 Thread 0x0000025871b27600 DEOPT PACKING pc=0x000002581e010190 sp=0x000000bd332fddf0
Event: 91.477 Thread 0x0000025871b27600 DEOPT UNPACKING pc=0x000002581d4b3aa2 sp=0x000000bd332fdd78 mode 2
Event: 91.698 Thread 0x0000025871b27600 Uncommon trap: trap_request=0xffffff76 fr.pc=0x000002581e230cc4 relative=0x0000000000001284
Event: 91.698 Thread 0x0000025871b27600 Uncommon trap: reason=predicate action=maybe_recompile pc=0x000002581e230cc4 method=java.util.TimSort.reverseRange([Ljava/lang/Object;II)V @ 5 c2
Event: 91.699 Thread 0x0000025871b27600 DEOPT PACKING pc=0x000002581e230cc4 sp=0x000000bd332fdc10
Event: 91.699 Thread 0x0000025871b27600 DEOPT UNPACKING pc=0x000002581d4b3aa2 sp=0x000000bd332fdac0 mode 2
Event: 92.545 Thread 0x0000025871b28320 DEOPT PACKING pc=0x0000025817c0de82 sp=0x000000bd335fe6c0
Event: 92.545 Thread 0x0000025871b28320 DEOPT UNPACKING pc=0x000002581d4b4242 sp=0x000000bd335fdb10 mode 0
Event: 93.627 Thread 0x0000025871b28320 DEOPT PACKING pc=0x0000025817c1d903 sp=0x000000bd335fe5e0
Event: 93.627 Thread 0x0000025871b28320 DEOPT UNPACKING pc=0x000002581d4b4242 sp=0x000000bd335fdb48 mode 0
Event: 93.855 Thread 0x0000025871b28320 DEOPT PACKING pc=0x0000025817b7be32 sp=0x000000bd335fe5b0
Event: 93.855 Thread 0x0000025871b28320 DEOPT UNPACKING pc=0x000002581d4b4242 sp=0x000000bd335fdb28 mode 0
Event: 93.997 Thread 0x0000025871b28320 DEOPT PACKING pc=0x0000025817c1d883 sp=0x000000bd335fe470
Event: 93.997 Thread 0x0000025871b28320 DEOPT UNPACKING pc=0x000002581d4b4242 sp=0x000000bd335fd9d8 mode 0
Event: 94.036 Thread 0x0000025871b28320 DEOPT PACKING pc=0x0000025817b7be32 sp=0x000000bd335fe440
Event: 94.036 Thread 0x0000025871b28320 DEOPT UNPACKING pc=0x000002581d4b4242 sp=0x000000bd335fd9b8 mode 0
Event: 94.062 Thread 0x0000025871b28320 DEOPT PACKING pc=0x0000025817c0af11 sp=0x000000bd335fe330
Event: 94.062 Thread 0x0000025871b28320 DEOPT UNPACKING pc=0x000002581d4b4242 sp=0x000000bd335fd728 mode 0

Classes loaded (20 events):
Event: 83.016 Loading class java/io/ObjectStreamClass$DeserializationConstructorsCache$Key$Lookup
Event: 83.016 Loading class java/io/ObjectStreamClass$DeserializationConstructorsCache$Key
Event: 83.016 Loading class java/io/ObjectStreamClass$DeserializationConstructorsCache$Key done
Event: 83.016 Loading class java/io/ObjectStreamClass$DeserializationConstructorsCache$Key$Lookup done
Event: 83.074 Loading class java/lang/invoke/BoundMethodHandle$Species_LIL
Event: 83.074 Loading class java/lang/invoke/BoundMethodHandle$Species_LIL done
Event: 83.120 Loading class java/io/ObjectStreamClass$DeserializationConstructorsCache$Key$Impl
Event: 83.121 Loading class java/io/ObjectStreamClass$DeserializationConstructorsCache$Key$Impl done
Event: 88.626 Loading class java/nio/BufferMismatch
Event: 88.626 Loading class java/nio/BufferMismatch done
Event: 90.096 Loading class org/xml/sax/SAXNotRecognizedException
Event: 90.096 Loading class org/xml/sax/SAXNotRecognizedException done
Event: 90.096 Loading class org/xml/sax/SAXNotSupportedException
Event: 90.096 Loading class org/xml/sax/SAXNotSupportedException done
Event: 90.098 Loading class com/sun/org/apache/xerces/internal/util/URI
Event: 90.101 Loading class com/sun/org/apache/xerces/internal/util/URI done
Event: 90.102 Loading class com/sun/org/apache/xerces/internal/xni/XNIException
Event: 90.104 Loading class com/sun/org/apache/xerces/internal/xni/XNIException done
Event: 90.109 Loading class com/sun/org/apache/xerces/internal/xni/parser/XMLParseException
Event: 90.109 Loading class com/sun/org/apache/xerces/internal/xni/parser/XMLParseException done

Classes unloaded (20 events):
Event: 5.833 Thread 0x0000025829d72870 Unloading class 0x000002582b1a8000 'java/lang/invoke/LambdaForm$MH+0x000002582b1a8000'
Event: 5.833 Thread 0x0000025829d72870 Unloading class 0x000002582b1a7c00 'java/lang/invoke/LambdaForm$BMH+0x000002582b1a7c00'
Event: 5.833 Thread 0x0000025829d72870 Unloading class 0x000002582b1a7800 'java/lang/invoke/LambdaForm$DMH+0x000002582b1a7800'
Event: 5.833 Thread 0x0000025829d72870 Unloading class 0x000002582b1a6400 'java/lang/invoke/LambdaForm$DMH+0x000002582b1a6400'
Event: 7.488 Thread 0x0000025829d72870 Unloading class 0x000002582b2f0800 'java/lang/invoke/LambdaForm$MH+0x000002582b2f0800'
Event: 7.488 Thread 0x0000025829d72870 Unloading class 0x000002582b2efc00 'java/lang/invoke/LambdaForm$MH+0x000002582b2efc00'
Event: 7.488 Thread 0x0000025829d72870 Unloading class 0x000002582b2ef800 'java/lang/invoke/LambdaForm$MH+0x000002582b2ef800'
Event: 7.488 Thread 0x0000025829d72870 Unloading class 0x000002582b2eec00 'java/lang/invoke/LambdaForm$MH+0x000002582b2eec00'
Event: 7.488 Thread 0x0000025829d72870 Unloading class 0x000002582b2ee800 'java/lang/invoke/LambdaForm$DMH+0x000002582b2ee800'
Event: 7.488 Thread 0x0000025829d72870 Unloading class 0x000002582b2edc00 'java/lang/invoke/LambdaForm$MH+0x000002582b2edc00'
Event: 7.488 Thread 0x0000025829d72870 Unloading class 0x000002582b2e9800 'java/lang/invoke/LambdaForm$MH+0x000002582b2e9800'
Event: 7.488 Thread 0x0000025829d72870 Unloading class 0x000002582b2e9000 'java/lang/invoke/LambdaForm$MH+0x000002582b2e9000'
Event: 7.488 Thread 0x0000025829d72870 Unloading class 0x000002582b2e8800 'java/lang/invoke/LambdaForm$MH+0x000002582b2e8800'
Event: 7.488 Thread 0x0000025829d72870 Unloading class 0x000002582b2e8400 'java/lang/invoke/LambdaForm$MH+0x000002582b2e8400'
Event: 7.488 Thread 0x0000025829d72870 Unloading class 0x000002582b2e1800 'java/lang/invoke/LambdaForm$MH+0x000002582b2e1800'
Event: 7.488 Thread 0x0000025829d72870 Unloading class 0x000002582b2e1000 'java/lang/invoke/LambdaForm$MH+0x000002582b2e1000'
Event: 46.928 Thread 0x0000025829d72870 Unloading class 0x000002582b675000 'java/lang/invoke/LambdaForm$DMH+0x000002582b675000'
Event: 46.928 Thread 0x0000025829d72870 Unloading class 0x000002582b674c00 'java/lang/invoke/LambdaForm$DMH+0x000002582b674c00'
Event: 46.928 Thread 0x0000025829d72870 Unloading class 0x000002582b674800 'java/lang/invoke/LambdaForm$DMH+0x000002582b674800'
Event: 46.928 Thread 0x0000025829d72870 Unloading class 0x000002582b674400 'java/lang/invoke/LambdaForm$DMH+0x000002582b674400'

Classes redefined (0 events):
No events

Internal exceptions (20 events):
Event: 91.459 Thread 0x0000025871b27600 Exception <a 'java/io/IOException'{0x00000000d6195098}> (0x00000000d6195098) 
thrown [s\src\hotspot\share\prims\jni.cpp, line 520]
Event: 91.476 Thread 0x0000025871b27600 Exception <a 'sun/nio/fs/WindowsException'{0x00000000d61c8228}> (0x00000000d61c8228) 
thrown [s\src\hotspot\share\prims\jni.cpp, line 520]
Event: 91.477 Thread 0x00000258714b03c0 Exception <a 'sun/nio/fs/WindowsException'{0x00000000d5c09fd8}> (0x00000000d5c09fd8) 
thrown [s\src\hotspot\share\prims\jni.cpp, line 520]
Event: 91.478 Thread 0x00000258714b03c0 Exception <a 'sun/nio/fs/WindowsException'{0x00000000d5c0b010}> (0x00000000d5c0b010) 
thrown [s\src\hotspot\share\prims\jni.cpp, line 520]
Event: 91.730 Thread 0x0000025871b27600 Exception <a 'sun/nio/fs/WindowsException'{0x00000000d66f93a0}> (0x00000000d66f93a0) 
thrown [s\src\hotspot\share\prims\jni.cpp, line 520]
Event: 91.730 Thread 0x0000025871b27600 Exception <a 'sun/nio/fs/WindowsException'{0x00000000d66f9ac8}> (0x00000000d66f9ac8) 
thrown [s\src\hotspot\share\prims\jni.cpp, line 520]
Event: 91.731 Thread 0x0000025871b27600 Exception <a 'java/io/IOException'{0x00000000d670d950}> (0x00000000d670d950) 
thrown [s\src\hotspot\share\prims\jni.cpp, line 520]
Event: 91.732 Thread 0x0000025871b27600 Exception <a 'java/io/IOException'{0x00000000d6725928}> (0x00000000d6725928) 
thrown [s\src\hotspot\share\prims\jni.cpp, line 520]
Event: 92.013 Thread 0x0000025871b27600 Exception <a 'java/io/IOException'{0x00000000d5742f60}> (0x00000000d5742f60) 
thrown [s\src\hotspot\share\prims\jni.cpp, line 520]
Event: 92.014 Thread 0x0000025871b27600 Exception <a 'java/io/IOException'{0x00000000d575f090}> (0x00000000d575f090) 
thrown [s\src\hotspot\share\prims\jni.cpp, line 520]
Event: 92.216 Thread 0x0000025871b27600 Exception <a 'java/io/IOException'{0x00000000d5855eb0}> (0x00000000d5855eb0) 
thrown [s\src\hotspot\share\prims\jni.cpp, line 520]
Event: 92.217 Thread 0x0000025871b27600 Exception <a 'java/io/IOException'{0x00000000d5870ec8}> (0x00000000d5870ec8) 
thrown [s\src\hotspot\share\prims\jni.cpp, line 520]
Event: 92.237 Thread 0x0000025871b27600 Exception <a 'java/io/IOException'{0x00000000d58aa098}> (0x00000000d58aa098) 
thrown [s\src\hotspot\share\prims\jni.cpp, line 520]
Event: 92.240 Thread 0x0000025871b27600 Exception <a 'java/io/IOException'{0x00000000d58ceb98}> (0x00000000d58ceb98) 
thrown [s\src\hotspot\share\prims\jni.cpp, line 520]
Event: 92.246 Thread 0x0000025871b27600 Exception <a 'java/io/IOException'{0x00000000d58f0c68}> (0x00000000d58f0c68) 
thrown [s\src\hotspot\share\prims\jni.cpp, line 520]
Event: 92.247 Thread 0x0000025871b27600 Exception <a 'java/io/IOException'{0x00000000d5902200}> (0x00000000d5902200) 
thrown [s\src\hotspot\share\prims\jni.cpp, line 520]
Event: 92.252 Thread 0x0000025871b27600 Exception <a 'java/io/IOException'{0x00000000d590c358}> (0x00000000d590c358) 
thrown [s\src\hotspot\share\prims\jni.cpp, line 520]
Event: 92.253 Thread 0x0000025871b27600 Exception <a 'java/io/IOException'{0x00000000d591d430}> (0x00000000d591d430) 
thrown [s\src\hotspot\share\prims\jni.cpp, line 520]
Event: 92.281 Thread 0x0000025871b27600 Exception <a 'java/io/IOException'{0x00000000d5921768}> (0x00000000d5921768) 
thrown [s\src\hotspot\share\prims\jni.cpp, line 520]
Event: 92.286 Thread 0x0000025871b27600 Exception <a 'java/io/IOException'{0x00000000d59344c0}> (0x00000000d59344c0) 
thrown [s\src\hotspot\share\prims\jni.cpp, line 520]

ZGC Phase Switch (0 events):
No events

VM Operations (20 events):
Event: 90.036 Executing VM operation: HandshakeAllThreads (Deoptimize) done
Event: 90.092 Executing VM operation: HandshakeAllThreads (Deoptimize)
Event: 90.092 Executing VM operation: HandshakeAllThreads (Deoptimize) done
Event: 90.108 Executing VM operation: HandshakeAllThreads (Deoptimize)
Event: 90.109 Executing VM operation: HandshakeAllThreads (Deoptimize) done
Event: 90.115 Executing VM operation: HandshakeAllThreads (Deoptimize)
Event: 90.130 Executing VM operation: HandshakeAllThreads (Deoptimize) done
Event: 90.149 Executing VM operation: HandshakeAllThreads (Deoptimize)
Event: 90.162 Executing VM operation: HandshakeAllThreads (Deoptimize) done
Event: 90.314 Executing VM operation: ParallelGCFailedAllocation (Allocation Failure)
Event: 90.318 Executing VM operation: ParallelGCFailedAllocation (Allocation Failure) done
Event: 91.318 Executing VM operation: Cleanup
Event: 91.318 Executing VM operation: Cleanup done
Event: 91.779 Executing VM operation: ParallelGCFailedAllocation (Allocation Failure)
Event: 91.801 Executing VM operation: ParallelGCFailedAllocation (Allocation Failure) done
Event: 92.801 Executing VM operation: Cleanup
Event: 92.802 Executing VM operation: Cleanup done
Event: 93.805 Executing VM operation: Cleanup
Event: 93.854 Executing VM operation: Cleanup done
Event: 94.856 Executing VM operation: Cleanup

Memory protections (0 events):
No events

Nmethod flushes (20 events):
Event: 46.979 Thread 0x0000025829d72870 flushing  nmethod 0x0000025816783790
Event: 46.979 Thread 0x0000025829d72870 flushing  nmethod 0x0000025816783c90
Event: 46.979 Thread 0x0000025829d72870 flushing  nmethod 0x0000025816784390
Event: 46.979 Thread 0x0000025829d72870 flushing  nmethod 0x0000025816784790
Event: 46.979 Thread 0x0000025829d72870 flushing  nmethod 0x0000025816784b10
Event: 46.979 Thread 0x0000025829d72870 flushing  nmethod 0x0000025816785090
Event: 46.979 Thread 0x0000025829d72870 flushing  nmethod 0x0000025816785490
Event: 46.979 Thread 0x0000025829d72870 flushing  nmethod 0x0000025816785f90
Event: 46.979 Thread 0x0000025829d72870 flushing  nmethod 0x0000025816786510
Event: 46.979 Thread 0x0000025829d72870 flushing  nmethod 0x0000025816786890
Event: 46.979 Thread 0x0000025829d72870 flushing  nmethod 0x0000025816790090
Event: 46.979 Thread 0x0000025829d72870 flushing  nmethod 0x0000025816792b90
Event: 46.979 Thread 0x0000025829d72870 flushing  nmethod 0x0000025816793190
Event: 46.979 Thread 0x0000025829d72870 flushing  nmethod 0x00000258167b8010
Event: 46.979 Thread 0x0000025829d72870 flushing  nmethod 0x00000258167cd110
Event: 46.979 Thread 0x0000025829d72870 flushing  nmethod 0x00000258167d4e10
Event: 46.979 Thread 0x0000025829d72870 flushing  nmethod 0x00000258167dbf90
Event: 46.979 Thread 0x0000025829d72870 flushing  nmethod 0x00000258167dc590
Event: 46.979 Thread 0x0000025829d72870 flushing osr nmethod 0x00000258167e0c90
Event: 46.979 Thread 0x0000025829d72870 flushing  nmethod 0x00000258167f9d10

Events (20 events):
Event: 87.969 Thread 0x000002587569e5e0 Thread added: 0x00000258756a2e10
Event: 87.969 Thread 0x000002587569e5e0 Thread added: 0x00000258756c5940
Event: 87.969 Thread 0x000002587569e5e0 Thread added: 0x00000258756c80a0
Event: 88.376 Thread 0x00000258714b03c0 Thread exited: 0x00000258714b03c0
Event: 88.376 Thread 0x00000258756c5940 Thread exited: 0x00000258756c5940
Event: 88.376 Thread 0x00000258756c80a0 Thread exited: 0x00000258756c80a0
Event: 88.380 Thread 0x00000258714b3ed0 Thread exited: 0x00000258714b3ed0
Event: 88.381 Thread 0x00000258756a2e10 Thread exited: 0x00000258756a2e10
Event: 88.805 Thread 0x00000258727718d0 Thread exited: 0x00000258727718d0
Event: 89.840 Thread 0x0000025829dc3ac0 Thread added: 0x00000258733d8a80
Event: 91.234 Thread 0x0000025871b27600 Thread added: 0x00000258714b03c0
Event: 91.243 Thread 0x00000258714b03c0 Thread added: 0x00000258714b3ed0
Event: 91.244 Thread 0x00000258714b03c0 Thread added: 0x00000258756a2e10
Event: 91.287 Thread 0x0000025871b27600 Thread added: 0x00000258719c1850
Event: 91.289 Thread 0x00000258733d8a80 Thread exited: 0x00000258733d8a80
Event: 91.441 Thread 0x0000025829dc3ac0 Thread added: 0x0000025874072890
Event: 91.462 Thread 0x0000025871b27600 Thread added: 0x00000258719c1ee0
Event: 91.495 Thread 0x0000025871b27600 Thread added: 0x00000258719c2570
Event: 91.718 Thread 0x0000025871b27600 Thread added: 0x00000258719c04a0
Event: 93.495 Thread 0x0000025874072890 Thread exited: 0x0000025874072890


Dynamic libraries:
0x00007ff70d9f0000 - 0x00007ff70d9fe000 	c:\Users\sinha\.vscode\extensions\redhat.java-1.50.0-win32-x64\jre\21.0.9-win32-x86_64\bin\java.exe
0x00007ff86f120000 - 0x00007ff86f388000 	C:\WINDOWS\SYSTEM32\ntdll.dll
0x00007ff86e8c0000 - 0x00007ff86e989000 	C:\WINDOWS\System32\KERNEL32.DLL
0x00007ff86c5c0000 - 0x00007ff86c9b8000 	C:\WINDOWS\System32\KERNELBASE.dll
0x00007ff86c300000 - 0x00007ff86c44b000 	C:\WINDOWS\System32\ucrtbase.dll
0x00007ff85dde0000 - 0x00007ff85ddf8000 	c:\Users\sinha\.vscode\extensions\redhat.java-1.50.0-win32-x64\jre\21.0.9-win32-x86_64\bin\jli.dll
0x00007ff85f3b0000 - 0x00007ff85f3ce000 	c:\Users\sinha\.vscode\extensions\redhat.java-1.50.0-win32-x64\jre\21.0.9-win32-x86_64\bin\VCRUNTIME140.dll
0x00007ff86d390000 - 0x00007ff86d557000 	C:\WINDOWS\System32\USER32.dll
0x00007ff8566b0000 - 0x00007ff856944000 	C:\WINDOWS\WinSxS\amd64_microsoft.windows.common-controls_6595b64144ccf1df_6.0.26100.7019_none_3e06ffa0e335b8a8\COMCTL32.dll
0x00007ff86ecb0000 - 0x00007ff86ed59000 	C:\WINDOWS\System32\msvcrt.dll
0x00007ff86e5b0000 - 0x00007ff86e5db000 	C:\WINDOWS\System32\GDI32.dll
0x00007ff86ce90000 - 0x00007ff86ceb7000 	C:\WINDOWS\System32\win32u.dll
0x00007ff86ccb0000 - 0x00007ff86cddc000 	C:\WINDOWS\System32\gdi32full.dll
0x00007ff86c510000 - 0x00007ff86c5b3000 	C:\WINDOWS\System32\msvcp_win.dll
0x00007ff86f0a0000 - 0x00007ff86f0d1000 	C:\WINDOWS\System32\IMM32.DLL
0x00007ff85f480000 - 0x00007ff85f48c000 	c:\Users\sinha\.vscode\extensions\redhat.java-1.50.0-win32-x64\jre\21.0.9-win32-x86_64\bin\vcruntime140_1.dll
0x00007ff84fc10000 - 0x00007ff84fc9d000 	c:\Users\sinha\.vscode\extensions\redhat.java-1.50.0-win32-x64\jre\21.0.9-win32-x86_64\bin\msvcp140.dll
0x00007fffd1eb0000 - 0x00007fffd2c50000 	c:\Users\sinha\.vscode\extensions\redhat.java-1.50.0-win32-x64\jre\21.0.9-win32-x86_64\bin\server\jvm.dll
0x00007ff86e5f0000 - 0x00007ff86e6a4000 	C:\WINDOWS\System32\ADVAPI32.dll
0x00007ff86eb70000 - 0x00007ff86ec16000 	C:\WINDOWS\System32\sechost.dll
0x00007ff86cee0000 - 0x00007ff86cff8000 	C:\WINDOWS\System32\RPCRT4.dll
0x00007ff86d9f0000 - 0x00007ff86da64000 	C:\WINDOWS\System32\WS2_32.dll
0x00007ff86c0d0000 - 0x00007ff86c12e000 	C:\WINDOWS\SYSTEM32\POWRPROF.dll
0x00007ff865010000 - 0x00007ff86501b000 	C:\WINDOWS\SYSTEM32\VERSION.dll
0x00007ff869c60000 - 0x00007ff869c95000 	C:\WINDOWS\SYSTEM32\WINMM.dll
0x00007ff86c0b0000 - 0x00007ff86c0c4000 	C:\WINDOWS\SYSTEM32\UMPDC.dll
0x00007ff86b030000 - 0x00007ff86b04b000 	C:\WINDOWS\SYSTEM32\kernel.appcore.dll
0x00007ff85f440000 - 0x00007ff85f44a000 	c:\Users\sinha\.vscode\extensions\redhat.java-1.50.0-win32-x64\jre\21.0.9-win32-x86_64\bin\jimage.dll
0x00007ff869a10000 - 0x00007ff869c52000 	C:\WINDOWS\SYSTEM32\DBGHELP.DLL
0x00007ff86d000000 - 0x00007ff86d38b000 	C:\WINDOWS\System32\combase.dll
0x00007ff86dae0000 - 0x00007ff86dbb7000 	C:\WINDOWS\System32\OLEAUT32.dll
0x00007ff869850000 - 0x00007ff86988c000 	C:\WINDOWS\SYSTEM32\dbgcore.DLL
0x00007ff86cde0000 - 0x00007ff86ce85000 	C:\WINDOWS\System32\bcryptPrimitives.dll
0x00007ff85f420000 - 0x00007ff85f42f000 	c:\Users\sinha\.vscode\extensions\redhat.java-1.50.0-win32-x64\jre\21.0.9-win32-x86_64\bin\instrument.dll
0x00007ff85d710000 - 0x00007ff85d730000 	c:\Users\sinha\.vscode\extensions\redhat.java-1.50.0-win32-x64\jre\21.0.9-win32-x86_64\bin\java.dll
0x00007ff86dbc0000 - 0x00007ff86e30f000 	C:\WINDOWS\System32\SHELL32.dll
0x00007ff86c9c0000 - 0x00007ff86cb2b000 	C:\WINDOWS\System32\wintypes.dll
0x00007ff869ed0000 - 0x00007ff86a72d000 	C:\WINDOWS\SYSTEM32\windows.storage.dll
0x00007ff86e7b0000 - 0x00007ff86e8a2000 	C:\WINDOWS\System32\SHCORE.dll
0x00007ff86e320000 - 0x00007ff86e387000 	C:\WINDOWS\System32\shlwapi.dll
0x00007ff86c190000 - 0x00007ff86c1b9000 	C:\WINDOWS\SYSTEM32\profapi.dll
0x00007ff85d6f0000 - 0x00007ff85d708000 	c:\Users\sinha\.vscode\extensions\redhat.java-1.50.0-win32-x64\jre\21.0.9-win32-x86_64\bin\zip.dll
0x00007ff85f040000 - 0x00007ff85f050000 	C:\Users\sinha\.vscode\extensions\redhat.java-1.50.0-win32-x64\jre\21.0.9-win32-x86_64\bin\net.dll
0x00007ff863990000 - 0x00007ff863ab8000 	C:\WINDOWS\SYSTEM32\WINHTTP.dll
0x00007ff86b5a0000 - 0x00007ff86b60b000 	C:\WINDOWS\system32\mswsock.dll
0x00007ff85d6d0000 - 0x00007ff85d6e6000 	C:\Users\sinha\.vscode\extensions\redhat.java-1.50.0-win32-x64\jre\21.0.9-win32-x86_64\bin\nio.dll
0x00007ff85e5d0000 - 0x00007ff85e5e0000 	c:\Users\sinha\.vscode\extensions\redhat.java-1.50.0-win32-x64\jre\21.0.9-win32-x86_64\bin\verify.dll
0x00007ff84fbc0000 - 0x00007ff84fc04000 	C:\Users\sinha\AppData\Roaming\Code\User\globalStorage\redhat.java\1.50.0\config_win\org.eclipse.equinox.launcher\org.eclipse.equinox.launcher.win32.win32.x86_64_1.2.1400.v20250801-0854\eclipse_11916.dll
0x00007ff86e410000 - 0x00007ff86e5a7000 	C:\WINDOWS\System32\ole32.dll
0x00007ff85bf30000 - 0x00007ff85bf3a000 	C:\Users\sinha\.vscode\extensions\redhat.java-1.50.0-win32-x64\jre\21.0.9-win32-x86_64\bin\management.dll
0x00007ff85bf20000 - 0x00007ff85bf2c000 	C:\Users\sinha\.vscode\extensions\redhat.java-1.50.0-win32-x64\jre\21.0.9-win32-x86_64\bin\management_ext.dll
0x00007ff86e5e0000 - 0x00007ff86e5e8000 	C:\WINDOWS\System32\PSAPI.DLL
0x00007ff86b860000 - 0x00007ff86b87b000 	C:\WINDOWS\SYSTEM32\CRYPTSP.dll
0x00007ff86af90000 - 0x00007ff86afca000 	C:\WINDOWS\system32\rsaenh.dll
0x00007ff86b650000 - 0x00007ff86b67b000 	C:\WINDOWS\SYSTEM32\USERENV.dll
0x00007ff86c160000 - 0x00007ff86c18a000 	C:\WINDOWS\SYSTEM32\bcrypt.dll
0x00007ff86b880000 - 0x00007ff86b88c000 	C:\WINDOWS\SYSTEM32\CRYPTBASE.dll
0x00007ff86aa90000 - 0x00007ff86aac4000 	C:\WINDOWS\SYSTEM32\IPHLPAPI.DLL
0x00007ff86e8b0000 - 0x00007ff86e8ba000 	C:\WINDOWS\System32\NSI.dll
0x00007ff84d7f0000 - 0x00007ff84d839000 	C:\Users\sinha\AppData\Local\Temp\jna-109442001\jna14275495129390346895.dll
0x00007ff8637a0000 - 0x00007ff8637be000 	C:\WINDOWS\SYSTEM32\dhcpcsvc6.DLL
0x00007ff863590000 - 0x00007ff8635b3000 	C:\WINDOWS\SYSTEM32\dhcpcsvc.DLL
0x00007ff85bc50000 - 0x00007ff85bc5e000 	C:\Users\sinha\.vscode\extensions\redhat.java-1.50.0-win32-x64\jre\21.0.9-win32-x86_64\bin\sunmscapi.dll
0x00007ff86cb30000 - 0x00007ff86cca7000 	C:\WINDOWS\System32\CRYPT32.dll
0x00007ff86ba80000 - 0x00007ff86bab0000 	C:\WINDOWS\SYSTEM32\ncrypt.dll
0x00007ff86ba30000 - 0x00007ff86ba6f000 	C:\WINDOWS\SYSTEM32\NTASN1.dll
0x00007ff86ab30000 - 0x00007ff86ac5c000 	C:\WINDOWS\SYSTEM32\DNSAPI.dll
0x00007ff85bf40000 - 0x00007ff85bf4b000 	C:\Windows\System32\rasadhlp.dll
0x00007ff8608b0000 - 0x00007ff860936000 	C:\WINDOWS\System32\fwpuclnt.dll
0x00007ff85bc40000 - 0x00007ff85bc49000 	C:\Users\sinha\.vscode\extensions\redhat.java-1.50.0-win32-x64\jre\21.0.9-win32-x86_64\bin\extnet.dll

JVMTI agents:
c:\Users\sinha\.vscode\extensions\redhat.java-1.50.0-win32-x64\lombok\lombok-1.18.39-4050.jar path:c:\Users\sinha\.vscode\extensions\redhat.java-1.50.0-win32-x64\jre\21.0.9-win32-x86_64\bin\instrument.dll, loaded, initialized, instrumentlib options:none

dbghelp: loaded successfully - version: 4.0.5 - missing functions: none
symbol engine: initialized successfully - sym options: 0x614 - pdb path: .;c:\Users\sinha\.vscode\extensions\redhat.java-1.50.0-win32-x64\jre\21.0.9-win32-x86_64\bin;C:\WINDOWS\SYSTEM32;C:\WINDOWS\WinSxS\amd64_microsoft.windows.common-controls_6595b64144ccf1df_6.0.26100.7019_none_3e06ffa0e335b8a8;c:\Users\sinha\.vscode\extensions\redhat.java-1.50.0-win32-x64\jre\21.0.9-win32-x86_64\bin\server;C:\Users\sinha\AppData\Roaming\Code\User\globalStorage\redhat.java\1.50.0\config_win\org.eclipse.equinox.launcher\org.eclipse.equinox.launcher.win32.win32.x86_64_1.2.1400.v20250801-0854;C:\Users\sinha\AppData\Local\Temp\jna-109442001

VM Arguments:
jvm_args: --add-modules=ALL-SYSTEM --add-opens=java.base/java.util=ALL-UNNAMED --add-opens=java.base/java.lang=ALL-UNNAMED --add-opens=java.base/sun.nio.fs=ALL-UNNAMED -Declipse.application=org.eclipse.jdt.ls.core.id1 -Dosgi.bundles.defaultStartLevel=4 -Declipse.product=org.eclipse.jdt.ls.core.product -Djava.import.generatesMetadataFilesAtProjectRoot=false -DDetectVMInstallationsJob.disabled=true -Dfile.encoding=utf8 -XX:+UseParallelGC -XX:GCTimeRatio=4 -XX:AdaptiveSizePolicyWeight=90 -Dsun.zip.disableMemoryMapping=true -Xmx2G -Xms100m -Xlog:disable -javaagent:c:\Users\sinha\.vscode\extensions\redhat.java-1.50.0-win32-x64\lombok\lombok-1.18.39-4050.jar -XX:+HeapDumpOnOutOfMemoryError -XX:HeapDumpPath=c:\Users\sinha\AppData\Roaming\Code\User\workspaceStorage\e2c8a529bdc3df820550f1f817b46aa4\redhat.java -Daether.dependencyCollector.impl=bf 
java_command: c:\Users\sinha\.vscode\extensions\redhat.java-1.50.0-win32-x64\server\plugins\org.eclipse.equinox.launcher_1.7.100.v20251111-0406.jar -configuration c:\Users\sinha\AppData\Roaming\Code\User\globalStorage\redhat.java\1.50.0\config_win -data c:\Users\sinha\AppData\Roaming\Code\User\workspaceStorage\e2c8a529bdc3df820550f1f817b46aa4\redhat.java\jdt_ws --pipe=\\.\pipe\lsp-2b16a92dfb1bcc9e88eb40b390045fba-sock
java_class_path (initial): c:\Users\sinha\.vscode\extensions\redhat.java-1.50.0-win32-x64\server\plugins\org.eclipse.equinox.launcher_1.7.100.v20251111-0406.jar
Launcher Type: SUN_STANDARD

[Global flags]
    uintx AdaptiveSizePolicyWeight                 = 90                                        {product} {command line}
     intx CICompilerCount                          = 4                                         {product} {ergonomic}
    uintx GCTimeRatio                              = 4                                         {product} {command line}
     bool HeapDumpOnOutOfMemoryError               = true                                   {manageable} {command line}
    ccstr HeapDumpPath                             = c:\Users\sinha\AppData\Roaming\Code\User\workspaceStorage\e2c8a529bdc3df820550f1f817b46aa4\redhat.java         {manageable} {command line}
   size_t InitialHeapSize                          = 104857600                                 {product} {command line}
   size_t MaxHeapSize                              = 2147483648                                {product} {command line}
   size_t MaxNewSize                               = 715653120                                 {product} {ergonomic}
   size_t MinHeapDeltaBytes                        = 524288                                    {product} {ergonomic}
   size_t MinHeapSize                              = 104857600                                 {product} {command line}
   size_t NewSize                                  = 34603008                                  {product} {ergonomic}
    uintx NonNMethodCodeHeapSize                   = 5839372                                {pd product} {ergonomic}
    uintx NonProfiledCodeHeapSize                  = 122909434                              {pd product} {ergonomic}
   size_t OldSize                                  = 70254592                                  {product} {ergonomic}
    uintx ProfiledCodeHeapSize                     = 122909434                              {pd product} {ergonomic}
    uintx ReservedCodeCacheSize                    = 251658240                              {pd product} {ergonomic}
     bool SegmentedCodeCache                       = true                                      {product} {ergonomic}
   size_t SoftMaxHeapSize                          = 2147483648                             {manageable} {ergonomic}
     bool UseCompressedOops                        = true                           {product lp64_product} {ergonomic}
     bool UseLargePagesIndividualAllocation        = false                                  {pd product} {ergonomic}
     bool UseParallelGC                            = true                                      {product} {command line}

Logging:
Log output configuration:
 #0: stdout all=off uptime,level,tags foldmultilines=false
 #1: stderr all=off uptime,level,tags foldmultilines=false

Release file:
JAVA_VERSION="21.0.9" 
MODULES="java.base java.compiler java.datatransfer java.xml java.prefs java.desktop java.instrument java.logging java.management java.security.sasl java.naming java.rmi java.management.rmi java.net.http java.scripting java.security.jgss java.transaction.xa java.sql java.sql.rowset java.xml.crypto java.se java.smartcardio jdk.accessibility jdk.internal.jvmstat jdk.attach jdk.charsets jdk.internal.opt jdk.zipfs jdk.compiler jdk.crypto.ec jdk.crypto.cryptoki jdk.crypto.mscapi jdk.dynalink jdk.internal.ed jdk.editpad jdk.hotspot.agent jdk.httpserver jdk.internal.le jdk.internal.vm.ci jdk.internal.vm.compiler jdk.internal.vm.compiler.management jdk.jartool jdk.javadoc jdk.jcmd jdk.management jdk.management.agent jdk.jconsole jdk.jdeps jdk.jdwp.agent jdk.jdi jdk.jfr jdk.jshell jdk.jsobject jdk.jstatd jdk.localedata jdk.management.jfr jdk.naming.dns jdk.naming.rmi jdk.net jdk.nio.mapmode jdk.random jdk.sctp jdk.security.auth jdk.security.jgss jdk.unsupported jdk.unsupported.desktop jdk.xml.dom" 

Environment Variables:
JAVA_HOME=C:\Program Files\Eclipse Adoptium\jdk-17.0.17.10-hotspot
PATH=C:\Program Files\Eclipse Adoptium\jdk-17.0.17.10-hotspot\bin;C:\Program Files\Eclipse Adoptium\jdk-25.0.1.8-hotspot\bin;C:\Python311\Scripts\;C:\Python311\;C:\Program Files (x86)\Common Files\Oracle\Java\javapath;C:\WINDOWS\system32;C:\WINDOWS;C:\WINDOWS\System32\Wbem;C:\WINDOWS\System32\WindowsPowerShell\v1.0\;C:\WINDOWS\System32\OpenSSH\;C:\MinGW\bin;C:\Program Files\Git\cmd;C:\Program Files\dotnet\;C:\ProgramData\chocolatey\bin;C:\Program Files (x86)\Microsoft SQL Server\160\Tools\Binn\;C:\Program Files\Microsoft SQL Server\160\Tools\Binn\;C:\Program Files\Microsoft SQL Server\Client SDK\ODBC\170\Tools\Binn\;C:\Program Files\Microsoft SQL Server\160\DTS\Binn\;C:\Program Files\nodejs\;C:\Program Files\GitHub CLI\;C:\Maven\apache-maven-3.9.11-bin\apache-maven-3.9.11\bin;C:\Program Files\Eclipse Adoptium\jdk-17.0.17.10-hotspot\bin;C:\Program Files\MySQL\MySQL Shell 8.0\bin\;C:\Users\sinha\AppData\Local\Microsoft\WindowsApps;;C:\Users\sinha\AppData\Local\Programs\Microsoft VS Code\bin;C:\Users\sinha\AppData\Local\hyper\app-3.0.2\resources\bin;C:\Program Files\heroku\bin;C:\Users\sinha\AppData\Roaming\npm;C:\Users\sinha\AppData\Local\Programs\cursor\resources\app\bin;C:\Program Files\Processing\;C:\Program Files\Eclipse Adoptium\jdk-17.0.17.10-hotspot\bin
USERNAME=sinha
OS=Windows_NT
PROCESSOR_IDENTIFIER=AMD64 Family 23 Model 24 Stepping 1, AuthenticAMD
TMP=C:\Users\sinha\AppData\Local\Temp
TEMP=C:\Users\sinha\AppData\Local\Temp




Periodic native trim disabled

---------------  S Y S T E M  ---------------

OS:
 Windows 11 , 64 bit Build 26100 (10.0.26100.7019)
OS uptime: 6 days 0:33 hours

CPU: total 8 (initial active 8) (8 cores per cpu, 2 threads per core) family 23 model 24 stepping 1 microcode 0x810810e, cx8, cmov, fxsr, ht, mmx, 3dnowpref, sse, sse2, sse3, ssse3, sse4a, sse4.1, sse4.2, popcnt, lzcnt, tsc, tscinvbit, avx, avx2, aes, clmul, bmi1, bmi2, adx, sha, fma, vzeroupper, clflush, clflushopt, rdtscp, f16c
Processor Information for the first 8 processors :
  Max Mhz: 2100, Current Mhz: 2100, Mhz Limit: 2100

Memory: 4k page, system-wide physical 6030M (492M free)
TotalPageFile size 24462M (AvailPageFile size 4M)
current process WorkingSet (physical memory assigned to process): 248M, peak: 264M
current process commit charge ("private bytes"): 420M, peak: 427M

vm_info: OpenJDK 64-Bit Server VM (21.0.9+10-LTS) for windows-amd64 JRE (21.0.9+10-LTS), built on 2025-10-21T00:00:00Z by "admin" with unknown MS VC++:1942

END.
