#
# There is insufficient memory for the Java Runtime Environment to continue.
# Native memory allocation (malloc) failed to allocate 1518016 bytes. Error detail: Chunk::new
# Possible reasons:
#   The system is out of physical RAM or swap space
#   This process is running with CompressedOops enabled, and the Java Heap may be blocking the growth of the native heap
# Possible solutions:
#   Reduce memory load on the system
#   Increase physical memory or swap space
#   Check if swap backing store is full
#   Decrease Java heap size (-Xmx/-Xms)
#   Decrease number of Java threads
#   Decrease Java thread stack sizes (-Xss)
#   Set larger code cache with -XX:ReservedCodeCacheSize=
#   JVM is running with Unscaled Compressed Oops mode in which the Java heap is
#     placed in the first 4GB address space. The Java Heap base address is the
#     maximum limit for the native heap growth. Please use -XX:HeapBaseMinAddress
#     to set the Java Heap base and to place the Java Heap above 4GB virtual address.
# This output file may be truncated or incomplete.
#
#  Out of Memory Error (arena.cpp:168), pid=4480, tid=20288
#
# JRE version: OpenJDK Runtime Environment Temurin-21.0.9+10 (21.0.9+10) (build 21.0.9+10-LTS)
# Java VM: OpenJDK 64-Bit Server VM Temurin-21.0.9+10 (21.0.9+10-LTS, mixed mode, sharing, tiered, compressed oops, compressed class ptrs, parallel gc, windows-amd64)
# No core dump will be written. Minidumps are not enabled by default on client versions of Windows
#

---------------  S U M M A R Y ------------

Command Line: --add-modules=ALL-SYSTEM --add-opens=java.base/java.util=ALL-UNNAMED --add-opens=java.base/java.lang=ALL-UNNAMED --add-opens=java.base/sun.nio.fs=ALL-UNNAMED -Declipse.application=org.eclipse.jdt.ls.core.id1 -Dosgi.bundles.defaultStartLevel=4 -Declipse.product=org.eclipse.jdt.ls.core.product -Djava.import.generatesMetadataFilesAtProjectRoot=false -DDetectVMInstallationsJob.disabled=true -Dfile.encoding=utf8 -XX:+UseParallelGC -XX:GCTimeRatio=4 -XX:AdaptiveSizePolicyWeight=90 -Dsun.zip.disableMemoryMapping=true -Xmx2G -Xms100m -Xlog:disable -javaagent:c:\Users\sinha\.vscode\extensions\redhat.java-1.50.0-win32-x64\lombok\lombok-1.18.39-4050.jar c:\Users\sinha\.vscode\extensions\redhat.java-1.50.0-win32-x64\server\plugins\org.eclipse.equinox.launcher_1.7.100.v20251111-0406.jar -configuration c:\Users\sinha\AppData\Roaming\Code\User\globalStorage\redhat.java\1.50.0\config_ss_win -data c:\Users\sinha\AppData\Roaming\Code\User\workspaceStorage\e2c8a529bdc3df820550f1f817b46aa4\redhat.java\ss_ws --pipe=\\.\pipe\lsp-661b507bf24bed32de6d078cd404fb82-sock

Host: AMD Ryzen 5 3500U with Radeon Vega Mobile Gfx  , 8 cores, 5G,  Windows 11 , 64 bit Build 26100 (10.0.26100.7019)
Time: Fri Dec  5 18:03:10 2025 India Standard Time elapsed time: 24.519309 seconds (0d 0h 0m 24s)

---------------  T H R E A D  ---------------

Current thread (0x0000029cbeb363d0):  JavaThread "C2 CompilerThread0" daemon [_thread_in_native, id=20288, stack(0x000000c293400000,0x000000c293500000) (1024K)]


Current CompileTask:
C2:24519 3485       4       org.eclipse.osgi.internal.loader.ModuleClassLoader::toString (80 bytes)

Stack: [0x000000c293400000,0x000000c293500000]
Native frames: (J=compiled Java code, j=interpreted, Vv=VM code, C=native code)
V  [jvm.dll+0x6d6e29]
V  [jvm.dll+0x8b4b76]
V  [jvm.dll+0x8b712e]
V  [jvm.dll+0x8b7813]
V  [jvm.dll+0x283d86]
V  [jvm.dll+0xc66ed]
V  [jvm.dll+0xc6c31]
V  [jvm.dll+0x3be53b]
V  [jvm.dll+0x38ab92]
V  [jvm.dll+0x389fda]
V  [jvm.dll+0x24bfa0]
V  [jvm.dll+0x24b580]
V  [jvm.dll+0x1cb13e]
V  [jvm.dll+0x25b29d]
V  [jvm.dll+0x25982a]
V  [jvm.dll+0x3f7ea6]
V  [jvm.dll+0x85e9ad]
V  [jvm.dll+0x6d565d]
C  [ucrtbase.dll+0x37b0]
C  [KERNEL32.DLL+0x2e8d7]
C  [ntdll.dll+0x8c53c]


---------------  P R O C E S S  ---------------

Threads class SMR info:
_java_thread_list=0x0000029d016c65b0, length=35, elements={
0x0000029ca616c5b0, 0x0000029cbeb1fff0, 0x0000029cbeb22420, 0x0000029cbeb26f90,
0x0000029cbeb299f0, 0x0000029cbeb2b9a0, 0x0000029cbeb2fe90, 0x0000029cbeb363d0,
0x0000029cbeb41d10, 0x0000029d0174f0d0, 0x0000029d0185f540, 0x0000029d065e7ca0,
0x0000029d065de320, 0x0000029d066ac0b0, 0x0000029d066c3700, 0x0000029d0682e260,
0x0000029d069e7540, 0x0000029d068a94a0, 0x0000029d075ddfb0, 0x0000029d071f0ec0,
0x0000029d071f2270, 0x0000029d071f1be0, 0x0000029d071f3620, 0x0000029d071f4340,
0x0000029d071f2900, 0x0000029d071f1550, 0x0000029d071f2f90, 0x0000029d071f3cb0,
0x0000029d06dc4900, 0x0000029d06dc4f90, 0x0000029d06dc5620, 0x0000029d06dc76f0,
0x0000029d06dc5cb0, 0x0000029d06dc4270, 0x0000029d087a0890
}

Java Threads: ( => current thread )
  0x0000029ca616c5b0 JavaThread "main"                              [_thread_blocked, id=12864, stack(0x000000c292a00000,0x000000c292b00000) (1024K)]
  0x0000029cbeb1fff0 JavaThread "Reference Handler"          daemon [_thread_blocked, id=17180, stack(0x000000c292e00000,0x000000c292f00000) (1024K)]
  0x0000029cbeb22420 JavaThread "Finalizer"                  daemon [_thread_blocked, id=15260, stack(0x000000c292f00000,0x000000c293000000) (1024K)]
  0x0000029cbeb26f90 JavaThread "Signal Dispatcher"          daemon [_thread_blocked, id=18688, stack(0x000000c293000000,0x000000c293100000) (1024K)]
  0x0000029cbeb299f0 JavaThread "Attach Listener"            daemon [_thread_blocked, id=8792, stack(0x000000c293100000,0x000000c293200000) (1024K)]
  0x0000029cbeb2b9a0 JavaThread "Service Thread"             daemon [_thread_blocked, id=6276, stack(0x000000c293200000,0x000000c293300000) (1024K)]
  0x0000029cbeb2fe90 JavaThread "Monitor Deflation Thread"   daemon [_thread_blocked, id=14376, stack(0x000000c293300000,0x000000c293400000) (1024K)]
=>0x0000029cbeb363d0 JavaThread "C2 CompilerThread0"         daemon [_thread_in_native, id=20288, stack(0x000000c293400000,0x000000c293500000) (1024K)]
  0x0000029cbeb41d10 JavaThread "C1 CompilerThread0"         daemon [_thread_blocked, id=25612, stack(0x000000c293500000,0x000000c293600000) (1024K)]
  0x0000029d0174f0d0 JavaThread "Common-Cleaner"             daemon [_thread_blocked, id=20296, stack(0x000000c293700000,0x000000c293800000) (1024K)]
  0x0000029d0185f540 JavaThread "Notification Thread"        daemon [_thread_blocked, id=11804, stack(0x000000c293800000,0x000000c293900000) (1024K)]
  0x0000029d065e7ca0 JavaThread "Active Thread: Equinox Container: 172a1705-40ab-4458-8d9b-6bb938ff3ff8"        [_thread_blocked, id=8512, stack(0x000000c293600000,0x000000c293700000) (1024K)]
  0x0000029d065de320 JavaThread "Framework Event Dispatcher: Equinox Container: 172a1705-40ab-4458-8d9b-6bb938ff3ff8" daemon [_thread_blocked, id=22676, stack(0x000000c293f00000,0x000000c294000000) (1024K)]
  0x0000029d066ac0b0 JavaThread "Start Level: Equinox Container: 172a1705-40ab-4458-8d9b-6bb938ff3ff8" daemon [_thread_blocked, id=2224, stack(0x000000c294000000,0x000000c294100000) (1024K)]
  0x0000029d066c3700 JavaThread "SCR Component Actor"        daemon [_thread_blocked, id=10508, stack(0x000000c294200000,0x000000c294300000) (1024K)]
  0x0000029d0682e260 JavaThread "Worker-JM"                         [_thread_blocked, id=12300, stack(0x000000c294300000,0x000000c294400000) (1024K)]
  0x0000029d069e7540 JavaThread "Worker-0"                          [_thread_blocked, id=27044, stack(0x000000c294400000,0x000000c294500000) (1024K)]
  0x0000029d068a94a0 JavaThread "Worker-1"                          [_thread_blocked, id=28364, stack(0x000000c294500000,0x000000c294600000) (1024K)]
  0x0000029d075ddfb0 JavaThread "Worker-2: Shutdown..."             [_thread_in_native, id=20252, stack(0x000000c294600000,0x000000c294700000) (1024K)]
  0x0000029d071f0ec0 JavaThread "JNA Cleaner"                daemon [_thread_blocked, id=7180, stack(0x000000c294700000,0x000000c294800000) (1024K)]
  0x0000029d071f2270 JavaThread "Thread-1"                   daemon [_thread_in_native, id=24432, stack(0x000000c294a00000,0x000000c294b00000) (1024K)]
  0x0000029d071f1be0 JavaThread "Thread-2"                   daemon [_thread_in_native, id=14256, stack(0x000000c294b00000,0x000000c294c00000) (1024K)]
  0x0000029d071f3620 JavaThread "Thread-3"                   daemon [_thread_in_native, id=17640, stack(0x000000c294c00000,0x000000c294d00000) (1024K)]
  0x0000029d071f4340 JavaThread "Thread-4"                   daemon [_thread_in_native, id=14588, stack(0x000000c294d00000,0x000000c294e00000) (1024K)]
  0x0000029d071f2900 JavaThread "Thread-5"                   daemon [_thread_in_native, id=14008, stack(0x000000c294e00000,0x000000c294f00000) (1024K)]
  0x0000029d071f1550 JavaThread "Thread-6"                   daemon [_thread_in_native, id=26848, stack(0x000000c294f00000,0x000000c295000000) (1024K)]
  0x0000029d071f2f90 JavaThread "Thread-7"                   daemon [_thread_in_native, id=8820, stack(0x000000c295000000,0x000000c295100000) (1024K)]
  0x0000029d071f3cb0 JavaThread "Thread-8"                   daemon [_thread_in_native, id=9984, stack(0x000000c295100000,0x000000c295200000) (1024K)]
  0x0000029d06dc4900 JavaThread "Thread-9"                   daemon [_thread_in_native, id=16780, stack(0x000000c295200000,0x000000c295300000) (1024K)]
  0x0000029d06dc4f90 JavaThread "pool-2-thread-1"                   [_thread_blocked, id=7084, stack(0x000000c295300000,0x000000c295400000) (1024K)]
  0x0000029d06dc5620 JavaThread "WorkspaceEventsHandler"            [_thread_blocked, id=7460, stack(0x000000c295400000,0x000000c295500000) (1024K)]
  0x0000029d06dc76f0 JavaThread "pool-1-thread-1"                   [_thread_blocked, id=26572, stack(0x000000c295500000,0x000000c295600000) (1024K)]
  0x0000029d06dc5cb0 JavaThread "ForkJoinPool.commonPool-worker-1" daemon [_thread_blocked, id=23480, stack(0x000000c295600000,0x000000c295700000) (1024K)]
  0x0000029d06dc4270 JavaThread "pool-3-thread-1"                   [_thread_blocked, id=15504, stack(0x000000c295700000,0x000000c295800000) (1024K)]
  0x0000029d087a0890 JavaThread "C2 CompilerThread1"         daemon [_thread_in_native, id=3004, stack(0x000000c295800000,0x000000c295900000) (1024K)]
Total: 35

Other Threads:
  0x0000029ca5e34f30 VMThread "VM Thread"                           [id=11852, stack(0x000000c292d00000,0x000000c292e00000) (1024K)]
  0x0000029cbea3ca10 WatcherThread "VM Periodic Task Thread"        [id=13516, stack(0x000000c292c00000,0x000000c292d00000) (1024K)]
  0x0000029ca5e352d0 WorkerThread "GC Thread#0"                     [id=15624, stack(0x000000c292b00000,0x000000c292c00000) (1024K)]
  0x0000029ca5e35670 WorkerThread "GC Thread#1"                     [id=23832, stack(0x000000c293900000,0x000000c293a00000) (1024K)]
  0x0000029ca5e340b0 WorkerThread "GC Thread#2"                     [id=6960, stack(0x000000c293a00000,0x000000c293b00000) (1024K)]
  0x0000029ca5e347f0 WorkerThread "GC Thread#3"                     [id=18504, stack(0x000000c293b00000,0x000000c293c00000) (1024K)]
  0x0000029d06370a80 WorkerThread "GC Thread#4"                     [id=20516, stack(0x000000c293c00000,0x000000c293d00000) (1024K)]
  0x0000029d0636e640 WorkerThread "GC Thread#5"                     [id=20672, stack(0x000000c293d00000,0x000000c293e00000) (1024K)]
  0x0000029d06370340 WorkerThread "GC Thread#6"                     [id=15576, stack(0x000000c293e00000,0x000000c293f00000) (1024K)]
  0x0000029d0636f120 WorkerThread "GC Thread#7"                     [id=25164, stack(0x000000c294100000,0x000000c294200000) (1024K)]
Total: 10

Threads with active compile tasks:
C2 CompilerThread0  24563 3485       4       org.eclipse.osgi.internal.loader.ModuleClassLoader::toString (80 bytes)
C2 CompilerThread1  24563 3493       4       jdk.internal.org.objectweb.asm.SymbolTable::addConstantUtf8Reference (101 bytes)
Total: 2

VM state: not at safepoint (normal execution)

VM Mutex/Monitor currently owned by a thread: None

Heap address: 0x0000000080000000, size: 2048 MB, Compressed Oops mode: 32-bit

CDS archive(s) mapped at: [0x0000029cbf000000-0x0000029cbfba0000-0x0000029cbfba0000), size 12189696, SharedBaseAddress: 0x0000029cbf000000, ArchiveRelocationMode: 1.
Compressed class space mapped at: 0x0000029cc0000000-0x0000029d00000000, reserved size: 1073741824
Narrow klass base: 0x0000029cbf000000, Narrow klass shift: 0, Narrow klass range: 0x100000000

GC Precious Log:
 CardTable entry size: 512
 CPUs: 8 total, 8 available
 Memory: 6030M
 Large Page Support: Disabled
 NUMA Support: Disabled
 Compressed Oops: Enabled (32-bit)
 Alignments: Space 512K, Generation 512K, Heap 2M
 Heap Min Capacity: 100M
 Heap Initial Capacity: 100M
 Heap Max Capacity: 2G
 Pre-touch: Disabled
 Parallel Workers: 8

Heap:
 PSYoungGen      total 27648K, used 11062K [0x00000000d5580000, 0x00000000d7500000, 0x0000000100000000)
  eden space 24064K, 31% used [0x00000000d5580000,0x00000000d5cd4f10,0x00000000d6d00000)
  from space 3584K, 99% used [0x00000000d7100000,0x00000000d7478c98,0x00000000d7480000)
  to   space 4096K, 0% used [0x00000000d6d00000,0x00000000d6d00000,0x00000000d7100000)
 ParOldGen       total 68608K, used 10060K [0x0000000080000000, 0x0000000084300000, 0x00000000d5580000)
  object space 68608K, 14% used [0x0000000080000000,0x00000000809d3200,0x0000000084300000)
 Metaspace       used 29271K, committed 30080K, reserved 1114112K
  class space    used 2975K, committed 3328K, reserved 1048576K

Card table byte_map: [0x0000029cb9e70000,0x0000029cba280000] _byte_map_base: 0x0000029cb9a70000

Marking Bits: (ParMarkBitMap*) 0x00007fffd2b72460
 Begin Bits: [0x0000029cba530000, 0x0000029cbc530000)
 End Bits:   [0x0000029cbc530000, 0x0000029cbe530000)

Polling page: 0x0000029ca65d0000

Metaspace:

Usage:
  Non-class:     25.68 MB used.
      Class:      2.91 MB used.
       Both:     28.59 MB used.

Virtual space:
  Non-class space:       64.00 MB reserved,      26.12 MB ( 41%) committed,  1 nodes.
      Class space:        1.00 GB reserved,       3.25 MB ( <1%) committed,  1 nodes.
             Both:        1.06 GB reserved,      29.38 MB (  3%) committed. 

Chunk freelists:
   Non-Class:  5.83 MB
       Class:  12.79 MB
        Both:  18.62 MB

MaxMetaspaceSize: unlimited
CompressedClassSpaceSize: 1.00 GB
Initial GC threshold: 21.00 MB
Current GC threshold: 35.00 MB
CDS: on
 - commit_granule_bytes: 65536.
 - commit_granule_words: 8192.
 - virtual_space_node_default_size: 8388608.
 - enlarge_chunks_in_place: 1.
 - use_allocation_guard: 0.


Internal statistics:

num_allocs_failed_limit: 3.
num_arena_births: 554.
num_arena_deaths: 14.
num_vsnodes_births: 2.
num_vsnodes_deaths: 0.
num_space_committed: 470.
num_space_uncommitted: 0.
num_chunks_returned_to_freelist: 17.
num_chunks_taken_from_freelist: 1684.
num_chunk_merges: 9.
num_chunk_splits: 1095.
num_chunks_enlarged: 701.
num_inconsistent_stats: 0.

CodeHeap 'non-profiled nmethods': size=120000Kb used=1463Kb max_used=1463Kb free=118536Kb
 bounds [0x0000029cb2760000, 0x0000029cb29d0000, 0x0000029cb9c90000]
CodeHeap 'profiled nmethods': size=120000Kb used=6882Kb max_used=6882Kb free=113117Kb
 bounds [0x0000029caac90000, 0x0000029cab350000, 0x0000029cb21c0000]
CodeHeap 'non-nmethods': size=5760Kb used=1344Kb max_used=1385Kb free=4416Kb
 bounds [0x0000029cb21c0000, 0x0000029cb2430000, 0x0000029cb2760000]
CodeCache: size=245760Kb, used=9689Kb, max_used=9730Kb, free=236069Kb
 total_blobs=4138, nmethods=3502, adapters=542, full_count=0
Compilation: enabled, stopped_count=0, restarted_count=0

Compilation events (20 events):
Event: 23.203 Thread 0x0000029cbeb363d0 3479       4       java.lang.StringLatin1::toLowerCase (186 bytes)
Event: 23.203 Thread 0x0000029cbeb41d10 nmethod 3478 0x0000029cab33b190 code [0x0000029cab33b380, 0x0000029cab33b798]
Event: 23.236 Thread 0x0000029cbeb363d0 nmethod 3479 0x0000029cb28c7d90 code [0x0000029cb28c7f60, 0x0000029cb28c87d0]
Event: 23.240 Thread 0x0000029cbeb41d10 3481       3       java.lang.invoke.MethodHandles$Lookup::resolveOrFail (44 bytes)
Event: 23.242 Thread 0x0000029cbeb41d10 nmethod 3481 0x0000029cab33b910 code [0x0000029cab33bbc0, 0x0000029cab33c770]
Event: 23.242 Thread 0x0000029cbeb41d10 3482       3       java.lang.invoke.MethodHandles$Lookup::getDirectMethodForConstant (72 bytes)
Event: 23.244 Thread 0x0000029cbeb41d10 nmethod 3482 0x0000029cab33cb90 code [0x0000029cab33cee0, 0x0000029cab33dfa0]
Event: 23.253 Thread 0x0000029cbeb363d0 3485       4       org.eclipse.osgi.internal.loader.ModuleClassLoader::toString (80 bytes)
Event: 23.279 Thread 0x0000029cbeb41d10 3488       3       java.lang.invoke.MemberName::getFactory (4 bytes)
Event: 23.279 Thread 0x0000029cbeb41d10 nmethod 3488 0x0000029cab33e590 code [0x0000029cab33e720, 0x0000029cab33e818]
Event: 23.290 Thread 0x0000029cbeb41d10 3496       3       java.lang.invoke.MethodType::makeImpl (109 bytes)
Event: 23.292 Thread 0x0000029cbeb41d10 nmethod 3496 0x0000029cab33e890 code [0x0000029cab33ebe0, 0x0000029cab33ffe0]
Event: 23.361 Thread 0x0000029cbeb41d10 3497       3       org.eclipse.core.internal.registry.ReferenceMap::newEntry (62 bytes)
Event: 23.361 Thread 0x0000029cbeb41d10 nmethod 3497 0x0000029cab340710 code [0x0000029cab340920, 0x0000029cab340eb8]
Event: 23.405 Thread 0x0000029cbeb41d10 3498       3       jdk.internal.misc.Unsafe::copyMemory (33 bytes)
Event: 23.406 Thread 0x0000029cbeb41d10 nmethod 3498 0x0000029cab341110 code [0x0000029cab3413e0, 0x0000029cab3420a0]
Event: 23.407 Thread 0x0000029cbeb41d10 3499       3       jdk.internal.misc.Unsafe::copyMemoryChecks (21 bytes)
Event: 23.408 Thread 0x0000029cbeb41d10 nmethod 3499 0x0000029cab342690 code [0x0000029cab342960, 0x0000029cab343618]
Event: 23.421 Thread 0x0000029cbeb41d10 3500       3       jdk.internal.org.objectweb.asm.MethodVisitor::visitInsn (16 bytes)
Event: 23.421 Thread 0x0000029cbeb41d10 nmethod 3500 0x0000029cab343b90 code [0x0000029cab343d40, 0x0000029cab343f48]

GC Heap History (18 events):
Event: 1.133 GC heap before
{Heap before GC invocations=1 (full 0):
 PSYoungGen      total 29696K, used 25600K [0x00000000d5580000, 0x00000000d7680000, 0x0000000100000000)
  eden space 25600K, 100% used [0x00000000d5580000,0x00000000d6e80000,0x00000000d6e80000)
  from space 4096K, 0% used [0x00000000d7280000,0x00000000d7280000,0x00000000d7680000)
  to   space 4096K, 0% used [0x00000000d6e80000,0x00000000d6e80000,0x00000000d7280000)
 ParOldGen       total 68608K, used 0K [0x0000000080000000, 0x0000000084300000, 0x00000000d5580000)
  object space 68608K, 0% used [0x0000000080000000,0x0000000080000000,0x0000000084300000)
 Metaspace       used 4335K, committed 4608K, reserved 1114112K
  class space    used 472K, committed 576K, reserved 1048576K
}
Event: 1.143 GC heap after
{Heap after GC invocations=1 (full 0):
 PSYoungGen      total 29696K, used 3303K [0x00000000d5580000, 0x00000000d7680000, 0x0000000100000000)
  eden space 25600K, 0% used [0x00000000d5580000,0x00000000d5580000,0x00000000d6e80000)
  from space 4096K, 80% used [0x00000000d6e80000,0x00000000d71b9e98,0x00000000d7280000)
  to   space 4096K, 0% used [0x00000000d7280000,0x00000000d7280000,0x00000000d7680000)
 ParOldGen       total 68608K, used 16K [0x0000000080000000, 0x0000000084300000, 0x00000000d5580000)
  object space 68608K, 0% used [0x0000000080000000,0x0000000080004000,0x0000000084300000)
 Metaspace       used 4335K, committed 4608K, reserved 1114112K
  class space    used 472K, committed 576K, reserved 1048576K
}
Event: 2.309 GC heap before
{Heap before GC invocations=2 (full 0):
 PSYoungGen      total 29696K, used 28903K [0x00000000d5580000, 0x00000000d7680000, 0x0000000100000000)
  eden space 25600K, 100% used [0x00000000d5580000,0x00000000d6e80000,0x00000000d6e80000)
  from space 4096K, 80% used [0x00000000d6e80000,0x00000000d71b9e98,0x00000000d7280000)
  to   space 4096K, 0% used [0x00000000d7280000,0x00000000d7280000,0x00000000d7680000)
 ParOldGen       total 68608K, used 16K [0x0000000080000000, 0x0000000084300000, 0x00000000d5580000)
  object space 68608K, 0% used [0x0000000080000000,0x0000000080004000,0x0000000084300000)
 Metaspace       used 8275K, committed 8576K, reserved 1114112K
  class space    used 883K, committed 1024K, reserved 1048576K
}
Event: 2.317 GC heap after
{Heap after GC invocations=2 (full 0):
 PSYoungGen      total 29696K, used 4070K [0x00000000d5580000, 0x00000000d7680000, 0x0000000100000000)
  eden space 25600K, 0% used [0x00000000d5580000,0x00000000d5580000,0x00000000d6e80000)
  from space 4096K, 99% used [0x00000000d7280000,0x00000000d7679800,0x00000000d7680000)
  to   space 4096K, 0% used [0x00000000d6e80000,0x00000000d6e80000,0x00000000d7280000)
 ParOldGen       total 68608K, used 927K [0x0000000080000000, 0x0000000084300000, 0x00000000d5580000)
  object space 68608K, 1% used [0x0000000080000000,0x00000000800e7eb8,0x0000000084300000)
 Metaspace       used 8275K, committed 8576K, reserved 1114112K
  class space    used 883K, committed 1024K, reserved 1048576K
}
Event: 3.288 GC heap before
{Heap before GC invocations=3 (full 0):
 PSYoungGen      total 29696K, used 29670K [0x00000000d5580000, 0x00000000d7680000, 0x0000000100000000)
  eden space 25600K, 100% used [0x00000000d5580000,0x00000000d6e80000,0x00000000d6e80000)
  from space 4096K, 99% used [0x00000000d7280000,0x00000000d7679800,0x00000000d7680000)
  to   space 4096K, 0% used [0x00000000d6e80000,0x00000000d6e80000,0x00000000d7280000)
 ParOldGen       total 68608K, used 927K [0x0000000080000000, 0x0000000084300000, 0x00000000d5580000)
  object space 68608K, 1% used [0x0000000080000000,0x00000000800e7eb8,0x0000000084300000)
 Metaspace       used 13059K, committed 13632K, reserved 1114112K
  class space    used 1385K, committed 1664K, reserved 1048576K
}
Event: 3.294 GC heap after
{Heap after GC invocations=3 (full 0):
 PSYoungGen      total 29696K, used 4064K [0x00000000d5580000, 0x00000000d7680000, 0x0000000100000000)
  eden space 25600K, 0% used [0x00000000d5580000,0x00000000d5580000,0x00000000d6e80000)
  from space 4096K, 99% used [0x00000000d6e80000,0x00000000d72782c8,0x00000000d7280000)
  to   space 4096K, 0% used [0x00000000d7280000,0x00000000d7280000,0x00000000d7680000)
 ParOldGen       total 68608K, used 2860K [0x0000000080000000, 0x0000000084300000, 0x00000000d5580000)
  object space 68608K, 4% used [0x0000000080000000,0x00000000802cb1f0,0x0000000084300000)
 Metaspace       used 13059K, committed 13632K, reserved 1114112K
  class space    used 1385K, committed 1664K, reserved 1048576K
}
Event: 4.218 GC heap before
{Heap before GC invocations=4 (full 0):
 PSYoungGen      total 29696K, used 29664K [0x00000000d5580000, 0x00000000d7680000, 0x0000000100000000)
  eden space 25600K, 100% used [0x00000000d5580000,0x00000000d6e80000,0x00000000d6e80000)
  from space 4096K, 99% used [0x00000000d6e80000,0x00000000d72782c8,0x00000000d7280000)
  to   space 4096K, 0% used [0x00000000d7280000,0x00000000d7280000,0x00000000d7680000)
 ParOldGen       total 68608K, used 2860K [0x0000000080000000, 0x0000000084300000, 0x00000000d5580000)
  object space 68608K, 4% used [0x0000000080000000,0x00000000802cb1f0,0x0000000084300000)
 Metaspace       used 15953K, committed 16576K, reserved 1114112K
  class space    used 1661K, committed 1920K, reserved 1048576K
}
Event: 4.224 GC heap after
{Heap after GC invocations=4 (full 0):
 PSYoungGen      total 29696K, used 4068K [0x00000000d5580000, 0x00000000d7680000, 0x0000000100000000)
  eden space 25600K, 0% used [0x00000000d5580000,0x00000000d5580000,0x00000000d6e80000)
  from space 4096K, 99% used [0x00000000d7280000,0x00000000d76791d0,0x00000000d7680000)
  to   space 4096K, 0% used [0x00000000d6e80000,0x00000000d6e80000,0x00000000d7280000)
 ParOldGen       total 68608K, used 5591K [0x0000000080000000, 0x0000000084300000, 0x00000000d5580000)
  object space 68608K, 8% used [0x0000000080000000,0x0000000080575ea0,0x0000000084300000)
 Metaspace       used 15953K, committed 16576K, reserved 1114112K
  class space    used 1661K, committed 1920K, reserved 1048576K
}
Event: 4.741 GC heap before
{Heap before GC invocations=5 (full 0):
 PSYoungGen      total 29696K, used 29057K [0x00000000d5580000, 0x00000000d7680000, 0x0000000100000000)
  eden space 25600K, 97% used [0x00000000d5580000,0x00000000d6de73c0,0x00000000d6e80000)
  from space 4096K, 99% used [0x00000000d7280000,0x00000000d76791d0,0x00000000d7680000)
  to   space 4096K, 0% used [0x00000000d6e80000,0x00000000d6e80000,0x00000000d7280000)
 ParOldGen       total 68608K, used 5591K [0x0000000080000000, 0x0000000084300000, 0x00000000d5580000)
  object space 68608K, 8% used [0x0000000080000000,0x0000000080575ea0,0x0000000084300000)
 Metaspace       used 20138K, committed 20800K, reserved 1114112K
  class space    used 1967K, committed 2240K, reserved 1048576K
}
Event: 4.745 GC heap after
{Heap after GC invocations=5 (full 0):
 PSYoungGen      total 29184K, used 4077K [0x00000000d5580000, 0x00000000d7800000, 0x0000000100000000)
  eden space 25088K, 0% used [0x00000000d5580000,0x00000000d5580000,0x00000000d6e00000)
  from space 4096K, 99% used [0x00000000d6e80000,0x00000000d727b610,0x00000000d7280000)
  to   space 5120K, 0% used [0x00000000d7300000,0x00000000d7300000,0x00000000d7800000)
 ParOldGen       total 68608K, used 5631K [0x0000000080000000, 0x0000000084300000, 0x00000000d5580000)
  object space 68608K, 8% used [0x0000000080000000,0x000000008057fea0,0x0000000084300000)
 Metaspace       used 20138K, committed 20800K, reserved 1114112K
  class space    used 1967K, committed 2240K, reserved 1048576K
}
Event: 5.147 GC heap before
{Heap before GC invocations=6 (full 0):
 PSYoungGen      total 29184K, used 23507K [0x00000000d5580000, 0x00000000d7800000, 0x0000000100000000)
  eden space 25088K, 77% used [0x00000000d5580000,0x00000000d68799e8,0x00000000d6e00000)
  from space 4096K, 99% used [0x00000000d6e80000,0x00000000d727b610,0x00000000d7280000)
  to   space 5120K, 0% used [0x00000000d7300000,0x00000000d7300000,0x00000000d7800000)
 ParOldGen       total 68608K, used 5631K [0x0000000080000000, 0x0000000084300000, 0x00000000d5580000)
  object space 68608K, 8% used [0x0000000080000000,0x000000008057fea0,0x0000000084300000)
 Metaspace       used 20875K, committed 21504K, reserved 1114112K
  class space    used 2008K, committed 2304K, reserved 1048576K
}
Event: 5.152 GC heap after
{Heap after GC invocations=6 (full 0):
 PSYoungGen      total 30208K, used 4555K [0x00000000d5580000, 0x00000000d7800000, 0x0000000100000000)
  eden space 25088K, 0% used [0x00000000d5580000,0x00000000d5580000,0x00000000d6e00000)
  from space 5120K, 88% used [0x00000000d7300000,0x00000000d7772e18,0x00000000d7800000)
  to   space 5120K, 0% used [0x00000000d6e00000,0x00000000d6e00000,0x00000000d7300000)
 ParOldGen       total 68608K, used 7202K [0x0000000080000000, 0x0000000084300000, 0x00000000d5580000)
  object space 68608K, 10% used [0x0000000080000000,0x00000000807088c0,0x0000000084300000)
 Metaspace       used 20875K, committed 21504K, reserved 1114112K
  class space    used 2008K, committed 2304K, reserved 1048576K
}
Event: 5.152 GC heap before
{Heap before GC invocations=7 (full 1):
 PSYoungGen      total 30208K, used 4555K [0x00000000d5580000, 0x00000000d7800000, 0x0000000100000000)
  eden space 25088K, 0% used [0x00000000d5580000,0x00000000d5580000,0x00000000d6e00000)
  from space 5120K, 88% used [0x00000000d7300000,0x00000000d7772e18,0x00000000d7800000)
  to   space 5120K, 0% used [0x00000000d6e00000,0x00000000d6e00000,0x00000000d7300000)
 ParOldGen       total 68608K, used 7202K [0x0000000080000000, 0x0000000084300000, 0x00000000d5580000)
  object space 68608K, 10% used [0x0000000080000000,0x00000000807088c0,0x0000000084300000)
 Metaspace       used 20875K, committed 21504K, reserved 1114112K
  class space    used 2008K, committed 2304K, reserved 1048576K
}
Event: 5.185 GC heap after
{Heap after GC invocations=7 (full 1):
 PSYoungGen      total 30208K, used 0K [0x00000000d5580000, 0x00000000d7800000, 0x0000000100000000)
  eden space 25088K, 0% used [0x00000000d5580000,0x00000000d5580000,0x00000000d6e00000)
  from space 5120K, 0% used [0x00000000d7300000,0x00000000d7300000,0x00000000d7800000)
  to   space 5120K, 0% used [0x00000000d6e00000,0x00000000d6e00000,0x00000000d7300000)
 ParOldGen       total 68608K, used 10028K [0x0000000080000000, 0x0000000084300000, 0x00000000d5580000)
  object space 68608K, 14% used [0x0000000080000000,0x00000000809cb200,0x0000000084300000)
 Metaspace       used 20862K, committed 21504K, reserved 1114112K
  class space    used 2004K, committed 2304K, reserved 1048576K
}
Event: 6.591 GC heap before
{Heap before GC invocations=8 (full 1):
 PSYoungGen      total 30208K, used 25088K [0x00000000d5580000, 0x00000000d7800000, 0x0000000100000000)
  eden space 25088K, 100% used [0x00000000d5580000,0x00000000d6e00000,0x00000000d6e00000)
  from space 5120K, 0% used [0x00000000d7300000,0x00000000d7300000,0x00000000d7800000)
  to   space 5120K, 0% used [0x00000000d6e00000,0x00000000d6e00000,0x00000000d7300000)
 ParOldGen       total 68608K, used 10028K [0x0000000080000000, 0x0000000084300000, 0x00000000d5580000)
  object space 68608K, 14% used [0x0000000080000000,0x00000000809cb200,0x0000000084300000)
 Metaspace       used 25300K, committed 26112K, reserved 1114112K
  class space    used 2468K, committed 2816K, reserved 1048576K
}
Event: 6.595 GC heap after
{Heap after GC invocations=8 (full 1):
 PSYoungGen      total 27136K, used 2316K [0x00000000d5580000, 0x00000000d7480000, 0x0000000100000000)
  eden space 24576K, 0% used [0x00000000d5580000,0x00000000d5580000,0x00000000d6d80000)
  from space 2560K, 90% used [0x00000000d6e00000,0x00000000d7043278,0x00000000d7080000)
  to   space 3584K, 0% used [0x00000000d7100000,0x00000000d7100000,0x00000000d7480000)
 ParOldGen       total 68608K, used 10036K [0x0000000080000000, 0x0000000084300000, 0x00000000d5580000)
  object space 68608K, 14% used [0x0000000080000000,0x00000000809cd200,0x0000000084300000)
 Metaspace       used 25300K, committed 26112K, reserved 1114112K
  class space    used 2468K, committed 2816K, reserved 1048576K
}
Event: 7.470 GC heap before
{Heap before GC invocations=9 (full 1):
 PSYoungGen      total 27136K, used 26892K [0x00000000d5580000, 0x00000000d7480000, 0x0000000100000000)
  eden space 24576K, 100% used [0x00000000d5580000,0x00000000d6d80000,0x00000000d6d80000)
  from space 2560K, 90% used [0x00000000d6e00000,0x00000000d7043278,0x00000000d7080000)
  to   space 3584K, 0% used [0x00000000d7100000,0x00000000d7100000,0x00000000d7480000)
 ParOldGen       total 68608K, used 10036K [0x0000000080000000, 0x0000000084300000, 0x00000000d5580000)
  object space 68608K, 14% used [0x0000000080000000,0x00000000809cd200,0x0000000084300000)
 Metaspace       used 28293K, committed 29120K, reserved 1114112K
  class space    used 2847K, committed 3200K, reserved 1048576K
}
Event: 7.474 GC heap after
{Heap after GC invocations=9 (full 1):
 PSYoungGen      total 27648K, used 3555K [0x00000000d5580000, 0x00000000d7500000, 0x0000000100000000)
  eden space 24064K, 0% used [0x00000000d5580000,0x00000000d5580000,0x00000000d6d00000)
  from space 3584K, 99% used [0x00000000d7100000,0x00000000d7478c98,0x00000000d7480000)
  to   space 4096K, 0% used [0x00000000d6d00000,0x00000000d6d00000,0x00000000d7100000)
 ParOldGen       total 68608K, used 10060K [0x0000000080000000, 0x0000000084300000, 0x00000000d5580000)
  object space 68608K, 14% used [0x0000000080000000,0x00000000809d3200,0x0000000084300000)
 Metaspace       used 28293K, committed 29120K, reserved 1114112K
  class space    used 2847K, committed 3200K, reserved 1048576K
}

Dll operation events (10 events):
Event: 0.016 Loaded shared library c:\Users\sinha\.vscode\extensions\redhat.java-1.50.0-win32-x64\jre\21.0.9-win32-x86_64\bin\java.dll
Event: 0.096 Loaded shared library c:\Users\sinha\.vscode\extensions\redhat.java-1.50.0-win32-x64\jre\21.0.9-win32-x86_64\bin\zip.dll
Event: 0.125 Loaded shared library C:\Users\sinha\.vscode\extensions\redhat.java-1.50.0-win32-x64\jre\21.0.9-win32-x86_64\bin\instrument.dll
Event: 0.133 Loaded shared library C:\Users\sinha\.vscode\extensions\redhat.java-1.50.0-win32-x64\jre\21.0.9-win32-x86_64\bin\net.dll
Event: 0.137 Loaded shared library C:\Users\sinha\.vscode\extensions\redhat.java-1.50.0-win32-x64\jre\21.0.9-win32-x86_64\bin\nio.dll
Event: 0.142 Loaded shared library C:\Users\sinha\.vscode\extensions\redhat.java-1.50.0-win32-x64\jre\21.0.9-win32-x86_64\bin\zip.dll
Event: 0.171 Loaded shared library C:\Users\sinha\.vscode\extensions\redhat.java-1.50.0-win32-x64\jre\21.0.9-win32-x86_64\bin\jimage.dll
Event: 0.280 Loaded shared library c:\Users\sinha\.vscode\extensions\redhat.java-1.50.0-win32-x64\jre\21.0.9-win32-x86_64\bin\verify.dll
Event: 2.240 Loaded shared library C:\Users\sinha\AppData\Roaming\Code\User\globalStorage\redhat.java\1.50.0\config_ss_win\org.eclipse.equinox.launcher\org.eclipse.equinox.launcher.win32.win32.x86_64_1.2.1400.v20250801-0854\eclipse_11916.dll
Event: 6.359 Loaded shared library C:\Users\sinha\AppData\Local\Temp\jna-109442001\jna10765271282452392077.dll

Deoptimization events (20 events):
Event: 7.215 Thread 0x0000029ca616c5b0 Uncommon trap: trap_request=0xffffff45 fr.pc=0x0000029cb2794c44 relative=0x00000000000002a4
Event: 7.215 Thread 0x0000029ca616c5b0 Uncommon trap: reason=unstable_if action=reinterpret pc=0x0000029cb2794c44 method=java.util.HashMap$HashIterator.<init>(Ljava/util/HashMap;)V @ 45 c2
Event: 7.215 Thread 0x0000029ca616c5b0 DEOPT PACKING pc=0x0000029cb2794c44 sp=0x000000c292afe8f0
Event: 7.215 Thread 0x0000029ca616c5b0 DEOPT UNPACKING pc=0x0000029cb2213aa2 sp=0x000000c292afe888 mode 2
Event: 7.396 Thread 0x0000029d06dc76f0 Uncommon trap: trap_request=0xffffffde fr.pc=0x0000029cb284ebf0 relative=0x0000000000000050
Event: 7.396 Thread 0x0000029d06dc76f0 Uncommon trap: reason=class_check action=maybe_recompile pc=0x0000029cb284ebf0 method=java.lang.invoke.DirectMethodHandle.internalMemberName(Ljava/lang/Object;)Ljava/lang/Object; @ 1 c2
Event: 7.396 Thread 0x0000029d06dc76f0 DEOPT PACKING pc=0x0000029cb284ebf0 sp=0x000000c2955fec50
Event: 7.396 Thread 0x0000029d06dc76f0 DEOPT UNPACKING pc=0x0000029cb2213aa2 sp=0x000000c2955febe0 mode 2
Event: 7.523 Thread 0x0000029d068a94a0 Uncommon trap: trap_request=0xffffff45 fr.pc=0x0000029cb2894024 relative=0x0000000000000844
Event: 7.523 Thread 0x0000029d068a94a0 Uncommon trap: reason=unstable_if action=reinterpret pc=0x0000029cb2894024 method=java.util.concurrent.ConcurrentHashMap.putVal(Ljava/lang/Object;Ljava/lang/Object;Z)Ljava/lang/Object; @ 97 c2
Event: 7.523 Thread 0x0000029d068a94a0 DEOPT PACKING pc=0x0000029cb2894024 sp=0x000000c2945fd680
Event: 7.523 Thread 0x0000029d068a94a0 DEOPT UNPACKING pc=0x0000029cb2213aa2 sp=0x000000c2945fd5f8 mode 2
Event: 23.279 Thread 0x0000029d075ddfb0 Uncommon trap: trap_request=0xffffff45 fr.pc=0x0000029cb2897ec0 relative=0x00000000000001a0
Event: 23.279 Thread 0x0000029d075ddfb0 Uncommon trap: reason=unstable_if action=reinterpret pc=0x0000029cb2897ec0 method=jdk.internal.org.objectweb.asm.Frame.push(I)V @ 26 c2
Event: 23.279 Thread 0x0000029d075ddfb0 DEOPT PACKING pc=0x0000029cb2897ec0 sp=0x000000c2946fd790
Event: 23.279 Thread 0x0000029d075ddfb0 DEOPT UNPACKING pc=0x0000029cb2213aa2 sp=0x000000c2946fd718 mode 2
Event: 23.281 Thread 0x0000029d075ddfb0 Uncommon trap: trap_request=0xffffff45 fr.pc=0x0000029cb28b8f94 relative=0x0000000000004f14
Event: 23.281 Thread 0x0000029d075ddfb0 Uncommon trap: reason=unstable_if action=reinterpret pc=0x0000029cb28b8f94 method=java.lang.invoke.MethodType.genericMethodType(IZ)Ljava/lang/invoke/MethodType; @ 27 c2
Event: 23.281 Thread 0x0000029d075ddfb0 DEOPT PACKING pc=0x0000029cb28b8f94 sp=0x000000c2946fdde0
Event: 23.281 Thread 0x0000029d075ddfb0 DEOPT UNPACKING pc=0x0000029cb2213aa2 sp=0x000000c2946fdbf0 mode 2

Classes loaded (20 events):
Event: 23.204 Loading class java/util/concurrent/ForkJoinTask$AdaptedCallable
Event: 23.205 Loading class java/util/concurrent/ForkJoinTask$AdaptedCallable done
Event: 23.237 Loading class java/util/stream/Nodes$CollectorTask$OfRef
Event: 23.238 Loading class java/util/stream/Nodes$CollectorTask
Event: 23.238 Loading class java/util/stream/Nodes$CollectorTask done
Event: 23.238 Loading class java/util/stream/Nodes$CollectorTask$OfRef done
Event: 23.238 Loading class java/util/function/LongFunction
Event: 23.239 Loading class java/util/function/LongFunction done
Event: 23.239 Loading class java/util/stream/Nodes$ConcNode
Event: 23.240 Loading class java/util/stream/Nodes$AbstractConcNode
Event: 23.240 Loading class java/util/stream/Nodes$AbstractConcNode done
Event: 23.240 Loading class java/util/stream/Nodes$ConcNode done
Event: 23.245 Loading class java/util/concurrent/Executors$DelegatedScheduledExecutorService
Event: 23.250 Loading class java/util/concurrent/Executors$DelegatedExecutorService
Event: 23.251 Loading class java/util/concurrent/Executors$DelegatedExecutorService done
Event: 23.251 Loading class java/util/concurrent/Executors$DelegatedScheduledExecutorService done
Event: 23.418 Loading class java/nio/file/AccessDeniedException
Event: 23.418 Loading class java/nio/file/AccessDeniedException done
Event: 23.419 Loading class java/nio/file/DirectoryNotEmptyException
Event: 23.419 Loading class java/nio/file/DirectoryNotEmptyException done

Classes unloaded (7 events):
Event: 5.156 Thread 0x0000029ca5e34f30 Unloading class 0x0000029cc0190c00 'java/lang/invoke/LambdaForm$MH+0x0000029cc0190c00'
Event: 5.156 Thread 0x0000029ca5e34f30 Unloading class 0x0000029cc0190800 'java/lang/invoke/LambdaForm$MH+0x0000029cc0190800'
Event: 5.156 Thread 0x0000029ca5e34f30 Unloading class 0x0000029cc0190400 'java/lang/invoke/LambdaForm$MH+0x0000029cc0190400'
Event: 5.156 Thread 0x0000029ca5e34f30 Unloading class 0x0000029cc0190000 'java/lang/invoke/LambdaForm$MH+0x0000029cc0190000'
Event: 5.156 Thread 0x0000029ca5e34f30 Unloading class 0x0000029cc018fc00 'java/lang/invoke/LambdaForm$BMH+0x0000029cc018fc00'
Event: 5.156 Thread 0x0000029ca5e34f30 Unloading class 0x0000029cc018f800 'java/lang/invoke/LambdaForm$DMH+0x0000029cc018f800'
Event: 5.156 Thread 0x0000029ca5e34f30 Unloading class 0x0000029cc018e400 'java/lang/invoke/LambdaForm$DMH+0x0000029cc018e400'

Classes redefined (0 events):
No events

Internal exceptions (20 events):
Event: 6.616 Thread 0x0000029d069e7540 Exception <a 'java/io/FileNotFoundException'{0x00000000d5609e20}> (0x00000000d5609e20) 
thrown [s\src\hotspot\share\prims\jni.cpp, line 520]
Event: 6.617 Thread 0x0000029d069e7540 Exception <a 'java/io/FileNotFoundException'{0x00000000d560b0a8}> (0x00000000d560b0a8) 
thrown [s\src\hotspot\share\prims\jni.cpp, line 520]
Event: 6.620 Thread 0x0000029d069e7540 Exception <a 'java/lang/NoSuchMethodError'{0x00000000d5619320}: 'java.lang.Object java.lang.invoke.DirectMethodHandle$Holder.newInvokeSpecial(java.lang.Object, java.lang.Object, java.lang.Object, int)'> (0x00000000d5619320) 
thrown [s\src\hotspot\share\interpreter\linkResolver.cpp, line 773]
Event: 6.622 Thread 0x0000029d069e7540 Exception <a 'java/lang/NoSuchMethodError'{0x00000000d561cf98}: 'java.lang.Object java.lang.invoke.DirectMethodHandle$Holder.invokeSpecial(java.lang.Object, java.lang.Object, java.lang.Object, java.lang.Object, int)'> (0x00000000d561cf98) 
thrown [s\src\hotspot\share\interpreter\linkResolver.cpp, line 773]
Event: 6.622 Thread 0x0000029d069e7540 Exception <a 'java/lang/NoSuchMethodError'{0x00000000d5620698}: 'java.lang.Object java.lang.invoke.Invokers$Holder.linkToTargetMethod(java.lang.Object, java.lang.Object, int, java.lang.Object)'> (0x00000000d5620698) 
thrown [s\src\hotspot\share\interpreter\linkResolver.cpp, line 773]
Event: 6.625 Thread 0x0000029d069e7540 Exception <a 'java/lang/NoSuchMethodError'{0x00000000d562bfe0}: 'void java.lang.invoke.DirectMethodHandle$Holder.invokeStaticInit(java.lang.Object, java.lang.Object, java.lang.Object)'> (0x00000000d562bfe0) 
thrown [s\src\hotspot\share\interpreter\linkResolver.cpp, line 773]
Event: 6.648 Thread 0x0000029d069e7540 Exception <a 'java/io/FileNotFoundException'{0x00000000d56e6a30}> (0x00000000d56e6a30) 
thrown [s\src\hotspot\share\prims\jni.cpp, line 520]
Event: 6.651 Thread 0x0000029d069e7540 Exception <a 'java/io/FileNotFoundException'{0x00000000d56e7780}> (0x00000000d56e7780) 
thrown [s\src\hotspot\share\prims\jni.cpp, line 520]
Event: 7.139 Thread 0x0000029ca616c5b0 Exception <a 'java/lang/NoSuchMethodError'{0x00000000d61ad0e8}: 'void java.lang.invoke.DirectMethodHandle$Holder.invokeSpecial(java.lang.Object, java.lang.Object, java.lang.Object, java.lang.Object, java.lang.Object, java.lang.Object)'> (0x00000000d61ad0e8) 
thrown [s\src\hotspot\share\interpreter\linkResolver.cpp, line 773]
Event: 7.140 Thread 0x0000029ca616c5b0 Exception <a 'java/lang/IncompatibleClassChangeError'{0x00000000d61b5388}: Found class java.lang.Object, but interface was expected> (0x00000000d61b5388) 
thrown [s\src\hotspot\share\interpreter\linkResolver.cpp, line 840]
Event: 7.141 Thread 0x0000029ca616c5b0 Exception <a 'java/lang/IncompatibleClassChangeError'{0x00000000d61b7248}: Found class java.lang.Object, but interface was expected> (0x00000000d61b7248) 
thrown [s\src\hotspot\share\interpreter\linkResolver.cpp, line 840]
Event: 7.396 Thread 0x0000029d06dc76f0 Exception <a 'java/lang/NoSuchMethodError'{0x00000000d6747558}: 'java.lang.Object java.lang.invoke.DirectMethodHandle$Holder.invokeInterface(java.lang.Object, java.lang.Object, java.lang.Object)'> (0x00000000d6747558) 
thrown [s\src\hotspot\share\interpreter\linkResolver.cpp, line 773]
Event: 7.427 Thread 0x0000029d06dc76f0 Exception <a 'java/io/FileNotFoundException'{0x00000000d67e2d80}> (0x00000000d67e2d80) 
thrown [s\src\hotspot\share\prims\jni.cpp, line 520]
Event: 7.488 Thread 0x0000029d06dc76f0 Exception <a 'sun/nio/fs/WindowsException'{0x00000000d55b5910}> (0x00000000d55b5910) 
thrown [s\src\hotspot\share\prims\jni.cpp, line 520]
Event: 7.585 Thread 0x0000029d06dc76f0 Exception <a 'java/lang/IncompatibleClassChangeError'{0x00000000d586a4d0}: Found class java.lang.Object, but interface was expected> (0x00000000d586a4d0) 
thrown [s\src\hotspot\share\interpreter\linkResolver.cpp, line 840]
Event: 23.196 Thread 0x0000029d075ddfb0 Exception <a 'sun/nio/fs/WindowsException'{0x00000000d5a451a0}> (0x00000000d5a451a0) 
thrown [s\src\hotspot\share\prims\jni.cpp, line 520]
Event: 23.199 Thread 0x0000029d075ddfb0 Exception <a 'sun/nio/fs/WindowsException'{0x00000000d5a4b650}> (0x00000000d5a4b650) 
thrown [s\src\hotspot\share\prims\jni.cpp, line 520]
Event: 23.238 Thread 0x0000029d06dc76f0 Exception <a 'java/lang/NoSuchMethodError'{0x00000000d59d4f38}: 'void java.lang.invoke.DirectMethodHandle$Holder.invokeInterface(java.lang.Object, java.lang.Object)'> (0x00000000d59d4f38) 
thrown [s\src\hotspot\share\interpreter\linkResolver.cpp, line 773]
Event: 23.282 Thread 0x0000029d075ddfb0 Exception <a 'java/lang/NoSuchMethodError'{0x00000000d5b17ef0}: 'java.lang.Object java.lang.invoke.DirectMethodHandle$Holder.newInvokeSpecial(java.lang.Object, java.lang.Object, java.lang.Object, java.lang.Object, java.lang.Object, java.lang.Object, java.lang.Object, java.lang.Object, java.lang.Object, java.lang.Object)'> (0x00000000d5b17ef0) 
thrown [s\src\hotspot\share\interpreter\linkResolver.cpp, line 773]
Event: 23.430 Thread 0x0000029d075ddfb0 Exception <a 'sun/nio/fs/WindowsException'{0x00000000d5bfb8d0}> (0x00000000d5bfb8d0) 
thrown [s\src\hotspot\share\prims\jni.cpp, line 520]

ZGC Phase Switch (0 events):
No events

VM Operations (20 events):
Event: 5.723 Executing VM operation: HandshakeAllThreads (Deoptimize)
Event: 5.723 Executing VM operation: HandshakeAllThreads (Deoptimize) done
Event: 5.839 Executing VM operation: HandshakeAllThreads (Deoptimize)
Event: 5.839 Executing VM operation: HandshakeAllThreads (Deoptimize) done
Event: 6.392 Executing VM operation: HandshakeAllThreads (Deoptimize)
Event: 6.392 Executing VM operation: HandshakeAllThreads (Deoptimize) done
Event: 6.392 Executing VM operation: Cleanup
Event: 6.393 Executing VM operation: Cleanup done
Event: 6.587 Executing VM operation: ParallelGCFailedAllocation (Allocation Failure)
Event: 6.595 Executing VM operation: ParallelGCFailedAllocation (Allocation Failure) done
Event: 7.410 Executing VM operation: HandshakeAllThreads (Deoptimize)
Event: 7.410 Executing VM operation: HandshakeAllThreads (Deoptimize) done
Event: 7.470 Executing VM operation: ParallelGCFailedAllocation (Allocation Failure)
Event: 7.474 Executing VM operation: ParallelGCFailedAllocation (Allocation Failure) done
Event: 8.482 Executing VM operation: Cleanup
Event: 8.482 Executing VM operation: Cleanup done
Event: 9.483 Executing VM operation: Cleanup
Event: 9.483 Executing VM operation: Cleanup done
Event: 23.561 Executing VM operation: Cleanup
Event: 23.561 Executing VM operation: Cleanup done

Memory protections (0 events):
No events

Nmethod flushes (0 events):
No events

Events (20 events):
Event: 4.977 Thread 0x0000029d068a94a0 Thread added: 0x0000029d075ddfb0
Event: 5.135 Thread 0x0000029d066ac0b0 Thread added: 0x0000029d071f1550
Event: 5.367 Thread 0x0000029d071f1550 Thread exited: 0x0000029d071f1550
Event: 6.404 Thread 0x0000029d066ac0b0 Thread added: 0x0000029d071f0ec0
Event: 6.629 Thread 0x0000029ca616c5b0 Thread added: 0x0000029d071f2270
Event: 6.630 Thread 0x0000029ca616c5b0 Thread added: 0x0000029d071f1be0
Event: 6.630 Thread 0x0000029ca616c5b0 Thread added: 0x0000029d071f3620
Event: 6.630 Thread 0x0000029ca616c5b0 Thread added: 0x0000029d071f4340
Event: 6.630 Thread 0x0000029ca616c5b0 Thread added: 0x0000029d071f2900
Event: 6.630 Thread 0x0000029ca616c5b0 Thread added: 0x0000029d071f1550
Event: 6.631 Thread 0x0000029ca616c5b0 Thread added: 0x0000029d071f2f90
Event: 6.631 Thread 0x0000029ca616c5b0 Thread added: 0x0000029d071f3cb0
Event: 6.631 Thread 0x0000029ca616c5b0 Thread added: 0x0000029d06dc4900
Event: 6.689 Thread 0x0000029ca616c5b0 Thread added: 0x0000029d06dc4f90
Event: 7.167 Thread 0x0000029ca616c5b0 Thread added: 0x0000029d06dc5620
Event: 7.167 Thread 0x0000029ca616c5b0 Thread added: 0x0000029d06dc76f0
Event: 23.146 Thread 0x0000029d06dc76f0 Thread added: 0x0000029d06dc5cb0
Event: 23.205 Thread 0x0000029d075ddfb0 Thread added: 0x0000029d06dc4270
Event: 23.250 Thread 0x0000029d06dc4270 Thread exited: 0x0000029d06dc4270
Event: 23.252 Thread 0x0000029d06dc76f0 Thread added: 0x0000029d06dc4270


Dynamic libraries:
0x00007ff70d9f0000 - 0x00007ff70d9fe000 	c:\Users\sinha\.vscode\extensions\redhat.java-1.50.0-win32-x64\jre\21.0.9-win32-x86_64\bin\java.exe
0x00007ff86f120000 - 0x00007ff86f388000 	C:\WINDOWS\SYSTEM32\ntdll.dll
0x00007ff86e8c0000 - 0x00007ff86e989000 	C:\WINDOWS\System32\KERNEL32.DLL
0x00007ff86c5c0000 - 0x00007ff86c9b8000 	C:\WINDOWS\System32\KERNELBASE.dll
0x00007ff86c300000 - 0x00007ff86c44b000 	C:\WINDOWS\System32\ucrtbase.dll
0x00007ff85dde0000 - 0x00007ff85ddf8000 	c:\Users\sinha\.vscode\extensions\redhat.java-1.50.0-win32-x64\jre\21.0.9-win32-x86_64\bin\jli.dll
0x00007ff85f3b0000 - 0x00007ff85f3ce000 	c:\Users\sinha\.vscode\extensions\redhat.java-1.50.0-win32-x64\jre\21.0.9-win32-x86_64\bin\VCRUNTIME140.dll
0x00007ff86d390000 - 0x00007ff86d557000 	C:\WINDOWS\System32\USER32.dll
0x00007ff8566b0000 - 0x00007ff856944000 	C:\WINDOWS\WinSxS\amd64_microsoft.windows.common-controls_6595b64144ccf1df_6.0.26100.7019_none_3e06ffa0e335b8a8\COMCTL32.dll
0x00007ff86ce90000 - 0x00007ff86ceb7000 	C:\WINDOWS\System32\win32u.dll
0x00007ff86ecb0000 - 0x00007ff86ed59000 	C:\WINDOWS\System32\msvcrt.dll
0x00007ff86e5b0000 - 0x00007ff86e5db000 	C:\WINDOWS\System32\GDI32.dll
0x00007ff86ccb0000 - 0x00007ff86cddc000 	C:\WINDOWS\System32\gdi32full.dll
0x00007ff86c510000 - 0x00007ff86c5b3000 	C:\WINDOWS\System32\msvcp_win.dll
0x00007ff86f0a0000 - 0x00007ff86f0d1000 	C:\WINDOWS\System32\IMM32.DLL
0x00007ff85f480000 - 0x00007ff85f48c000 	c:\Users\sinha\.vscode\extensions\redhat.java-1.50.0-win32-x64\jre\21.0.9-win32-x86_64\bin\vcruntime140_1.dll
0x00007ff84fc10000 - 0x00007ff84fc9d000 	c:\Users\sinha\.vscode\extensions\redhat.java-1.50.0-win32-x64\jre\21.0.9-win32-x86_64\bin\msvcp140.dll
0x00007fffd1eb0000 - 0x00007fffd2c50000 	c:\Users\sinha\.vscode\extensions\redhat.java-1.50.0-win32-x64\jre\21.0.9-win32-x86_64\bin\server\jvm.dll
0x00007ff86e5f0000 - 0x00007ff86e6a4000 	C:\WINDOWS\System32\ADVAPI32.dll
0x00007ff86eb70000 - 0x00007ff86ec16000 	C:\WINDOWS\System32\sechost.dll
0x00007ff86cee0000 - 0x00007ff86cff8000 	C:\WINDOWS\System32\RPCRT4.dll
0x00007ff86d9f0000 - 0x00007ff86da64000 	C:\WINDOWS\System32\WS2_32.dll
0x00007ff865010000 - 0x00007ff86501b000 	C:\WINDOWS\SYSTEM32\VERSION.dll
0x00007ff86c0d0000 - 0x00007ff86c12e000 	C:\WINDOWS\SYSTEM32\POWRPROF.dll
0x00007ff869c60000 - 0x00007ff869c95000 	C:\WINDOWS\SYSTEM32\WINMM.dll
0x00007ff86c0b0000 - 0x00007ff86c0c4000 	C:\WINDOWS\SYSTEM32\UMPDC.dll
0x00007ff86b030000 - 0x00007ff86b04b000 	C:\WINDOWS\SYSTEM32\kernel.appcore.dll
0x00007ff85f440000 - 0x00007ff85f44a000 	c:\Users\sinha\.vscode\extensions\redhat.java-1.50.0-win32-x64\jre\21.0.9-win32-x86_64\bin\jimage.dll
0x00007ff869a10000 - 0x00007ff869c52000 	C:\WINDOWS\SYSTEM32\DBGHELP.DLL
0x00007ff86d000000 - 0x00007ff86d38b000 	C:\WINDOWS\System32\combase.dll
0x00007ff86dae0000 - 0x00007ff86dbb7000 	C:\WINDOWS\System32\OLEAUT32.dll
0x00007ff869850000 - 0x00007ff86988c000 	C:\WINDOWS\SYSTEM32\dbgcore.DLL
0x00007ff86cde0000 - 0x00007ff86ce85000 	C:\WINDOWS\System32\bcryptPrimitives.dll
0x00007ff85f420000 - 0x00007ff85f42f000 	c:\Users\sinha\.vscode\extensions\redhat.java-1.50.0-win32-x64\jre\21.0.9-win32-x86_64\bin\instrument.dll
0x00007ff85d710000 - 0x00007ff85d730000 	c:\Users\sinha\.vscode\extensions\redhat.java-1.50.0-win32-x64\jre\21.0.9-win32-x86_64\bin\java.dll
0x00007ff86dbc0000 - 0x00007ff86e30f000 	C:\WINDOWS\System32\SHELL32.dll
0x00007ff86c9c0000 - 0x00007ff86cb2b000 	C:\WINDOWS\System32\wintypes.dll
0x00007ff869ed0000 - 0x00007ff86a72d000 	C:\WINDOWS\SYSTEM32\windows.storage.dll
0x00007ff86e7b0000 - 0x00007ff86e8a2000 	C:\WINDOWS\System32\SHCORE.dll
0x00007ff86e320000 - 0x00007ff86e387000 	C:\WINDOWS\System32\shlwapi.dll
0x00007ff86c190000 - 0x00007ff86c1b9000 	C:\WINDOWS\SYSTEM32\profapi.dll
0x00007ff85d6f0000 - 0x00007ff85d708000 	c:\Users\sinha\.vscode\extensions\redhat.java-1.50.0-win32-x64\jre\21.0.9-win32-x86_64\bin\zip.dll
0x00007ff85f040000 - 0x00007ff85f050000 	C:\Users\sinha\.vscode\extensions\redhat.java-1.50.0-win32-x64\jre\21.0.9-win32-x86_64\bin\net.dll
0x00007ff863990000 - 0x00007ff863ab8000 	C:\WINDOWS\SYSTEM32\WINHTTP.dll
0x00007ff86b5a0000 - 0x00007ff86b60b000 	C:\WINDOWS\system32\mswsock.dll
0x00007ff85d6d0000 - 0x00007ff85d6e6000 	C:\Users\sinha\.vscode\extensions\redhat.java-1.50.0-win32-x64\jre\21.0.9-win32-x86_64\bin\nio.dll
0x00007ff85e5d0000 - 0x00007ff85e5e0000 	c:\Users\sinha\.vscode\extensions\redhat.java-1.50.0-win32-x64\jre\21.0.9-win32-x86_64\bin\verify.dll
0x00007ff852820000 - 0x00007ff852864000 	C:\Users\sinha\AppData\Roaming\Code\User\globalStorage\redhat.java\1.50.0\config_ss_win\org.eclipse.equinox.launcher\org.eclipse.equinox.launcher.win32.win32.x86_64_1.2.1400.v20250801-0854\eclipse_11916.dll
0x00007ff86e410000 - 0x00007ff86e5a7000 	C:\WINDOWS\System32\ole32.dll
0x00007ff86b860000 - 0x00007ff86b87b000 	C:\WINDOWS\SYSTEM32\CRYPTSP.dll
0x00007ff86af90000 - 0x00007ff86afca000 	C:\WINDOWS\system32\rsaenh.dll
0x00007ff86b650000 - 0x00007ff86b67b000 	C:\WINDOWS\SYSTEM32\USERENV.dll
0x00007ff86c160000 - 0x00007ff86c18a000 	C:\WINDOWS\SYSTEM32\bcrypt.dll
0x00007ff86b880000 - 0x00007ff86b88c000 	C:\WINDOWS\SYSTEM32\CRYPTBASE.dll
0x00007ff86aa90000 - 0x00007ff86aac4000 	C:\WINDOWS\SYSTEM32\IPHLPAPI.DLL
0x00007ff86e8b0000 - 0x00007ff86e8ba000 	C:\WINDOWS\System32\NSI.dll
0x00007ff83c9b0000 - 0x00007ff83c9f9000 	C:\Users\sinha\AppData\Local\Temp\jna-109442001\jna10765271282452392077.dll
0x00007ff86e5e0000 - 0x00007ff86e5e8000 	C:\WINDOWS\System32\PSAPI.DLL
0x00007ff8637a0000 - 0x00007ff8637be000 	C:\WINDOWS\SYSTEM32\dhcpcsvc6.DLL
0x00007ff863590000 - 0x00007ff8635b3000 	C:\WINDOWS\SYSTEM32\dhcpcsvc.DLL

JVMTI agents:
c:\Users\sinha\.vscode\extensions\redhat.java-1.50.0-win32-x64\lombok\lombok-1.18.39-4050.jar path:c:\Users\sinha\.vscode\extensions\redhat.java-1.50.0-win32-x64\jre\21.0.9-win32-x86_64\bin\instrument.dll, loaded, initialized, instrumentlib options:none

dbghelp: loaded successfully - version: 4.0.5 - missing functions: none
symbol engine: initialized successfully - sym options: 0x614 - pdb path: .;c:\Users\sinha\.vscode\extensions\redhat.java-1.50.0-win32-x64\jre\21.0.9-win32-x86_64\bin;C:\WINDOWS\SYSTEM32;C:\WINDOWS\WinSxS\amd64_microsoft.windows.common-controls_6595b64144ccf1df_6.0.26100.7019_none_3e06ffa0e335b8a8;c:\Users\sinha\.vscode\extensions\redhat.java-1.50.0-win32-x64\jre\21.0.9-win32-x86_64\bin\server;C:\Users\sinha\AppData\Roaming\Code\User\globalStorage\redhat.java\1.50.0\config_ss_win\org.eclipse.equinox.launcher\org.eclipse.equinox.launcher.win32.win32.x86_64_1.2.1400.v20250801-0854;C:\Users\sinha\AppData\Local\Temp\jna-109442001

VM Arguments:
jvm_args: --add-modules=ALL-SYSTEM --add-opens=java.base/java.util=ALL-UNNAMED --add-opens=java.base/java.lang=ALL-UNNAMED --add-opens=java.base/sun.nio.fs=ALL-UNNAMED -Declipse.application=org.eclipse.jdt.ls.core.id1 -Dosgi.bundles.defaultStartLevel=4 -Declipse.product=org.eclipse.jdt.ls.core.product -Djava.import.generatesMetadataFilesAtProjectRoot=false -DDetectVMInstallationsJob.disabled=true -Dfile.encoding=utf8 -XX:+UseParallelGC -XX:GCTimeRatio=4 -XX:AdaptiveSizePolicyWeight=90 -Dsun.zip.disableMemoryMapping=true -Xmx2G -Xms100m -Xlog:disable -javaagent:c:\Users\sinha\.vscode\extensions\redhat.java-1.50.0-win32-x64\lombok\lombok-1.18.39-4050.jar 
java_command: c:\Users\sinha\.vscode\extensions\redhat.java-1.50.0-win32-x64\server\plugins\org.eclipse.equinox.launcher_1.7.100.v20251111-0406.jar -configuration c:\Users\sinha\AppData\Roaming\Code\User\globalStorage\redhat.java\1.50.0\config_ss_win -data c:\Users\sinha\AppData\Roaming\Code\User\workspaceStorage\e2c8a529bdc3df820550f1f817b46aa4\redhat.java\ss_ws --pipe=\\.\pipe\lsp-661b507bf24bed32de6d078cd404fb82-sock
java_class_path (initial): c:\Users\sinha\.vscode\extensions\redhat.java-1.50.0-win32-x64\server\plugins\org.eclipse.equinox.launcher_1.7.100.v20251111-0406.jar
Launcher Type: SUN_STANDARD

[Global flags]
    uintx AdaptiveSizePolicyWeight                 = 90                                        {product} {command line}
     intx CICompilerCount                          = 4                                         {product} {ergonomic}
    uintx GCTimeRatio                              = 4                                         {product} {command line}
   size_t InitialHeapSize                          = 104857600                                 {product} {command line}
   size_t MaxHeapSize                              = 2147483648                                {product} {command line}
   size_t MaxNewSize                               = 715653120                                 {product} {ergonomic}
   size_t MinHeapDeltaBytes                        = 524288                                    {product} {ergonomic}
   size_t MinHeapSize                              = 104857600                                 {product} {command line}
   size_t NewSize                                  = 34603008                                  {product} {ergonomic}
    uintx NonNMethodCodeHeapSize                   = 5839372                                {pd product} {ergonomic}
    uintx NonProfiledCodeHeapSize                  = 122909434                              {pd product} {ergonomic}
   size_t OldSize                                  = 70254592                                  {product} {ergonomic}
    uintx ProfiledCodeHeapSize                     = 122909434                              {pd product} {ergonomic}
    uintx ReservedCodeCacheSize                    = 251658240                              {pd product} {ergonomic}
     bool SegmentedCodeCache                       = true                                      {product} {ergonomic}
   size_t SoftMaxHeapSize                          = 2147483648                             {manageable} {ergonomic}
     bool UseCompressedOops                        = true                           {product lp64_product} {ergonomic}
     bool UseLargePagesIndividualAllocation        = false                                  {pd product} {ergonomic}
     bool UseParallelGC                            = true                                      {product} {command line}

Logging:
Log output configuration:
 #0: stdout all=off uptime,level,tags foldmultilines=false
 #1: stderr all=off uptime,level,tags foldmultilines=false

Release file:
JAVA_VERSION="21.0.9" 
MODULES="java.base java.compiler java.datatransfer java.xml java.prefs java.desktop java.instrument java.logging java.management java.security.sasl java.naming java.rmi java.management.rmi java.net.http java.scripting java.security.jgss java.transaction.xa java.sql java.sql.rowset java.xml.crypto java.se java.smartcardio jdk.accessibility jdk.internal.jvmstat jdk.attach jdk.charsets jdk.internal.opt jdk.zipfs jdk.compiler jdk.crypto.ec jdk.crypto.cryptoki jdk.crypto.mscapi jdk.dynalink jdk.internal.ed jdk.editpad jdk.hotspot.agent jdk.httpserver jdk.internal.le jdk.internal.vm.ci jdk.internal.vm.compiler jdk.internal.vm.compiler.management jdk.jartool jdk.javadoc jdk.jcmd jdk.management jdk.management.agent jdk.jconsole jdk.jdeps jdk.jdwp.agent jdk.jdi jdk.jfr jdk.jshell jdk.jsobject jdk.jstatd jdk.localedata jdk.management.jfr jdk.naming.dns jdk.naming.rmi jdk.net jdk.nio.mapmode jdk.random jdk.sctp jdk.security.auth jdk.security.jgss jdk.unsupported jdk.unsupported.desktop jdk.xml.dom" 

Environment Variables:
JAVA_HOME=C:\Program Files\Eclipse Adoptium\jdk-17.0.17.10-hotspot
PATH=C:\Program Files\Eclipse Adoptium\jdk-17.0.17.10-hotspot\bin;C:\Program Files\Eclipse Adoptium\jdk-25.0.1.8-hotspot\bin;C:\Python311\Scripts\;C:\Python311\;C:\Program Files (x86)\Common Files\Oracle\Java\javapath;C:\WINDOWS\system32;C:\WINDOWS;C:\WINDOWS\System32\Wbem;C:\WINDOWS\System32\WindowsPowerShell\v1.0\;C:\WINDOWS\System32\OpenSSH\;C:\MinGW\bin;C:\Program Files\Git\cmd;C:\Program Files\dotnet\;C:\ProgramData\chocolatey\bin;C:\Program Files (x86)\Microsoft SQL Server\160\Tools\Binn\;C:\Program Files\Microsoft SQL Server\160\Tools\Binn\;C:\Program Files\Microsoft SQL Server\Client SDK\ODBC\170\Tools\Binn\;C:\Program Files\Microsoft SQL Server\160\DTS\Binn\;C:\Program Files\nodejs\;C:\Program Files\GitHub CLI\;C:\Maven\apache-maven-3.9.11-bin\apache-maven-3.9.11\bin;C:\Program Files\Eclipse Adoptium\jdk-17.0.17.10-hotspot\bin;C:\Program Files\MySQL\MySQL Shell 8.0\bin\;C:\Users\sinha\AppData\Local\Microsoft\WindowsApps;;C:\Users\sinha\AppData\Local\Programs\Microsoft VS Code\bin;C:\Users\sinha\AppData\Local\hyper\app-3.0.2\resources\bin;C:\Program Files\heroku\bin;C:\Users\sinha\AppData\Roaming\npm;C:\Users\sinha\AppData\Local\Programs\cursor\resources\app\bin;C:\Program Files\Processing\;C:\Program Files\Eclipse Adoptium\jdk-17.0.17.10-hotspot\bin
USERNAME=sinha
OS=Windows_NT
PROCESSOR_IDENTIFIER=AMD64 Family 23 Model 24 Stepping 1, AuthenticAMD
TMP=C:\Users\sinha\AppData\Local\Temp
TEMP=C:\Users\sinha\AppData\Local\Temp




Periodic native trim disabled

---------------  S Y S T E M  ---------------

OS:
 Windows 11 , 64 bit Build 26100 (10.0.26100.7019)
OS uptime: 6 days 0:32 hours

CPU: total 8 (initial active 8) (8 cores per cpu, 2 threads per core) family 23 model 24 stepping 1 microcode 0x810810e, cx8, cmov, fxsr, ht, mmx, 3dnowpref, sse, sse2, sse3, ssse3, sse4a, sse4.1, sse4.2, popcnt, lzcnt, tsc, tscinvbit, avx, avx2, aes, clmul, bmi1, bmi2, adx, sha, fma, vzeroupper, clflush, clflushopt, rdtscp, f16c
Processor Information for the first 8 processors :
  Max Mhz: 2100, Current Mhz: 2100, Mhz Limit: 2100

Memory: 4k page, system-wide physical 6030M (505M free)
TotalPageFile size 24462M (AvailPageFile size 92M)
current process WorkingSet (physical memory assigned to process): 137M, peak: 168M
current process commit charge ("private bytes"): 289M, peak: 300M

vm_info: OpenJDK 64-Bit Server VM (21.0.9+10-LTS) for windows-amd64 JRE (21.0.9+10-LTS), built on 2025-10-21T00:00:00Z by "admin" with unknown MS VC++:1942

END.
