#
# There is insufficient memory for the Java Runtime Environment to continue.
# Native memory allocation (malloc) failed to allocate 1048016 bytes. Error detail: Chunk::new
# Possible reasons:
#   The system is out of physical RAM or swap space
#   This process is running with CompressedOops enabled, and the Java Heap may be blocking the growth of the native heap
# Possible solutions:
#   Reduce memory load on the system
#   Increase physical memory or swap space
#   Check if swap backing store is full
#   Decrease Java heap size (-Xmx/-Xms)
#   Decrease number of Java threads
#   Decrease Java thread stack sizes (-Xss)
#   Set larger code cache with -XX:ReservedCodeCacheSize=
#   JVM is running with Unscaled Compressed Oops mode in which the Java heap is
#     placed in the first 4GB address space. The Java Heap base address is the
#     maximum limit for the native heap growth. Please use -XX:HeapBaseMinAddress
#     to set the Java Heap base and to place the Java Heap above 4GB virtual address.
# This output file may be truncated or incomplete.
#
#  Out of Memory Error (arena.cpp:168), pid=7228, tid=10056
#
# JRE version: OpenJDK Runtime Environment Temurin-21.0.9+10 (21.0.9+10) (build 21.0.9+10-LTS)
# Java VM: OpenJDK 64-Bit Server VM Temurin-21.0.9+10 (21.0.9+10-LTS, mixed mode, sharing, tiered, compressed oops, compressed class ptrs, parallel gc, windows-amd64)
# No core dump will be written. Minidumps are not enabled by default on client versions of Windows
#

---------------  S U M M A R Y ------------

Command Line: --add-modules=ALL-SYSTEM --add-opens=java.base/java.util=ALL-UNNAMED --add-opens=java.base/java.lang=ALL-UNNAMED --add-opens=java.base/sun.nio.fs=ALL-UNNAMED -Declipse.application=org.eclipse.jdt.ls.core.id1 -Dosgi.bundles.defaultStartLevel=4 -Declipse.product=org.eclipse.jdt.ls.core.product -Djava.import.generatesMetadataFilesAtProjectRoot=false -DDetectVMInstallationsJob.disabled=true -Dfile.encoding=utf8 -XX:+UseParallelGC -XX:GCTimeRatio=4 -XX:AdaptiveSizePolicyWeight=90 -Dsun.zip.disableMemoryMapping=true -Xmx2G -Xms100m -Xlog:disable -javaagent:c:\Users\sinha\.vscode\extensions\redhat.java-1.50.0-win32-x64\lombok\lombok-1.18.39-4050.jar -XX:+HeapDumpOnOutOfMemoryError -XX:HeapDumpPath=c:\Users\sinha\AppData\Roaming\Code\User\workspaceStorage\e2c8a529bdc3df820550f1f817b46aa4\redhat.java -Daether.dependencyCollector.impl=bf c:\Users\sinha\.vscode\extensions\redhat.java-1.50.0-win32-x64\server\plugins\org.eclipse.equinox.launcher_1.7.100.v20251111-0406.jar -configuration c:\Users\sinha\AppData\Roaming\Code\User\globalStorage\redhat.java\1.50.0\config_win -data c:\Users\sinha\AppData\Roaming\Code\User\workspaceStorage\e2c8a529bdc3df820550f1f817b46aa4\redhat.java\jdt_ws --pipe=\\.\pipe\lsp-413ee59bb06b7cee20d3be45b8d2562f-sock

Host: AMD Ryzen 5 3500U with Radeon Vega Mobile Gfx  , 8 cores, 5G,  Windows 11 , 64 bit Build 26100 (10.0.26100.7019)
Time: Fri Dec  5 18:03:33 2025 India Standard Time elapsed time: 47.362153 seconds (0d 0h 0m 47s)

---------------  T H R E A D  ---------------

Current thread (0x000001fd5e2bb010):  JavaThread "C2 CompilerThread1" daemon [_thread_in_native, id=10056, stack(0x000000485bd00000,0x000000485be00000) (1024K)]


Current CompileTask:
C2:47362 11414   !   4       org.eclipse.jdt.internal.compiler.classfmt.ClassFileReader::<init> (1968 bytes)

Stack: [0x000000485bd00000,0x000000485be00000]
Native frames: (J=compiled Java code, j=interpreted, Vv=VM code, C=native code)
V  [jvm.dll+0x6d6e29]
V  [jvm.dll+0x8b4b76]
V  [jvm.dll+0x8b712e]
V  [jvm.dll+0x8b7813]
V  [jvm.dll+0x283d86]
V  [jvm.dll+0xc66ed]
V  [jvm.dll+0xc6c31]
V  [jvm.dll+0x3be501]
V  [jvm.dll+0x1e3d59]
V  [jvm.dll+0x24c0f3]
V  [jvm.dll+0x24b580]
V  [jvm.dll+0x1cb13e]
V  [jvm.dll+0x25b29d]
V  [jvm.dll+0x25982a]
V  [jvm.dll+0x3f7ea6]
V  [jvm.dll+0x85e9ad]
V  [jvm.dll+0x6d565d]
C  [ucrtbase.dll+0x37b0]
C  [KERNEL32.DLL+0x2e8d7]
C  [ntdll.dll+0x8c53c]


---------------  P R O C E S S  ---------------

Threads class SMR info:
_java_thread_list=0x000001fd5cfddba0, length=53, elements={
0x000001fd7b7fdef0, 0x000001fd7b76eab0, 0x000001fd7b771080, 0x000001fd7b775bf0,
0x000001fd7b776840, 0x000001fd7b777490, 0x000001fd7b779ef0, 0x000001fd7b77ad20,
0x000001fd54af3d70, 0x000001fd54c7cad0, 0x000001fd54db4bc0, 0x000001fd59750b50,
0x000001fd59348b00, 0x000001fd5970c080, 0x000001fd5970cab0, 0x000001fd5945fa80,
0x000001fd594761f0, 0x000001fd595cda70, 0x000001fd595cfb40, 0x000001fd595ce100,
0x000001fd595cee20, 0x000001fd595ce790, 0x000001fd595cc6c0, 0x000001fd595ccd50,
0x000001fd595cd3e0, 0x000001fd5b3380f0, 0x000001fd5b33aee0, 0x000001fd5b338780,
0x000001fd5b33b570, 0x000001fd5b339b30, 0x000001fd5b33a1c0, 0x000001fd5b338e10,
0x000001fd5b33bc00, 0x000001fd5b33c290, 0x000001fd5b33c920, 0x000001fd5b3394a0,
0x000001fd5b33cfb0, 0x000001fd5b33d640, 0x000001fd5b33dcd0, 0x000001fd5b33a850,
0x000001fd5b33e360, 0x000001fd5b33e9f0, 0x000001fd5b33f080, 0x000001fd5de95120,
0x000001fd5de97f10, 0x000001fd5de95e40, 0x000001fd5de964d0, 0x000001fd5de96b60,
0x000001fd5de992c0, 0x000001fd5de99950, 0x000001fd5de9ad00, 0x000001fd5de99fe0,
0x000001fd5e2bb010
}

Java Threads: ( => current thread )
  0x000001fd7b7fdef0 JavaThread "main"                              [_thread_blocked, id=25072, stack(0x0000004859c00000,0x0000004859d00000) (1024K)]
  0x000001fd7b76eab0 JavaThread "Reference Handler"          daemon [_thread_blocked, id=1156, stack(0x000000485a000000,0x000000485a100000) (1024K)]
  0x000001fd7b771080 JavaThread "Finalizer"                  daemon [_thread_blocked, id=12944, stack(0x000000485a100000,0x000000485a200000) (1024K)]
  0x000001fd7b775bf0 JavaThread "Signal Dispatcher"          daemon [_thread_blocked, id=25528, stack(0x000000485a200000,0x000000485a300000) (1024K)]
  0x000001fd7b776840 JavaThread "Attach Listener"            daemon [_thread_blocked, id=23572, stack(0x000000485a300000,0x000000485a400000) (1024K)]
  0x000001fd7b777490 JavaThread "Service Thread"             daemon [_thread_blocked, id=24268, stack(0x000000485a400000,0x000000485a500000) (1024K)]
  0x000001fd7b779ef0 JavaThread "Monitor Deflation Thread"   daemon [_thread_blocked, id=24232, stack(0x000000485a500000,0x000000485a600000) (1024K)]
  0x000001fd7b77ad20 JavaThread "C2 CompilerThread0"         daemon [_thread_in_native, id=26180, stack(0x000000485a600000,0x000000485a700000) (1024K)]
  0x000001fd54af3d70 JavaThread "C1 CompilerThread0"         daemon [_thread_blocked, id=3500, stack(0x000000485a700000,0x000000485a800000) (1024K)]
  0x000001fd54c7cad0 JavaThread "Common-Cleaner"             daemon [_thread_blocked, id=26496, stack(0x000000485a800000,0x000000485a900000) (1024K)]
  0x000001fd54db4bc0 JavaThread "Notification Thread"        daemon [_thread_blocked, id=26204, stack(0x000000485a900000,0x000000485aa00000) (1024K)]
  0x000001fd59750b50 JavaThread "Active Thread: Equinox Container: 984bdc13-cd6b-46fd-8afe-accb14c04ff2"        [_thread_blocked, id=11928, stack(0x000000485b000000,0x000000485b100000) (1024K)]
  0x000001fd59348b00 JavaThread "Refresh Thread: Equinox Container: 984bdc13-cd6b-46fd-8afe-accb14c04ff2" daemon [_thread_blocked, id=2072, stack(0x000000485b100000,0x000000485b200000) (1024K)]
  0x000001fd5970c080 JavaThread "Framework Event Dispatcher: Equinox Container: 984bdc13-cd6b-46fd-8afe-accb14c04ff2" daemon [_thread_blocked, id=22936, stack(0x000000485b300000,0x000000485b400000) (1024K)]
  0x000001fd5970cab0 JavaThread "Start Level: Equinox Container: 984bdc13-cd6b-46fd-8afe-accb14c04ff2" daemon [_thread_blocked, id=18452, stack(0x000000485b400000,0x000000485b500000) (1024K)]
  0x000001fd5945fa80 JavaThread "Bundle File Closer"         daemon [_thread_blocked, id=25684, stack(0x000000485b500000,0x000000485b600000) (1024K)]
  0x000001fd594761f0 JavaThread "SCR Component Actor"        daemon [_thread_blocked, id=25064, stack(0x000000485b600000,0x000000485b700000) (1024K)]
  0x000001fd595cda70 JavaThread "Worker-JM"                         [_thread_blocked, id=19620, stack(0x000000485b700000,0x000000485b800000) (1024K)]
  0x000001fd595cfb40 JavaThread "Worker-0"                          [_thread_blocked, id=4536, stack(0x000000485b800000,0x000000485b900000) (1024K)]
  0x000001fd595ce100 JavaThread "Worker-1: Java indexing... "        [_thread_blocked, id=8960, stack(0x000000485b900000,0x000000485ba00000) (1024K)]
  0x000001fd595cee20 JavaThread "Worker-2"                          [_thread_blocked, id=20572, stack(0x000000485ba00000,0x000000485bb00000) (1024K)]
  0x000001fd595ce790 JavaThread "Worker-3"                          [_thread_blocked, id=13744, stack(0x000000485bb00000,0x000000485bc00000) (1024K)]
  0x000001fd595cc6c0 JavaThread "Java indexing"              daemon [_thread_blocked, id=12244, stack(0x000000485bc00000,0x000000485bd00000) (1024K)]
  0x000001fd595ccd50 JavaThread "JNA Cleaner"                daemon [_thread_blocked, id=17740, stack(0x000000485be00000,0x000000485bf00000) (1024K)]
  0x000001fd595cd3e0 JavaThread "Worker-4"                          [_thread_blocked, id=21588, stack(0x000000485c100000,0x000000485c200000) (1024K)]
  0x000001fd5b3380f0 JavaThread "Worker-5: Check JDK Index"         [_thread_blocked, id=8832, stack(0x000000485c200000,0x000000485c300000) (1024K)]
  0x000001fd5b33aee0 JavaThread "Thread-1"                   daemon [_thread_in_native, id=23512, stack(0x000000485c300000,0x000000485c400000) (1024K)]
  0x000001fd5b338780 JavaThread "Thread-2"                   daemon [_thread_in_native, id=2644, stack(0x000000485c400000,0x000000485c500000) (1024K)]
  0x000001fd5b33b570 JavaThread "Thread-3"                   daemon [_thread_in_native, id=24160, stack(0x000000485c500000,0x000000485c600000) (1024K)]
  0x000001fd5b339b30 JavaThread "Thread-4"                   daemon [_thread_in_native, id=25468, stack(0x000000485c600000,0x000000485c700000) (1024K)]
  0x000001fd5b33a1c0 JavaThread "Thread-5"                   daemon [_thread_in_native, id=17804, stack(0x000000485c700000,0x000000485c800000) (1024K)]
  0x000001fd5b338e10 JavaThread "Thread-6"                   daemon [_thread_in_native, id=19216, stack(0x000000485c800000,0x000000485c900000) (1024K)]
  0x000001fd5b33bc00 JavaThread "Thread-7"                   daemon [_thread_in_native, id=27180, stack(0x000000485c900000,0x000000485ca00000) (1024K)]
  0x000001fd5b33c290 JavaThread "Thread-8"                   daemon [_thread_in_native, id=16524, stack(0x000000485ca00000,0x000000485cb00000) (1024K)]
  0x000001fd5b33c920 JavaThread "Thread-9"                   daemon [_thread_in_native, id=17556, stack(0x000000485cb00000,0x000000485cc00000) (1024K)]
  0x000001fd5b3394a0 JavaThread "pool-2-thread-1"                   [_thread_blocked, id=24400, stack(0x000000485cc00000,0x000000485cd00000) (1024K)]
  0x000001fd5b33cfb0 JavaThread "WorkspaceEventsHandler"            [_thread_blocked, id=23540, stack(0x000000485cd00000,0x000000485ce00000) (1024K)]
  0x000001fd5b33d640 JavaThread "pool-1-thread-1"                   [_thread_blocked, id=24620, stack(0x000000485ce00000,0x000000485cf00000) (1024K)]
  0x000001fd5b33dcd0 JavaThread "LocalFile Deleter"          daemon [_thread_blocked, id=9380, stack(0x000000485cf00000,0x000000485d000000) (1024K)]
  0x000001fd5b33a850 JavaThread "LocalFile Deleter"          daemon [_thread_blocked, id=7544, stack(0x000000485d000000,0x000000485d100000) (1024K)]
  0x000001fd5b33e360 JavaThread "LocalFile Deleter"          daemon [_thread_blocked, id=10896, stack(0x000000485d100000,0x000000485d200000) (1024K)]
  0x000001fd5b33e9f0 JavaThread "LocalFile Deleter"          daemon [_thread_blocked, id=3212, stack(0x000000485d200000,0x000000485d300000) (1024K)]
  0x000001fd5b33f080 JavaThread "LocalFile Deleter"          daemon [_thread_blocked, id=23656, stack(0x000000485d300000,0x000000485d400000) (1024K)]
  0x000001fd5de95120 JavaThread "Compiler Source File Reader" daemon [_thread_blocked, id=26512, stack(0x000000485d400000,0x000000485d500000) (1024K)]
  0x000001fd5de97f10 JavaThread "Compiler Processing Task"   daemon [_thread_blocked, id=20380, stack(0x000000485d500000,0x000000485d600000) (1024K)]
  0x000001fd5de95e40 JavaThread "Compiler Class File Writer" daemon [_thread_blocked, id=20344, stack(0x000000485d600000,0x000000485d700000) (1024K)]
  0x000001fd5de964d0 JavaThread "Compiler Source File Reader" daemon [_thread_blocked, id=25704, stack(0x000000485d700000,0x000000485d800000) (1024K)]
  0x000001fd5de96b60 JavaThread "Compiler Class File Writer" daemon [_thread_blocked, id=28000, stack(0x000000485d800000,0x000000485d900000) (1024K)]
  0x000001fd5de992c0 JavaThread "Compiler Source File Reader" daemon [_thread_blocked, id=9316, stack(0x000000485d900000,0x000000485da00000) (1024K)]
  0x000001fd5de99950 JavaThread "Compiler Class File Writer" daemon [_thread_blocked, id=20420, stack(0x000000485da00000,0x000000485db00000) (1024K)]
  0x000001fd5de9ad00 JavaThread "Compiler Source File Reader" daemon [_thread_blocked, id=19788, stack(0x000000485db00000,0x000000485dc00000) (1024K)]
  0x000001fd5de99fe0 JavaThread "Compiler Class File Writer" daemon [_thread_blocked, id=27960, stack(0x000000485dc00000,0x000000485dd00000) (1024K)]
=>0x000001fd5e2bb010 JavaThread "C2 CompilerThread1"         daemon [_thread_in_native, id=10056, stack(0x000000485bd00000,0x000000485be00000) (1024K)]
Total: 53

Other Threads:
  0x000001fd7b751ae0 VMThread "VM Thread"                           [id=11216, stack(0x0000004859f00000,0x000000485a000000) (1024K)]
  0x000001fd7b68ba00 WatcherThread "VM Periodic Task Thread"        [id=8360, stack(0x0000004859e00000,0x0000004859f00000) (1024K)]
  0x000001fd7b81d360 WorkerThread "GC Thread#0"                     [id=20492, stack(0x0000004859d00000,0x0000004859e00000) (1024K)]
  0x000001fd59137700 WorkerThread "GC Thread#1"                     [id=25168, stack(0x000000485aa00000,0x000000485ab00000) (1024K)]
  0x000001fd59137aa0 WorkerThread "GC Thread#2"                     [id=17788, stack(0x000000485ab00000,0x000000485ac00000) (1024K)]
  0x000001fd5919d980 WorkerThread "GC Thread#3"                     [id=24692, stack(0x000000485ac00000,0x000000485ad00000) (1024K)]
  0x000001fd5919dd20 WorkerThread "GC Thread#4"                     [id=24716, stack(0x000000485ad00000,0x000000485ae00000) (1024K)]
  0x000001fd5919e0c0 WorkerThread "GC Thread#5"                     [id=5640, stack(0x000000485ae00000,0x000000485af00000) (1024K)]
  0x000001fd59182cf0 WorkerThread "GC Thread#6"                     [id=4688, stack(0x000000485af00000,0x000000485b000000) (1024K)]
  0x000001fd59349160 WorkerThread "GC Thread#7"                     [id=24556, stack(0x000000485b200000,0x000000485b300000) (1024K)]
Total: 10

Threads with active compile tasks:
C2 CompilerThread0  47399 11419       4       org.eclipse.jdt.internal.core.search.indexing.AbstractIndexer::addConstructorReference (58 bytes)
C2 CompilerThread1  47399 11414   !   4       org.eclipse.jdt.internal.compiler.classfmt.ClassFileReader::<init> (1968 bytes)
Total: 2

VM state: not at safepoint (normal execution)

VM Mutex/Monitor currently owned by a thread: None

Heap address: 0x0000000080000000, size: 2048 MB, Compressed Oops mode: 32-bit

CDS archive(s) mapped at: [0x000001fd13000000-0x000001fd13ba0000-0x000001fd13ba0000), size 12189696, SharedBaseAddress: 0x000001fd13000000, ArchiveRelocationMode: 1.
Compressed class space mapped at: 0x000001fd14000000-0x000001fd54000000, reserved size: 1073741824
Narrow klass base: 0x000001fd13000000, Narrow klass shift: 0, Narrow klass range: 0x100000000

GC Precious Log:
 CardTable entry size: 512
 CPUs: 8 total, 8 available
 Memory: 6030M
 Large Page Support: Disabled
 NUMA Support: Disabled
 Compressed Oops: Enabled (32-bit)
 Alignments: Space 512K, Generation 512K, Heap 2M
 Heap Min Capacity: 100M
 Heap Initial Capacity: 100M
 Heap Max Capacity: 2G
 Pre-touch: Disabled
 Parallel Workers: 8

Heap:
 PSYoungGen      total 3072K, used 838K [0x00000000d5580000, 0x00000000d5900000, 0x0000000100000000)
  eden space 2560K, 19% used [0x00000000d5580000,0x00000000d55f9b60,0x00000000d5800000)
  from space 512K, 68% used [0x00000000d5880000,0x00000000d58d8000,0x00000000d5900000)
  to   space 512K, 0% used [0x00000000d5800000,0x00000000d5800000,0x00000000d5880000)
 ParOldGen       total 439296K, used 438928K [0x0000000080000000, 0x000000009ad00000, 0x00000000d5580000)
  object space 439296K, 99% used [0x0000000080000000,0x000000009aca4288,0x000000009ad00000)
 Metaspace       used 61736K, committed 63232K, reserved 1114112K
  class space    used 6598K, committed 7232K, reserved 1048576K

Card table byte_map: [0x000001fd7b1a0000,0x000001fd7b5b0000] _byte_map_base: 0x000001fd7ada0000

Marking Bits: (ParMarkBitMap*) 0x00007fffd2b72460
 Begin Bits: [0x000001fd0f000000, 0x000001fd11000000)
 End Bits:   [0x000001fd11000000, 0x000001fd13000000)

Polling page: 0x000001fd79670000

Metaspace:

Usage:
  Non-class:     53.85 MB used.
      Class:      6.44 MB used.
       Both:     60.29 MB used.

Virtual space:
  Non-class space:       64.00 MB reserved,      54.69 MB ( 85%) committed,  1 nodes.
      Class space:        1.00 GB reserved,       7.06 MB ( <1%) committed,  1 nodes.
             Both:        1.06 GB reserved,      61.75 MB (  6%) committed. 

Chunk freelists:
   Non-Class:  8.92 MB
       Class:  8.94 MB
        Both:  17.86 MB

MaxMetaspaceSize: unlimited
CompressedClassSpaceSize: 1.00 GB
Initial GC threshold: 21.00 MB
Current GC threshold: 97.31 MB
CDS: on
 - commit_granule_bytes: 65536.
 - commit_granule_words: 8192.
 - virtual_space_node_default_size: 8388608.
 - enlarge_chunks_in_place: 1.
 - use_allocation_guard: 0.


Internal statistics:

num_allocs_failed_limit: 9.
num_arena_births: 1152.
num_arena_deaths: 34.
num_vsnodes_births: 2.
num_vsnodes_deaths: 0.
num_space_committed: 988.
num_space_uncommitted: 0.
num_chunks_returned_to_freelist: 48.
num_chunks_taken_from_freelist: 4103.
num_chunk_merges: 17.
num_chunk_splits: 2486.
num_chunks_enlarged: 1389.
num_inconsistent_stats: 0.

CodeHeap 'non-profiled nmethods': size=120000Kb used=8068Kb max_used=8068Kb free=111931Kb
 bounds [0x000001fd07ad0000, 0x000001fd082c0000, 0x000001fd0f000000]
CodeHeap 'profiled nmethods': size=120000Kb used=23400Kb max_used=23400Kb free=96599Kb
 bounds [0x000001fd00000000, 0x000001fd016e0000, 0x000001fd07530000]
CodeHeap 'non-nmethods': size=5760Kb used=1426Kb max_used=1486Kb free=4333Kb
 bounds [0x000001fd07530000, 0x000001fd077a0000, 0x000001fd07ad0000]
CodeCache: size=245760Kb, used=32894Kb, max_used=32954Kb, free=212863Kb
 total_blobs=11469, nmethods=10729, adapters=646, full_count=0
Compilation: enabled, stopped_count=0, restarted_count=0

Compilation events (20 events):
Event: 46.086 Thread 0x000001fd54af3d70 11418       3       org.eclipse.jdt.internal.core.search.indexing.BinaryContainer::isIdentifier (52 bytes)
Event: 46.087 Thread 0x000001fd54af3d70 nmethod 11418 0x000001fd016cf890 code [0x000001fd016cfa60, 0x000001fd016cfd60]
Event: 46.125 Thread 0x000001fd54af3d70 11420       1       org.eclipse.jdt.internal.compiler.classfmt.ElementValuePairInfo::getName (5 bytes)
Event: 46.126 Thread 0x000001fd54af3d70 nmethod 11420 0x000001fd082a1990 code [0x000001fd082a1b20, 0x000001fd082a1be8]
Event: 46.126 Thread 0x000001fd54af3d70 11421       1       org.eclipse.jdt.internal.compiler.classfmt.ElementValuePairInfo::getValue (5 bytes)
Event: 46.126 Thread 0x000001fd54af3d70 nmethod 11421 0x000001fd082a1c90 code [0x000001fd082a1e20, 0x000001fd082a1ee8]
Event: 46.163 Thread 0x000001fd54af3d70 11422       3       org.eclipse.jdt.internal.compiler.classfmt.MethodInfo::createMethod (710 bytes)
Event: 46.169 Thread 0x000001fd54af3d70 nmethod 11422 0x000001fd016cff10 code [0x000001fd016d0400, 0x000001fd016d32f0]
Event: 46.170 Thread 0x000001fd54af3d70 11423       2       org.eclipse.jdt.internal.core.search.indexing.BinaryIndexer::addBinaryAnnotation (87 bytes)
Event: 46.171 Thread 0x000001fd54af3d70 nmethod 11423 0x000001fd016d4410 code [0x000001fd016d4680, 0x000001fd016d4cc0]
Event: 46.316 Thread 0x000001fd54af3d70 11427       1       org.eclipse.core.internal.jobs.InternalJob::getName (5 bytes)
Event: 46.316 Thread 0x000001fd54af3d70 nmethod 11427 0x000001fd082a2390 code [0x000001fd082a2520, 0x000001fd082a25e8]
Event: 46.331 Thread 0x000001fd54af3d70 11428       3       org.eclipse.jdt.internal.compiler.classfmt.AnnotationInfo::<init> (32 bytes)
Event: 46.332 Thread 0x000001fd54af3d70 nmethod 11428 0x000001fd016d5290 code [0x000001fd016d5460, 0x000001fd016d57c0]
Event: 46.357 Thread 0x000001fd54af3d70 11429       3       org.eclipse.jdt.internal.compiler.classfmt.TypeAnnotationInfo::<init> (445 bytes)
Event: 46.358 Thread 0x000001fd54af3d70 nmethod 11429 0x000001fd016d5910 code [0x000001fd016d5bc0, 0x000001fd016d70f0]
Event: 46.358 Thread 0x000001fd54af3d70 11430       3       org.eclipse.jdt.internal.compiler.classfmt.TypeAnnotationInfo::<init> (18 bytes)
Event: 46.359 Thread 0x000001fd54af3d70 nmethod 11430 0x000001fd016d7890 code [0x000001fd016d7a40, 0x000001fd016d7c48]
Event: 46.363 Thread 0x000001fd54af3d70 11431       3       org.eclipse.jdt.internal.compiler.classfmt.AnnotationInfo::readTargetValue (322 bytes)
Event: 46.365 Thread 0x000001fd54af3d70 nmethod 11431 0x000001fd016d7d90 code [0x000001fd016d8020, 0x000001fd016d9058]

GC Heap History (20 events):
Event: 46.106 GC heap after
{Heap after GC invocations=449 (full 3):
 PSYoungGen      total 2048K, used 320K [0x00000000d5580000, 0x00000000d5880000, 0x0000000100000000)
  eden space 1536K, 0% used [0x00000000d5580000,0x00000000d5580000,0x00000000d5700000)
  from space 512K, 62% used [0x00000000d5800000,0x00000000d5850000,0x00000000d5880000)
  to   space 512K, 0% used [0x00000000d5780000,0x00000000d5780000,0x00000000d5800000)
 ParOldGen       total 436736K, used 436399K [0x0000000080000000, 0x000000009aa80000, 0x00000000d5580000)
  object space 436736K, 99% used [0x0000000080000000,0x000000009aa2bc60,0x000000009aa80000)
 Metaspace       used 61730K, committed 63232K, reserved 1114112K
  class space    used 6598K, committed 7232K, reserved 1048576K
}
Event: 46.117 GC heap before
{Heap before GC invocations=450 (full 3):
 PSYoungGen      total 2048K, used 1856K [0x00000000d5580000, 0x00000000d5880000, 0x0000000100000000)
  eden space 1536K, 100% used [0x00000000d5580000,0x00000000d5700000,0x00000000d5700000)
  from space 512K, 62% used [0x00000000d5800000,0x00000000d5850000,0x00000000d5880000)
  to   space 512K, 0% used [0x00000000d5780000,0x00000000d5780000,0x00000000d5800000)
 ParOldGen       total 436736K, used 436399K [0x0000000080000000, 0x000000009aa80000, 0x00000000d5580000)
  object space 436736K, 99% used [0x0000000080000000,0x000000009aa2bc60,0x000000009aa80000)
 Metaspace       used 61730K, committed 63232K, reserved 1114112K
  class space    used 6598K, committed 7232K, reserved 1048576K
}
Event: 46.119 GC heap after
{Heap after GC invocations=450 (full 3):
 PSYoungGen      total 2048K, used 352K [0x00000000d5580000, 0x00000000d5880000, 0x0000000100000000)
  eden space 1536K, 0% used [0x00000000d5580000,0x00000000d5580000,0x00000000d5700000)
  from space 512K, 68% used [0x00000000d5780000,0x00000000d57d8000,0x00000000d5800000)
  to   space 512K, 0% used [0x00000000d5800000,0x00000000d5800000,0x00000000d5880000)
 ParOldGen       total 436736K, used 436639K [0x0000000080000000, 0x000000009aa80000, 0x00000000d5580000)
  object space 436736K, 99% used [0x0000000080000000,0x000000009aa67c60,0x000000009aa80000)
 Metaspace       used 61730K, committed 63232K, reserved 1114112K
  class space    used 6598K, committed 7232K, reserved 1048576K
}
Event: 46.141 GC heap before
{Heap before GC invocations=451 (full 3):
 PSYoungGen      total 2048K, used 1888K [0x00000000d5580000, 0x00000000d5880000, 0x0000000100000000)
  eden space 1536K, 100% used [0x00000000d5580000,0x00000000d5700000,0x00000000d5700000)
  from space 512K, 68% used [0x00000000d5780000,0x00000000d57d8000,0x00000000d5800000)
  to   space 512K, 0% used [0x00000000d5800000,0x00000000d5800000,0x00000000d5880000)
 ParOldGen       total 436736K, used 436639K [0x0000000080000000, 0x000000009aa80000, 0x00000000d5580000)
  object space 436736K, 99% used [0x0000000080000000,0x000000009aa67c60,0x000000009aa80000)
 Metaspace       used 61730K, committed 63232K, reserved 1114112K
  class space    used 6598K, committed 7232K, reserved 1048576K
}
Event: 46.143 GC heap after
{Heap after GC invocations=451 (full 3):
 PSYoungGen      total 2048K, used 452K [0x00000000d5580000, 0x00000000d5880000, 0x0000000100000000)
  eden space 1536K, 0% used [0x00000000d5580000,0x00000000d5580000,0x00000000d5700000)
  from space 512K, 88% used [0x00000000d5800000,0x00000000d5871220,0x00000000d5880000)
  to   space 512K, 0% used [0x00000000d5780000,0x00000000d5780000,0x00000000d5800000)
 ParOldGen       total 437248K, used 436866K [0x0000000080000000, 0x000000009ab00000, 0x00000000d5580000)
  object space 437248K, 99% used [0x0000000080000000,0x000000009aaa0868,0x000000009ab00000)
 Metaspace       used 61730K, committed 63232K, reserved 1114112K
  class space    used 6598K, committed 7232K, reserved 1048576K
}
Event: 46.150 GC heap before
{Heap before GC invocations=452 (full 3):
 PSYoungGen      total 2048K, used 1988K [0x00000000d5580000, 0x00000000d5880000, 0x0000000100000000)
  eden space 1536K, 100% used [0x00000000d5580000,0x00000000d5700000,0x00000000d5700000)
  from space 512K, 88% used [0x00000000d5800000,0x00000000d5871220,0x00000000d5880000)
  to   space 512K, 0% used [0x00000000d5780000,0x00000000d5780000,0x00000000d5800000)
 ParOldGen       total 437248K, used 436866K [0x0000000080000000, 0x000000009ab00000, 0x00000000d5580000)
  object space 437248K, 99% used [0x0000000080000000,0x000000009aaa0868,0x000000009ab00000)
 Metaspace       used 61730K, committed 63232K, reserved 1114112K
  class space    used 6598K, committed 7232K, reserved 1048576K
}
Event: 46.151 GC heap after
{Heap after GC invocations=452 (full 3):
 PSYoungGen      total 2048K, used 416K [0x00000000d5580000, 0x00000000d5880000, 0x0000000100000000)
  eden space 1536K, 0% used [0x00000000d5580000,0x00000000d5580000,0x00000000d5700000)
  from space 512K, 81% used [0x00000000d5780000,0x00000000d57e8000,0x00000000d5800000)
  to   space 512K, 0% used [0x00000000d5800000,0x00000000d5800000,0x00000000d5880000)
 ParOldGen       total 437248K, used 437034K [0x0000000080000000, 0x000000009ab00000, 0x00000000d5580000)
  object space 437248K, 99% used [0x0000000080000000,0x000000009aaca868,0x000000009ab00000)
 Metaspace       used 61730K, committed 63232K, reserved 1114112K
  class space    used 6598K, committed 7232K, reserved 1048576K
}
Event: 46.163 GC heap before
{Heap before GC invocations=453 (full 3):
 PSYoungGen      total 2048K, used 1952K [0x00000000d5580000, 0x00000000d5880000, 0x0000000100000000)
  eden space 1536K, 100% used [0x00000000d5580000,0x00000000d5700000,0x00000000d5700000)
  from space 512K, 81% used [0x00000000d5780000,0x00000000d57e8000,0x00000000d5800000)
  to   space 512K, 0% used [0x00000000d5800000,0x00000000d5800000,0x00000000d5880000)
 ParOldGen       total 437248K, used 437034K [0x0000000080000000, 0x000000009ab00000, 0x00000000d5580000)
  object space 437248K, 99% used [0x0000000080000000,0x000000009aaca868,0x000000009ab00000)
 Metaspace       used 61730K, committed 63232K, reserved 1114112K
  class space    used 6598K, committed 7232K, reserved 1048576K
}
Event: 46.166 GC heap after
{Heap after GC invocations=453 (full 3):
 PSYoungGen      total 2048K, used 288K [0x00000000d5580000, 0x00000000d5880000, 0x0000000100000000)
  eden space 1536K, 0% used [0x00000000d5580000,0x00000000d5580000,0x00000000d5700000)
  from space 512K, 56% used [0x00000000d5800000,0x00000000d5848000,0x00000000d5880000)
  to   space 512K, 0% used [0x00000000d5780000,0x00000000d5780000,0x00000000d5800000)
 ParOldGen       total 437760K, used 437326K [0x0000000080000000, 0x000000009ab80000, 0x00000000d5580000)
  object space 437760K, 99% used [0x0000000080000000,0x000000009ab13a70,0x000000009ab80000)
 Metaspace       used 61730K, committed 63232K, reserved 1114112K
  class space    used 6598K, committed 7232K, reserved 1048576K
}
Event: 46.176 GC heap before
{Heap before GC invocations=454 (full 3):
 PSYoungGen      total 2048K, used 1810K [0x00000000d5580000, 0x00000000d5880000, 0x0000000100000000)
  eden space 1536K, 99% used [0x00000000d5580000,0x00000000d56fc808,0x00000000d5700000)
  from space 512K, 56% used [0x00000000d5800000,0x00000000d5848000,0x00000000d5880000)
  to   space 512K, 0% used [0x00000000d5780000,0x00000000d5780000,0x00000000d5800000)
 ParOldGen       total 437760K, used 437326K [0x0000000080000000, 0x000000009ab80000, 0x00000000d5580000)
  object space 437760K, 99% used [0x0000000080000000,0x000000009ab13a70,0x000000009ab80000)
 Metaspace       used 61731K, committed 63232K, reserved 1114112K
  class space    used 6598K, committed 7232K, reserved 1048576K
}
Event: 46.177 GC heap after
{Heap after GC invocations=454 (full 3):
 PSYoungGen      total 2048K, used 342K [0x00000000d5580000, 0x00000000d5880000, 0x0000000100000000)
  eden space 1536K, 0% used [0x00000000d5580000,0x00000000d5580000,0x00000000d5700000)
  from space 512K, 66% used [0x00000000d5780000,0x00000000d57d5808,0x00000000d5800000)
  to   space 512K, 0% used [0x00000000d5800000,0x00000000d5800000,0x00000000d5880000)
 ParOldGen       total 437760K, used 437502K [0x0000000080000000, 0x000000009ab80000, 0x00000000d5580000)
  object space 437760K, 99% used [0x0000000080000000,0x000000009ab3fa70,0x000000009ab80000)
 Metaspace       used 61731K, committed 63232K, reserved 1114112K
  class space    used 6598K, committed 7232K, reserved 1048576K
}
Event: 46.189 GC heap before
{Heap before GC invocations=455 (full 3):
 PSYoungGen      total 2048K, used 1878K [0x00000000d5580000, 0x00000000d5880000, 0x0000000100000000)
  eden space 1536K, 100% used [0x00000000d5580000,0x00000000d5700000,0x00000000d5700000)
  from space 512K, 66% used [0x00000000d5780000,0x00000000d57d5808,0x00000000d5800000)
  to   space 512K, 0% used [0x00000000d5800000,0x00000000d5800000,0x00000000d5880000)
 ParOldGen       total 437760K, used 437502K [0x0000000080000000, 0x000000009ab80000, 0x00000000d5580000)
  object space 437760K, 99% used [0x0000000080000000,0x000000009ab3fa70,0x000000009ab80000)
 Metaspace       used 61731K, committed 63232K, reserved 1114112K
  class space    used 6598K, committed 7232K, reserved 1048576K
}
Event: 46.191 GC heap after
{Heap after GC invocations=455 (full 3):
 PSYoungGen      total 2048K, used 320K [0x00000000d5580000, 0x00000000d5880000, 0x0000000100000000)
  eden space 1536K, 0% used [0x00000000d5580000,0x00000000d5580000,0x00000000d5700000)
  from space 512K, 62% used [0x00000000d5800000,0x00000000d5850000,0x00000000d5880000)
  to   space 512K, 0% used [0x00000000d5780000,0x00000000d5780000,0x00000000d5800000)
 ParOldGen       total 437760K, used 437732K [0x0000000080000000, 0x000000009ab80000, 0x00000000d5580000)
  object space 437760K, 99% used [0x0000000080000000,0x000000009ab79278,0x000000009ab80000)
 Metaspace       used 61731K, committed 63232K, reserved 1114112K
  class space    used 6598K, committed 7232K, reserved 1048576K
}
Event: 46.322 GC heap before
{Heap before GC invocations=456 (full 3):
 PSYoungGen      total 2048K, used 1855K [0x00000000d5580000, 0x00000000d5880000, 0x0000000100000000)
  eden space 1536K, 99% used [0x00000000d5580000,0x00000000d56fffb0,0x00000000d5700000)
  from space 512K, 62% used [0x00000000d5800000,0x00000000d5850000,0x00000000d5880000)
  to   space 512K, 0% used [0x00000000d5780000,0x00000000d5780000,0x00000000d5800000)
 ParOldGen       total 437760K, used 437732K [0x0000000080000000, 0x000000009ab80000, 0x00000000d5580000)
  object space 437760K, 99% used [0x0000000080000000,0x000000009ab79278,0x000000009ab80000)
 Metaspace       used 61731K, committed 63232K, reserved 1114112K
  class space    used 6598K, committed 7232K, reserved 1048576K
}
Event: 46.325 GC heap after
{Heap after GC invocations=456 (full 3):
 PSYoungGen      total 2048K, used 291K [0x00000000d5580000, 0x00000000d5880000, 0x0000000100000000)
  eden space 1536K, 0% used [0x00000000d5580000,0x00000000d5580000,0x00000000d5700000)
  from space 512K, 56% used [0x00000000d5780000,0x00000000d57c8e00,0x00000000d5800000)
  to   space 512K, 0% used [0x00000000d5800000,0x00000000d5800000,0x00000000d5880000)
 ParOldGen       total 438272K, used 437916K [0x0000000080000000, 0x000000009ac00000, 0x00000000d5580000)
  object space 438272K, 99% used [0x0000000080000000,0x000000009aba7278,0x000000009ac00000)
 Metaspace       used 61731K, committed 63232K, reserved 1114112K
  class space    used 6598K, committed 7232K, reserved 1048576K
}
Event: 46.338 GC heap before
{Heap before GC invocations=457 (full 3):
 PSYoungGen      total 2048K, used 1827K [0x00000000d5580000, 0x00000000d5880000, 0x0000000100000000)
  eden space 1536K, 100% used [0x00000000d5580000,0x00000000d5700000,0x00000000d5700000)
  from space 512K, 56% used [0x00000000d5780000,0x00000000d57c8e00,0x00000000d5800000)
  to   space 512K, 0% used [0x00000000d5800000,0x00000000d5800000,0x00000000d5880000)
 ParOldGen       total 438272K, used 437916K [0x0000000080000000, 0x000000009ac00000, 0x00000000d5580000)
  object space 438272K, 99% used [0x0000000080000000,0x000000009aba7278,0x000000009ac00000)
 Metaspace       used 61731K, committed 63232K, reserved 1114112K
  class space    used 6598K, committed 7232K, reserved 1048576K
}
Event: 46.341 GC heap after
{Heap after GC invocations=457 (full 3):
 PSYoungGen      total 2048K, used 288K [0x00000000d5580000, 0x00000000d5880000, 0x0000000100000000)
  eden space 1536K, 0% used [0x00000000d5580000,0x00000000d5580000,0x00000000d5700000)
  from space 512K, 56% used [0x00000000d5800000,0x00000000d5848000,0x00000000d5880000)
  to   space 512K, 0% used [0x00000000d5780000,0x00000000d5780000,0x00000000d5800000)
 ParOldGen       total 438272K, used 438048K [0x0000000080000000, 0x000000009ac00000, 0x00000000d5580000)
  object space 438272K, 99% used [0x0000000080000000,0x000000009abc8078,0x000000009ac00000)
 Metaspace       used 61731K, committed 63232K, reserved 1114112K
  class space    used 6598K, committed 7232K, reserved 1048576K
}
Event: 46.354 GC heap before
{Heap before GC invocations=458 (full 3):
 PSYoungGen      total 2048K, used 1810K [0x00000000d5580000, 0x00000000d5880000, 0x0000000100000000)
  eden space 1536K, 99% used [0x00000000d5580000,0x00000000d56fca50,0x00000000d5700000)
  from space 512K, 56% used [0x00000000d5800000,0x00000000d5848000,0x00000000d5880000)
  to   space 512K, 0% used [0x00000000d5780000,0x00000000d5780000,0x00000000d5800000)
 ParOldGen       total 438272K, used 438048K [0x0000000080000000, 0x000000009ac00000, 0x00000000d5580000)
  object space 438272K, 99% used [0x0000000080000000,0x000000009abc8078,0x000000009ac00000)
 Metaspace       used 61731K, committed 63232K, reserved 1114112K
  class space    used 6598K, committed 7232K, reserved 1048576K
}
Event: 46.356 GC heap after
{Heap after GC invocations=458 (full 3):
 PSYoungGen      total 2048K, used 352K [0x00000000d5580000, 0x00000000d5880000, 0x0000000100000000)
  eden space 1536K, 0% used [0x00000000d5580000,0x00000000d5580000,0x00000000d5700000)
  from space 512K, 68% used [0x00000000d5780000,0x00000000d57d8000,0x00000000d5800000)
  to   space 512K, 0% used [0x00000000d5800000,0x00000000d5800000,0x00000000d5880000)
 ParOldGen       total 438272K, used 438264K [0x0000000080000000, 0x000000009ac00000, 0x00000000d5580000)
  object space 438272K, 99% used [0x0000000080000000,0x000000009abfe078,0x000000009ac00000)
 Metaspace       used 61731K, committed 63232K, reserved 1114112K
  class space    used 6598K, committed 7232K, reserved 1048576K
}
Event: 46.369 GC heap before
{Heap before GC invocations=459 (full 3):
 PSYoungGen      total 2048K, used 1888K [0x00000000d5580000, 0x00000000d5880000, 0x0000000100000000)
  eden space 1536K, 100% used [0x00000000d5580000,0x00000000d5700000,0x00000000d5700000)
  from space 512K, 68% used [0x00000000d5780000,0x00000000d57d8000,0x00000000d5800000)
  to   space 512K, 0% used [0x00000000d5800000,0x00000000d5800000,0x00000000d5880000)
 ParOldGen       total 438272K, used 438264K [0x0000000080000000, 0x000000009ac00000, 0x00000000d5580000)
  object space 438272K, 99% used [0x0000000080000000,0x000000009abfe078,0x000000009ac00000)
 Metaspace       used 61734K, committed 63232K, reserved 1114112K
  class space    used 6598K, committed 7232K, reserved 1048576K
}

Dll operation events (12 events):
Event: 0.013 Loaded shared library c:\Users\sinha\.vscode\extensions\redhat.java-1.50.0-win32-x64\jre\21.0.9-win32-x86_64\bin\java.dll
Event: 0.116 Loaded shared library c:\Users\sinha\.vscode\extensions\redhat.java-1.50.0-win32-x64\jre\21.0.9-win32-x86_64\bin\zip.dll
Event: 0.151 Loaded shared library C:\Users\sinha\.vscode\extensions\redhat.java-1.50.0-win32-x64\jre\21.0.9-win32-x86_64\bin\instrument.dll
Event: 0.160 Loaded shared library C:\Users\sinha\.vscode\extensions\redhat.java-1.50.0-win32-x64\jre\21.0.9-win32-x86_64\bin\net.dll
Event: 0.165 Loaded shared library C:\Users\sinha\.vscode\extensions\redhat.java-1.50.0-win32-x64\jre\21.0.9-win32-x86_64\bin\nio.dll
Event: 0.172 Loaded shared library C:\Users\sinha\.vscode\extensions\redhat.java-1.50.0-win32-x64\jre\21.0.9-win32-x86_64\bin\zip.dll
Event: 0.205 Loaded shared library C:\Users\sinha\.vscode\extensions\redhat.java-1.50.0-win32-x64\jre\21.0.9-win32-x86_64\bin\jimage.dll
Event: 0.357 Loaded shared library c:\Users\sinha\.vscode\extensions\redhat.java-1.50.0-win32-x64\jre\21.0.9-win32-x86_64\bin\verify.dll
Event: 2.472 Loaded shared library C:\Users\sinha\AppData\Roaming\Code\User\globalStorage\redhat.java\1.50.0\config_win\org.eclipse.equinox.launcher\org.eclipse.equinox.launcher.win32.win32.x86_64_1.2.1400.v20250801-0854\eclipse_11916.dll
Event: 8.126 Loaded shared library C:\Users\sinha\.vscode\extensions\redhat.java-1.50.0-win32-x64\jre\21.0.9-win32-x86_64\bin\management.dll
Event: 8.137 Loaded shared library C:\Users\sinha\.vscode\extensions\redhat.java-1.50.0-win32-x64\jre\21.0.9-win32-x86_64\bin\management_ext.dll
Event: 8.868 Loaded shared library C:\Users\sinha\AppData\Local\Temp\jna-109442001\jna1298496496843616283.dll

Deoptimization events (20 events):
Event: 46.007 Thread 0x000001fd595cc6c0 Uncommon trap: trap_request=0xffffff45 fr.pc=0x000001fd082240c8 relative=0x00000000000000a8
Event: 46.007 Thread 0x000001fd595cc6c0 Uncommon trap: reason=unstable_if action=reinterpret pc=0x000001fd082240c8 method=org.eclipse.jdt.internal.compiler.classfmt.AnnotationInfo.<init>([B[IIZZ)V @ 9 c2
Event: 46.007 Thread 0x000001fd595cc6c0 DEOPT PACKING pc=0x000001fd082240c8 sp=0x000000485bcfe960
Event: 46.007 Thread 0x000001fd595cc6c0 DEOPT UNPACKING pc=0x000001fd07583aa2 sp=0x000000485bcfe8d0 mode 2
Event: 46.008 Thread 0x000001fd595cc6c0 Uncommon trap: trap_request=0xffffff45 fr.pc=0x000001fd0822e99c relative=0x00000000000001dc
Event: 46.008 Thread 0x000001fd595cc6c0 Uncommon trap: reason=unstable_if action=reinterpret pc=0x000001fd0822e99c method=org.eclipse.jdt.internal.compiler.classfmt.AnnotationInfo.getElementValuePairs()[Lorg/eclipse/jdt/internal/compiler/env/IBinaryElementValuePair; @ 4 c2
Event: 46.008 Thread 0x000001fd595cc6c0 DEOPT PACKING pc=0x000001fd0822e99c sp=0x000000485bcfe920
Event: 46.008 Thread 0x000001fd595cc6c0 DEOPT UNPACKING pc=0x000001fd07583aa2 sp=0x000000485bcfe8e0 mode 2
Event: 46.011 Thread 0x000001fd595cc6c0 Uncommon trap: trap_request=0xffffff45 fr.pc=0x000001fd08240210 relative=0x00000000000000d0
Event: 46.011 Thread 0x000001fd595cc6c0 Uncommon trap: reason=unstable_if action=reinterpret pc=0x000001fd08240210 method=org.eclipse.jdt.internal.core.search.indexing.BinaryContainer.isIdentifier()Z @ 14 c2
Event: 46.011 Thread 0x000001fd595cc6c0 DEOPT PACKING pc=0x000001fd08240210 sp=0x000000485bcfefc0
Event: 46.011 Thread 0x000001fd595cc6c0 DEOPT UNPACKING pc=0x000001fd07583aa2 sp=0x000000485bcfef58 mode 2
Event: 46.014 Thread 0x000001fd595cc6c0 Uncommon trap: trap_request=0xffffff45 fr.pc=0x000001fd0827ee44 relative=0x0000000000001344
Event: 46.014 Thread 0x000001fd595cc6c0 Uncommon trap: reason=unstable_if action=reinterpret pc=0x000001fd0827ee44 method=org.eclipse.jdt.internal.core.index.DiskIndex.writeDocumentNumbers([ILjava/io/OutputStream;)V @ 20 c2
Event: 46.014 Thread 0x000001fd595cc6c0 DEOPT PACKING pc=0x000001fd0827ee44 sp=0x000000485bcfeb20
Event: 46.014 Thread 0x000001fd595cc6c0 DEOPT UNPACKING pc=0x000001fd07583aa2 sp=0x000000485bcfeb68 mode 2
Event: 46.161 Thread 0x000001fd595cc6c0 Uncommon trap: trap_request=0xffffff45 fr.pc=0x000001fd0810b0ec relative=0x0000000000001a4c
Event: 46.161 Thread 0x000001fd595cc6c0 Uncommon trap: reason=unstable_if action=reinterpret pc=0x000001fd0810b0ec method=org.eclipse.jdt.internal.compiler.classfmt.MethodInfo.createMethod([B[IIJ)Lorg/eclipse/jdt/internal/compiler/classfmt/MethodInfo; @ 416 c2
Event: 46.161 Thread 0x000001fd595cc6c0 DEOPT PACKING pc=0x000001fd0810b0ec sp=0x000000485bcfeb60
Event: 46.161 Thread 0x000001fd595cc6c0 DEOPT UNPACKING pc=0x000001fd07583aa2 sp=0x000000485bcfeac0 mode 2

Classes loaded (20 events):
Event: 27.499 Loading class java/util/regex/Pattern$Caret
Event: 27.499 Loading class java/util/regex/Pattern$Caret done
Event: 28.344 Loading class java/util/stream/ReduceOps$4
Event: 28.344 Loading class java/util/stream/ReduceOps$4 done
Event: 28.344 Loading class java/util/stream/ReduceOps$4ReducingSink
Event: 28.344 Loading class java/util/stream/ReduceOps$4ReducingSink done
Event: 28.346 Loading class java/nio/file/Files$2
Event: 28.346 Loading class java/nio/file/Files$2 done
Event: 28.553 Loading class java/util/concurrent/ArrayBlockingQueue
Event: 28.554 Loading class java/util/concurrent/ArrayBlockingQueue done
Event: 28.762 Loading class java/util/Hashtable$ValueCollection
Event: 28.762 Loading class java/util/Hashtable$ValueCollection done
Event: 28.785 Loading class java/util/concurrent/ConcurrentHashMap$KeySpliterator
Event: 28.785 Loading class java/util/concurrent/ConcurrentHashMap$KeySpliterator done
Event: 30.009 Loading class java/nio/BufferMismatch
Event: 30.009 Loading class java/nio/BufferMismatch done
Event: 30.010 Loading class java/nio/file/attribute/PosixFileAttributes
Event: 30.010 Loading class java/nio/file/attribute/PosixFileAttributes done
Event: 32.955 Loading class java/io/CharArrayWriter
Event: 32.955 Loading class java/io/CharArrayWriter done

Classes unloaded (17 events):
Event: 6.902 Thread 0x000001fd7b751ae0 Unloading class 0x000001fd141a8c00 'java/lang/invoke/LambdaForm$MH+0x000001fd141a8c00'
Event: 6.902 Thread 0x000001fd7b751ae0 Unloading class 0x000001fd141a8800 'java/lang/invoke/LambdaForm$MH+0x000001fd141a8800'
Event: 6.902 Thread 0x000001fd7b751ae0 Unloading class 0x000001fd141a8400 'java/lang/invoke/LambdaForm$MH+0x000001fd141a8400'
Event: 6.902 Thread 0x000001fd7b751ae0 Unloading class 0x000001fd141a8000 'java/lang/invoke/LambdaForm$MH+0x000001fd141a8000'
Event: 6.902 Thread 0x000001fd7b751ae0 Unloading class 0x000001fd141a7c00 'java/lang/invoke/LambdaForm$BMH+0x000001fd141a7c00'
Event: 6.902 Thread 0x000001fd7b751ae0 Unloading class 0x000001fd141a7800 'java/lang/invoke/LambdaForm$DMH+0x000001fd141a7800'
Event: 6.902 Thread 0x000001fd7b751ae0 Unloading class 0x000001fd141a6400 'java/lang/invoke/LambdaForm$DMH+0x000001fd141a6400'
Event: 8.949 Thread 0x000001fd7b751ae0 Unloading class 0x000001fd142d3800 'java/lang/invoke/LambdaForm$MH+0x000001fd142d3800'
Event: 8.949 Thread 0x000001fd7b751ae0 Unloading class 0x000001fd142d3000 'java/lang/invoke/LambdaForm$DMH+0x000001fd142d3000'
Event: 8.949 Thread 0x000001fd7b751ae0 Unloading class 0x000001fd142d2800 'java/lang/invoke/LambdaForm$MH+0x000001fd142d2800'
Event: 8.949 Thread 0x000001fd7b751ae0 Unloading class 0x000001fd142cb000 'java/lang/invoke/LambdaForm$MH+0x000001fd142cb000'
Event: 8.949 Thread 0x000001fd7b751ae0 Unloading class 0x000001fd142ca800 'java/lang/invoke/LambdaForm$MH+0x000001fd142ca800'
Event: 8.949 Thread 0x000001fd7b751ae0 Unloading class 0x000001fd142ca000 'java/lang/invoke/LambdaForm$MH+0x000001fd142ca000'
Event: 8.949 Thread 0x000001fd7b751ae0 Unloading class 0x000001fd142c9800 'java/lang/invoke/LambdaForm$MH+0x000001fd142c9800'
Event: 8.949 Thread 0x000001fd7b751ae0 Unloading class 0x000001fd142c9000 'java/lang/invoke/LambdaForm$MH+0x000001fd142c9000'
Event: 27.633 Thread 0x000001fd7b751ae0 Unloading class 0x000001fd145e0400 'java/lang/invoke/LambdaForm$DMH+0x000001fd145e0400'
Event: 27.633 Thread 0x000001fd7b751ae0 Unloading class 0x000001fd145e0c00 'java/lang/invoke/LambdaForm$DMH+0x000001fd145e0c00'

Classes redefined (0 events):
No events

Internal exceptions (20 events):
Event: 31.479 Thread 0x000001fd595cfb40 Exception <a 'sun/nio/fs/WindowsException'{0x00000000d592ef10}> (0x00000000d592ef10) 
thrown [s\src\hotspot\share\prims\jni.cpp, line 520]
Event: 31.549 Thread 0x000001fd5b33e360 Exception <a 'sun/nio/fs/WindowsException'{0x00000000d5750508}> (0x00000000d5750508) 
thrown [s\src\hotspot\share\prims\jni.cpp, line 520]
Event: 31.550 Thread 0x000001fd5b33e360 Exception <a 'sun/nio/fs/WindowsException'{0x00000000d57514e0}> (0x00000000d57514e0) 
thrown [s\src\hotspot\share\prims\jni.cpp, line 520]
Event: 31.696 Thread 0x000001fd595cee20 Implicit null exception at 0x000001fd08191148 to 0x000001fd08191b18
Event: 32.194 Thread 0x000001fd595cfb40 Exception <a 'sun/nio/fs/WindowsException'{0x00000000d58b9758}> (0x00000000d58b9758) 
thrown [s\src\hotspot\share\prims\jni.cpp, line 520]
Event: 32.200 Thread 0x000001fd5b33a850 Exception <a 'sun/nio/fs/WindowsException'{0x00000000d58f4a40}> (0x00000000d58f4a40) 
thrown [s\src\hotspot\share\prims\jni.cpp, line 520]
Event: 32.202 Thread 0x000001fd5b33a850 Exception <a 'sun/nio/fs/WindowsException'{0x00000000d59271d8}> (0x00000000d59271d8) 
thrown [s\src\hotspot\share\prims\jni.cpp, line 520]
Event: 32.716 Thread 0x000001fd59750b50 Implicit null exception at 0x000001fd07f056ba to 0x000001fd07f05a38
Event: 32.872 Thread 0x000001fd595cfb40 Exception <a 'sun/nio/fs/WindowsException'{0x00000000d55e8830}> (0x00000000d55e8830) 
thrown [s\src\hotspot\share\prims\jni.cpp, line 520]
Event: 32.872 Thread 0x000001fd595cfb40 Exception <a 'sun/nio/fs/WindowsException'{0x00000000d55e8f58}> (0x00000000d55e8f58) 
thrown [s\src\hotspot\share\prims\jni.cpp, line 520]
Event: 32.932 Thread 0x000001fd595cfb40 Exception <a 'java/lang/NoSuchMethodError'{0x00000000d583eaa0}: 'int java.lang.invoke.DirectMethodHandle$Holder.invokeStatic(java.lang.Object, java.lang.Object, java.lang.Object, java.lang.Object, java.lang.Object, java.lang.Object)'> (0x00000000d583eaa0) 
thrown [s\src\hotspot\share\interpreter\linkResolver.cpp, line 773]
Event: 45.374 Thread 0x000001fd595cc6c0 Exception <a 'sun/nio/fs/WindowsException'{0x00000000d558cd38}> (0x00000000d558cd38) 
thrown [s\src\hotspot\share\prims\jni.cpp, line 520]
Event: 45.425 Thread 0x000001fd595cc6c0 Exception <a 'sun/nio/fs/WindowsException'{0x00000000d55c4ce8}> (0x00000000d55c4ce8) 
thrown [s\src\hotspot\share\prims\jni.cpp, line 520]
Event: 45.457 Thread 0x000001fd595cc6c0 Exception <a 'sun/nio/fs/WindowsException'{0x00000000d55dcb28}> (0x00000000d55dcb28) 
thrown [s\src\hotspot\share\prims\jni.cpp, line 520]
Event: 45.490 Thread 0x000001fd595cc6c0 Exception <a 'sun/nio/fs/WindowsException'{0x00000000d55f2398}> (0x00000000d55f2398) 
thrown [s\src\hotspot\share\prims\jni.cpp, line 520]
Event: 45.670 Thread 0x000001fd595cc6c0 Exception <a 'sun/nio/fs/WindowsException'{0x00000000d55ce130}> (0x00000000d55ce130) 
thrown [s\src\hotspot\share\prims\jni.cpp, line 520]
Event: 45.996 Thread 0x000001fd595cc6c0 Exception <a 'sun/nio/fs/WindowsException'{0x00000000d55a4240}> (0x00000000d55a4240) 
thrown [s\src\hotspot\share\prims\jni.cpp, line 520]
Event: 46.061 Thread 0x000001fd595cc6c0 Exception <a 'sun/nio/fs/WindowsException'{0x00000000d5654a40}> (0x00000000d5654a40) 
thrown [s\src\hotspot\share\prims\jni.cpp, line 520]
Event: 46.248 Thread 0x000001fd595cc6c0 Exception <a 'sun/nio/fs/WindowsException'{0x00000000d56a7788}> (0x00000000d56a7788) 
thrown [s\src\hotspot\share\prims\jni.cpp, line 520]
Event: 46.312 Thread 0x000001fd595cc6c0 Exception <a 'sun/nio/fs/WindowsException'{0x00000000d56d2bb8}> (0x00000000d56d2bb8) 
thrown [s\src\hotspot\share\prims\jni.cpp, line 520]

ZGC Phase Switch (0 events):
No events

VM Operations (20 events):
Event: 46.106 Executing VM operation: ParallelGCFailedAllocation (Allocation Failure) done
Event: 46.117 Executing VM operation: ParallelGCFailedAllocation (Allocation Failure)
Event: 46.119 Executing VM operation: ParallelGCFailedAllocation (Allocation Failure) done
Event: 46.128 Executing VM operation: ParallelGCFailedAllocation (Allocation Failure)
Event: 46.143 Executing VM operation: ParallelGCFailedAllocation (Allocation Failure) done
Event: 46.149 Executing VM operation: ParallelGCFailedAllocation (Allocation Failure)
Event: 46.151 Executing VM operation: ParallelGCFailedAllocation (Allocation Failure) done
Event: 46.163 Executing VM operation: ParallelGCFailedAllocation (Allocation Failure)
Event: 46.166 Executing VM operation: ParallelGCFailedAllocation (Allocation Failure) done
Event: 46.176 Executing VM operation: ParallelGCFailedAllocation (Allocation Failure)
Event: 46.177 Executing VM operation: ParallelGCFailedAllocation (Allocation Failure) done
Event: 46.189 Executing VM operation: ParallelGCFailedAllocation (Allocation Failure)
Event: 46.191 Executing VM operation: ParallelGCFailedAllocation (Allocation Failure) done
Event: 46.322 Executing VM operation: ParallelGCFailedAllocation (Allocation Failure)
Event: 46.325 Executing VM operation: ParallelGCFailedAllocation (Allocation Failure) done
Event: 46.338 Executing VM operation: ParallelGCFailedAllocation (Allocation Failure)
Event: 46.341 Executing VM operation: ParallelGCFailedAllocation (Allocation Failure) done
Event: 46.353 Executing VM operation: ParallelGCFailedAllocation (Allocation Failure)
Event: 46.356 Executing VM operation: ParallelGCFailedAllocation (Allocation Failure) done
Event: 46.369 Executing VM operation: ParallelGCFailedAllocation (Allocation Failure)

Memory protections (0 events):
No events

Nmethod flushes (20 events):
Event: 27.670 Thread 0x000001fd7b751ae0 flushing  nmethod 0x000001fd0082d810
Event: 27.670 Thread 0x000001fd7b751ae0 flushing  nmethod 0x000001fd0082e090
Event: 27.670 Thread 0x000001fd7b751ae0 flushing  nmethod 0x000001fd00847810
Event: 27.670 Thread 0x000001fd7b751ae0 flushing  nmethod 0x000001fd00849010
Event: 27.670 Thread 0x000001fd7b751ae0 flushing  nmethod 0x000001fd0084d810
Event: 27.670 Thread 0x000001fd7b751ae0 flushing  nmethod 0x000001fd00861d10
Event: 27.670 Thread 0x000001fd7b751ae0 flushing  nmethod 0x000001fd00862d10
Event: 27.670 Thread 0x000001fd7b751ae0 flushing  nmethod 0x000001fd00863190
Event: 27.670 Thread 0x000001fd7b751ae0 flushing  nmethod 0x000001fd00864390
Event: 27.670 Thread 0x000001fd7b751ae0 flushing  nmethod 0x000001fd00864990
Event: 27.670 Thread 0x000001fd7b751ae0 flushing  nmethod 0x000001fd00865890
Event: 27.670 Thread 0x000001fd7b751ae0 flushing  nmethod 0x000001fd00866190
Event: 27.670 Thread 0x000001fd7b751ae0 flushing  nmethod 0x000001fd00866890
Event: 27.670 Thread 0x000001fd7b751ae0 flushing  nmethod 0x000001fd00866d90
Event: 27.670 Thread 0x000001fd7b751ae0 flushing  nmethod 0x000001fd00867690
Event: 27.670 Thread 0x000001fd7b751ae0 flushing  nmethod 0x000001fd00867b90
Event: 27.670 Thread 0x000001fd7b751ae0 flushing  nmethod 0x000001fd00868910
Event: 27.670 Thread 0x000001fd7b751ae0 flushing  nmethod 0x000001fd0086f590
Event: 27.670 Thread 0x000001fd7b751ae0 flushing  nmethod 0x000001fd00885390
Event: 27.670 Thread 0x000001fd7b751ae0 flushing  nmethod 0x000001fd0088e490

Events (20 events):
Event: 29.312 Thread 0x000001fd595cfb40 Thread added: 0x000001fd5de9b390
Event: 29.410 Thread 0x000001fd5de98c30 Thread exited: 0x000001fd5de98c30
Event: 29.410 Thread 0x000001fd5de9b390 Thread exited: 0x000001fd5de9b390
Event: 29.410 Thread 0x000001fd5de957b0 Thread exited: 0x000001fd5de957b0
Event: 29.417 Thread 0x000001fd5de992c0 Thread exited: 0x000001fd5de992c0
Event: 29.417 Thread 0x000001fd5de99fe0 Thread exited: 0x000001fd5de99fe0
Event: 31.735 Thread 0x000001fd595cfb40 Thread added: 0x000001fd5de992c0
Event: 32.139 Thread 0x000001fd595cfb40 Thread added: 0x000001fd5de99950
Event: 32.672 Thread 0x000001fd595cfb40 Thread added: 0x000001fd5de9ad00
Event: 32.809 Thread 0x000001fd595cfb40 Thread added: 0x000001fd5de99fe0
Event: 36.324 Thread 0x000001fd5cd5aa20 Thread exited: 0x000001fd5cd5aa20
Event: 39.004 Thread 0x000001fd7b77ad20 Thread added: 0x000001fd5e2bb010
Event: 39.415 Thread 0x000001fd5e2bb010 Thread exited: 0x000001fd5e2bb010
Event: 42.431 Thread 0x000001fd54af3d70 Thread added: 0x000001fd5e2bb010
Event: 42.902 Thread 0x000001fd5e2bb010 Thread added: 0x000001fd5e105370
Event: 44.397 Thread 0x000001fd5e105370 Thread exited: 0x000001fd5e105370
Event: 44.397 Thread 0x000001fd5e2bb010 Thread exited: 0x000001fd5e2bb010
Event: 44.760 Thread 0x000001fd7b77ad20 Thread added: 0x000001fd5e2bb010
Event: 44.900 Thread 0x000001fd5e2bb010 Thread exited: 0x000001fd5e2bb010
Event: 45.503 Thread 0x000001fd54af3d70 Thread added: 0x000001fd5e2bb010


Dynamic libraries:
0x00007ff70d9f0000 - 0x00007ff70d9fe000 	c:\Users\sinha\.vscode\extensions\redhat.java-1.50.0-win32-x64\jre\21.0.9-win32-x86_64\bin\java.exe
0x00007ff86f120000 - 0x00007ff86f388000 	C:\WINDOWS\SYSTEM32\ntdll.dll
0x00007ff86e8c0000 - 0x00007ff86e989000 	C:\WINDOWS\System32\KERNEL32.DLL
0x00007ff86c5c0000 - 0x00007ff86c9b8000 	C:\WINDOWS\System32\KERNELBASE.dll
0x00007ff86c300000 - 0x00007ff86c44b000 	C:\WINDOWS\System32\ucrtbase.dll
0x00007ff85dde0000 - 0x00007ff85ddf8000 	c:\Users\sinha\.vscode\extensions\redhat.java-1.50.0-win32-x64\jre\21.0.9-win32-x86_64\bin\jli.dll
0x00007ff85f3b0000 - 0x00007ff85f3ce000 	c:\Users\sinha\.vscode\extensions\redhat.java-1.50.0-win32-x64\jre\21.0.9-win32-x86_64\bin\VCRUNTIME140.dll
0x00007ff86d390000 - 0x00007ff86d557000 	C:\WINDOWS\System32\USER32.dll
0x00007ff8566b0000 - 0x00007ff856944000 	C:\WINDOWS\WinSxS\amd64_microsoft.windows.common-controls_6595b64144ccf1df_6.0.26100.7019_none_3e06ffa0e335b8a8\COMCTL32.dll
0x00007ff86ce90000 - 0x00007ff86ceb7000 	C:\WINDOWS\System32\win32u.dll
0x00007ff86ecb0000 - 0x00007ff86ed59000 	C:\WINDOWS\System32\msvcrt.dll
0x00007ff86e5b0000 - 0x00007ff86e5db000 	C:\WINDOWS\System32\GDI32.dll
0x00007ff86ccb0000 - 0x00007ff86cddc000 	C:\WINDOWS\System32\gdi32full.dll
0x00007ff86c510000 - 0x00007ff86c5b3000 	C:\WINDOWS\System32\msvcp_win.dll
0x00007ff86f0a0000 - 0x00007ff86f0d1000 	C:\WINDOWS\System32\IMM32.DLL
0x00007ff85f480000 - 0x00007ff85f48c000 	c:\Users\sinha\.vscode\extensions\redhat.java-1.50.0-win32-x64\jre\21.0.9-win32-x86_64\bin\vcruntime140_1.dll
0x00007ff84fc10000 - 0x00007ff84fc9d000 	c:\Users\sinha\.vscode\extensions\redhat.java-1.50.0-win32-x64\jre\21.0.9-win32-x86_64\bin\msvcp140.dll
0x00007fffd1eb0000 - 0x00007fffd2c50000 	c:\Users\sinha\.vscode\extensions\redhat.java-1.50.0-win32-x64\jre\21.0.9-win32-x86_64\bin\server\jvm.dll
0x00007ff86e5f0000 - 0x00007ff86e6a4000 	C:\WINDOWS\System32\ADVAPI32.dll
0x00007ff86eb70000 - 0x00007ff86ec16000 	C:\WINDOWS\System32\sechost.dll
0x00007ff86cee0000 - 0x00007ff86cff8000 	C:\WINDOWS\System32\RPCRT4.dll
0x00007ff86d9f0000 - 0x00007ff86da64000 	C:\WINDOWS\System32\WS2_32.dll
0x00007ff86c0d0000 - 0x00007ff86c12e000 	C:\WINDOWS\SYSTEM32\POWRPROF.dll
0x00007ff869c60000 - 0x00007ff869c95000 	C:\WINDOWS\SYSTEM32\WINMM.dll
0x00007ff865010000 - 0x00007ff86501b000 	C:\WINDOWS\SYSTEM32\VERSION.dll
0x00007ff86c0b0000 - 0x00007ff86c0c4000 	C:\WINDOWS\SYSTEM32\UMPDC.dll
0x00007ff86b030000 - 0x00007ff86b04b000 	C:\WINDOWS\SYSTEM32\kernel.appcore.dll
0x00007ff85f440000 - 0x00007ff85f44a000 	c:\Users\sinha\.vscode\extensions\redhat.java-1.50.0-win32-x64\jre\21.0.9-win32-x86_64\bin\jimage.dll
0x00007ff869a10000 - 0x00007ff869c52000 	C:\WINDOWS\SYSTEM32\DBGHELP.DLL
0x00007ff86d000000 - 0x00007ff86d38b000 	C:\WINDOWS\System32\combase.dll
0x00007ff86dae0000 - 0x00007ff86dbb7000 	C:\WINDOWS\System32\OLEAUT32.dll
0x00007ff869850000 - 0x00007ff86988c000 	C:\WINDOWS\SYSTEM32\dbgcore.DLL
0x00007ff86cde0000 - 0x00007ff86ce85000 	C:\WINDOWS\System32\bcryptPrimitives.dll
0x00007ff85f420000 - 0x00007ff85f42f000 	c:\Users\sinha\.vscode\extensions\redhat.java-1.50.0-win32-x64\jre\21.0.9-win32-x86_64\bin\instrument.dll
0x00007ff85d710000 - 0x00007ff85d730000 	c:\Users\sinha\.vscode\extensions\redhat.java-1.50.0-win32-x64\jre\21.0.9-win32-x86_64\bin\java.dll
0x00007ff86dbc0000 - 0x00007ff86e30f000 	C:\WINDOWS\System32\SHELL32.dll
0x00007ff86c9c0000 - 0x00007ff86cb2b000 	C:\WINDOWS\System32\wintypes.dll
0x00007ff869ed0000 - 0x00007ff86a72d000 	C:\WINDOWS\SYSTEM32\windows.storage.dll
0x00007ff86e7b0000 - 0x00007ff86e8a2000 	C:\WINDOWS\System32\SHCORE.dll
0x00007ff86e320000 - 0x00007ff86e387000 	C:\WINDOWS\System32\shlwapi.dll
0x00007ff86c190000 - 0x00007ff86c1b9000 	C:\WINDOWS\SYSTEM32\profapi.dll
0x00007ff85d6f0000 - 0x00007ff85d708000 	c:\Users\sinha\.vscode\extensions\redhat.java-1.50.0-win32-x64\jre\21.0.9-win32-x86_64\bin\zip.dll
0x00007ff85f040000 - 0x00007ff85f050000 	C:\Users\sinha\.vscode\extensions\redhat.java-1.50.0-win32-x64\jre\21.0.9-win32-x86_64\bin\net.dll
0x00007ff863990000 - 0x00007ff863ab8000 	C:\WINDOWS\SYSTEM32\WINHTTP.dll
0x00007ff86b5a0000 - 0x00007ff86b60b000 	C:\WINDOWS\system32\mswsock.dll
0x00007ff85d6d0000 - 0x00007ff85d6e6000 	C:\Users\sinha\.vscode\extensions\redhat.java-1.50.0-win32-x64\jre\21.0.9-win32-x86_64\bin\nio.dll
0x00007ff85e5d0000 - 0x00007ff85e5e0000 	c:\Users\sinha\.vscode\extensions\redhat.java-1.50.0-win32-x64\jre\21.0.9-win32-x86_64\bin\verify.dll
0x00007ff84fbc0000 - 0x00007ff84fc04000 	C:\Users\sinha\AppData\Roaming\Code\User\globalStorage\redhat.java\1.50.0\config_win\org.eclipse.equinox.launcher\org.eclipse.equinox.launcher.win32.win32.x86_64_1.2.1400.v20250801-0854\eclipse_11916.dll
0x00007ff86e410000 - 0x00007ff86e5a7000 	C:\WINDOWS\System32\ole32.dll
0x00007ff86b860000 - 0x00007ff86b87b000 	C:\WINDOWS\SYSTEM32\CRYPTSP.dll
0x00007ff86af90000 - 0x00007ff86afca000 	C:\WINDOWS\system32\rsaenh.dll
0x00007ff86b650000 - 0x00007ff86b67b000 	C:\WINDOWS\SYSTEM32\USERENV.dll
0x00007ff86c160000 - 0x00007ff86c18a000 	C:\WINDOWS\SYSTEM32\bcrypt.dll
0x00007ff86b880000 - 0x00007ff86b88c000 	C:\WINDOWS\SYSTEM32\CRYPTBASE.dll
0x00007ff86aa90000 - 0x00007ff86aac4000 	C:\WINDOWS\SYSTEM32\IPHLPAPI.DLL
0x00007ff86e8b0000 - 0x00007ff86e8ba000 	C:\WINDOWS\System32\NSI.dll
0x00007ff85bf30000 - 0x00007ff85bf3a000 	C:\Users\sinha\.vscode\extensions\redhat.java-1.50.0-win32-x64\jre\21.0.9-win32-x86_64\bin\management.dll
0x00007ff85bf20000 - 0x00007ff85bf2c000 	C:\Users\sinha\.vscode\extensions\redhat.java-1.50.0-win32-x64\jre\21.0.9-win32-x86_64\bin\management_ext.dll
0x00007ff86e5e0000 - 0x00007ff86e5e8000 	C:\WINDOWS\System32\PSAPI.DLL
0x00007ff83c320000 - 0x00007ff83c369000 	C:\Users\sinha\AppData\Local\Temp\jna-109442001\jna1298496496843616283.dll
0x00007ff8637a0000 - 0x00007ff8637be000 	C:\WINDOWS\SYSTEM32\dhcpcsvc6.DLL
0x00007ff863590000 - 0x00007ff8635b3000 	C:\WINDOWS\SYSTEM32\dhcpcsvc.DLL

JVMTI agents:
c:\Users\sinha\.vscode\extensions\redhat.java-1.50.0-win32-x64\lombok\lombok-1.18.39-4050.jar path:c:\Users\sinha\.vscode\extensions\redhat.java-1.50.0-win32-x64\jre\21.0.9-win32-x86_64\bin\instrument.dll, loaded, initialized, instrumentlib options:none

dbghelp: loaded successfully - version: 4.0.5 - missing functions: none
symbol engine: initialized successfully - sym options: 0x614 - pdb path: .;c:\Users\sinha\.vscode\extensions\redhat.java-1.50.0-win32-x64\jre\21.0.9-win32-x86_64\bin;C:\WINDOWS\SYSTEM32;C:\WINDOWS\WinSxS\amd64_microsoft.windows.common-controls_6595b64144ccf1df_6.0.26100.7019_none_3e06ffa0e335b8a8;c:\Users\sinha\.vscode\extensions\redhat.java-1.50.0-win32-x64\jre\21.0.9-win32-x86_64\bin\server;C:\Users\sinha\AppData\Roaming\Code\User\globalStorage\redhat.java\1.50.0\config_win\org.eclipse.equinox.launcher\org.eclipse.equinox.launcher.win32.win32.x86_64_1.2.1400.v20250801-0854;C:\Users\sinha\AppData\Local\Temp\jna-109442001

VM Arguments:
jvm_args: --add-modules=ALL-SYSTEM --add-opens=java.base/java.util=ALL-UNNAMED --add-opens=java.base/java.lang=ALL-UNNAMED --add-opens=java.base/sun.nio.fs=ALL-UNNAMED -Declipse.application=org.eclipse.jdt.ls.core.id1 -Dosgi.bundles.defaultStartLevel=4 -Declipse.product=org.eclipse.jdt.ls.core.product -Djava.import.generatesMetadataFilesAtProjectRoot=false -DDetectVMInstallationsJob.disabled=true -Dfile.encoding=utf8 -XX:+UseParallelGC -XX:GCTimeRatio=4 -XX:AdaptiveSizePolicyWeight=90 -Dsun.zip.disableMemoryMapping=true -Xmx2G -Xms100m -Xlog:disable -javaagent:c:\Users\sinha\.vscode\extensions\redhat.java-1.50.0-win32-x64\lombok\lombok-1.18.39-4050.jar -XX:+HeapDumpOnOutOfMemoryError -XX:HeapDumpPath=c:\Users\sinha\AppData\Roaming\Code\User\workspaceStorage\e2c8a529bdc3df820550f1f817b46aa4\redhat.java -Daether.dependencyCollector.impl=bf 
java_command: c:\Users\sinha\.vscode\extensions\redhat.java-1.50.0-win32-x64\server\plugins\org.eclipse.equinox.launcher_1.7.100.v20251111-0406.jar -configuration c:\Users\sinha\AppData\Roaming\Code\User\globalStorage\redhat.java\1.50.0\config_win -data c:\Users\sinha\AppData\Roaming\Code\User\workspaceStorage\e2c8a529bdc3df820550f1f817b46aa4\redhat.java\jdt_ws --pipe=\\.\pipe\lsp-413ee59bb06b7cee20d3be45b8d2562f-sock
java_class_path (initial): c:\Users\sinha\.vscode\extensions\redhat.java-1.50.0-win32-x64\server\plugins\org.eclipse.equinox.launcher_1.7.100.v20251111-0406.jar
Launcher Type: SUN_STANDARD

[Global flags]
    uintx AdaptiveSizePolicyWeight                 = 90                                        {product} {command line}
     intx CICompilerCount                          = 4                                         {product} {ergonomic}
    uintx GCTimeRatio                              = 4                                         {product} {command line}
     bool HeapDumpOnOutOfMemoryError               = true                                   {manageable} {command line}
    ccstr HeapDumpPath                             = c:\Users\sinha\AppData\Roaming\Code\User\workspaceStorage\e2c8a529bdc3df820550f1f817b46aa4\redhat.java         {manageable} {command line}
   size_t InitialHeapSize                          = 104857600                                 {product} {command line}
   size_t MaxHeapSize                              = 2147483648                                {product} {command line}
   size_t MaxNewSize                               = 715653120                                 {product} {ergonomic}
   size_t MinHeapDeltaBytes                        = 524288                                    {product} {ergonomic}
   size_t MinHeapSize                              = 104857600                                 {product} {command line}
   size_t NewSize                                  = 34603008                                  {product} {ergonomic}
    uintx NonNMethodCodeHeapSize                   = 5839372                                {pd product} {ergonomic}
    uintx NonProfiledCodeHeapSize                  = 122909434                              {pd product} {ergonomic}
   size_t OldSize                                  = 70254592                                  {product} {ergonomic}
    uintx ProfiledCodeHeapSize                     = 122909434                              {pd product} {ergonomic}
    uintx ReservedCodeCacheSize                    = 251658240                              {pd product} {ergonomic}
     bool SegmentedCodeCache                       = true                                      {product} {ergonomic}
   size_t SoftMaxHeapSize                          = 2147483648                             {manageable} {ergonomic}
     bool UseCompressedOops                        = true                           {product lp64_product} {ergonomic}
     bool UseLargePagesIndividualAllocation        = false                                  {pd product} {ergonomic}
     bool UseParallelGC                            = true                                      {product} {command line}

Logging:
Log output configuration:
 #0: stdout all=off uptime,level,tags foldmultilines=false
 #1: stderr all=off uptime,level,tags foldmultilines=false

Release file:
JAVA_VERSION="21.0.9" 
MODULES="java.base java.compiler java.datatransfer java.xml java.prefs java.desktop java.instrument java.logging java.management java.security.sasl java.naming java.rmi java.management.rmi java.net.http java.scripting java.security.jgss java.transaction.xa java.sql java.sql.rowset java.xml.crypto java.se java.smartcardio jdk.accessibility jdk.internal.jvmstat jdk.attach jdk.charsets jdk.internal.opt jdk.zipfs jdk.compiler jdk.crypto.ec jdk.crypto.cryptoki jdk.crypto.mscapi jdk.dynalink jdk.internal.ed jdk.editpad jdk.hotspot.agent jdk.httpserver jdk.internal.le jdk.internal.vm.ci jdk.internal.vm.compiler jdk.internal.vm.compiler.management jdk.jartool jdk.javadoc jdk.jcmd jdk.management jdk.management.agent jdk.jconsole jdk.jdeps jdk.jdwp.agent jdk.jdi jdk.jfr jdk.jshell jdk.jsobject jdk.jstatd jdk.localedata jdk.management.jfr jdk.naming.dns jdk.naming.rmi jdk.net jdk.nio.mapmode jdk.random jdk.sctp jdk.security.auth jdk.security.jgss jdk.unsupported jdk.unsupported.desktop jdk.xml.dom" 

Environment Variables:
JAVA_HOME=C:\Program Files\Eclipse Adoptium\jdk-17.0.17.10-hotspot
PATH=C:\Program Files\Eclipse Adoptium\jdk-17.0.17.10-hotspot\bin;C:\Program Files\Eclipse Adoptium\jdk-25.0.1.8-hotspot\bin;C:\Python311\Scripts\;C:\Python311\;C:\Program Files (x86)\Common Files\Oracle\Java\javapath;C:\WINDOWS\system32;C:\WINDOWS;C:\WINDOWS\System32\Wbem;C:\WINDOWS\System32\WindowsPowerShell\v1.0\;C:\WINDOWS\System32\OpenSSH\;C:\MinGW\bin;C:\Program Files\Git\cmd;C:\Program Files\dotnet\;C:\ProgramData\chocolatey\bin;C:\Program Files (x86)\Microsoft SQL Server\160\Tools\Binn\;C:\Program Files\Microsoft SQL Server\160\Tools\Binn\;C:\Program Files\Microsoft SQL Server\Client SDK\ODBC\170\Tools\Binn\;C:\Program Files\Microsoft SQL Server\160\DTS\Binn\;C:\Program Files\nodejs\;C:\Program Files\GitHub CLI\;C:\Maven\apache-maven-3.9.11-bin\apache-maven-3.9.11\bin;C:\Program Files\Eclipse Adoptium\jdk-17.0.17.10-hotspot\bin;C:\Program Files\MySQL\MySQL Shell 8.0\bin\;C:\Users\sinha\AppData\Local\Microsoft\WindowsApps;;C:\Users\sinha\AppData\Local\Programs\Microsoft VS Code\bin;C:\Users\sinha\AppData\Local\hyper\app-3.0.2\resources\bin;C:\Program Files\heroku\bin;C:\Users\sinha\AppData\Roaming\npm;C:\Users\sinha\AppData\Local\Programs\cursor\resources\app\bin;C:\Program Files\Processing\;C:\Program Files\Eclipse Adoptium\jdk-17.0.17.10-hotspot\bin
USERNAME=sinha
OS=Windows_NT
PROCESSOR_IDENTIFIER=AMD64 Family 23 Model 24 Stepping 1, AuthenticAMD
TMP=C:\Users\sinha\AppData\Local\Temp
TEMP=C:\Users\sinha\AppData\Local\Temp




Periodic native trim disabled

---------------  S Y S T E M  ---------------

OS:
 Windows 11 , 64 bit Build 26100 (10.0.26100.7019)
OS uptime: 6 days 0:33 hours

CPU: total 8 (initial active 8) (8 cores per cpu, 2 threads per core) family 23 model 24 stepping 1 microcode 0x810810e, cx8, cmov, fxsr, ht, mmx, 3dnowpref, sse, sse2, sse3, ssse3, sse4a, sse4.1, sse4.2, popcnt, lzcnt, tsc, tscinvbit, avx, avx2, aes, clmul, bmi1, bmi2, adx, sha, fma, vzeroupper, clflush, clflushopt, rdtscp, f16c
Processor Information for the first 8 processors :
  Max Mhz: 2100, Current Mhz: 2100, Mhz Limit: 2100

Memory: 4k page, system-wide physical 6030M (550M free)
TotalPageFile size 24462M (AvailPageFile size 13M)
current process WorkingSet (physical memory assigned to process): 622M, peak: 648M
current process commit charge ("private bytes"): 719M, peak: 731M

vm_info: OpenJDK 64-Bit Server VM (21.0.9+10-LTS) for windows-amd64 JRE (21.0.9+10-LTS), built on 2025-10-21T00:00:00Z by "admin" with unknown MS VC++:1942

END.
